#
# A fatal error has been detected by the Java Runtime Environment:
#
#  SIGSEGV (0xb) at pc=0x00000001365a6444, pid=2703, tid=0x000000000001220b
#
# JRE version: Java(TM) SE Runtime Environment (8.0_112-b16) (build 1.8.0_112-b16)
# Java VM: Java HotSpot(TM) 64-Bit Server VM (25.112-b16 mixed mode bsd-amd64 compressed oops)
# Problematic frame:
# C  [libSimTKcommon.3.8.dylib+0x1a6444]  SimTK::System::getDefaultSubsystem() const+0x4
#
# Failed to write core dump. Core dumps have been disabled. To enable core dumping, try "ulimit -c unlimited" before starting Java again
#
# If you would like to submit a bug report, please visit:
#   http://bugreport.java.com/bugreport/crash.jsp
# The crash happened outside the Java Virtual Machine in native code.
# See problematic frame for where to report the bug.
#

---------------  T H R E A D  ---------------

Current thread (0x00007fbfe3a26000):  JavaThread "AWT-EventQueue-0" [_thread_in_native, id=74251, stack(0x000070000dec0000,0x000070000dfc0000)]

siginfo: si_signo: 11 (SIGSEGV), si_code: 1 (SEGV_MAPERR), si_addr: 0x0000010100000001

Registers:
RAX=0x0000010100000001, RBX=0x000000014e498110, RCX=0x000070000dfbe8c8, RDX=0x00007fbfd3abb3b0
RSP=0x000070000dfbe750, RBP=0x000070000dfbe750, RSI=0x00007fbfebb4aa48, RDI=0x0000010100000001
R8 =0x00007fbfebb4aa48, R9 =0x000070000dfbe8b0, R10=0x0000000111c4c9c8, R11=0x00000001048e445f
R12=0x00007fbfe3a261f8, R13=0x000000014e498110, R14=0x00007fbfebb4aa48, R15=0x00007fbfd3abb3b0
RIP=0x00000001365a6444, EFLAGS=0x0000000000010202, ERR=0x0000000000000004
  TRAPNO=0x000000000000000e

Top of Stack: (sp=0x000070000dfbe750)
0x000070000dfbe750:   000070000dfbe7e0 00000001354089a0
0x000070000dfbe760:   000070000dfbe840 00000001046c0c24
0x000070000dfbe770:   0000000107ce3578 00007fbfe3a26000
0x000070000dfbe780:   00000007ab14d8e0 000070000dfbe8f8
0x000070000dfbe790:   00007fbfe1776538 0000000107ce3578
0x000070000dfbe7a0:   000070000dfbe880 00000001046c0c24
0x000070000dfbe7b0:   000070000dfbe7e0 00007fff69858d7a
0x000070000dfbe7c0:   00000007ab140188 000000014e498110
0x000070000dfbe7d0:   000070000dfbe8d8 00007fbfe3a26000
0x000070000dfbe7e0:   000070000dfbe810 00000001344c2a0e
0x000070000dfbe7f0:   000000014e498110 0000000000000000
0x000070000dfbe800:   000070000dfbe8d8 00007fbfe3a26000
0x000070000dfbe810:   000070000dfbe890 0000000111c4c9f4
0x000070000dfbe820:   000070000dfbe870 0000000112d00c8e
0x000070000dfbe830:   00000007c09d24a0 00000007ab14d6a0
0x000070000dfbe840:   000070000dfbe860 00000001048de04f
0x000070000dfbe850:   000070000dfbe850 0000000000000000
0x000070000dfbe860:   000070000dfbe8d8 000000014e5cf978
0x000070000dfbe870:   0000000000000000 000000014e498110
0x000070000dfbe880:   0000000000000000 000070000dfbe8b0
0x000070000dfbe890:   000070000dfbe930 0000000111c3cdd0
0x000070000dfbe8a0:   00000007803a8cb0 0000000111c46537
0x000070000dfbe8b0:   0000000781a33250 00007fbfebb4aa48
0x000070000dfbe8c0:   0000000781a33250 0000000781a33600
0x000070000dfbe8d0:   00007fbfd3abb3b0 00000007ab14d4a8
0x000070000dfbe8e0:   00000007ab14dbf8 00000007ab14dbf8
0x000070000dfbe8f0:   000070000dfbe8f0 000000014e61128e
0x000070000dfbe900:   000070000dfbe948 00000001719825b8
0x000070000dfbe910:   0000000000000000 000000014e6112b8
0x000070000dfbe920:   000070000dfbe8b0 000070000dfbe940
0x000070000dfbe930:   000070000dfbe990 0000000111c3d040
0x000070000dfbe940:   0000000781a33250 0000000781a33600 

Instructions: (pc=0x00000001365a6444)
0x00000001365a6424:   48 8b 47 08 48 63 ce 48 8b 40 38 48 8b 04 c8 5d
0x00000001365a6434:   c3 66 66 2e 0f 1f 84 00 00 00 00 00 55 48 89 e5
0x00000001365a6444:   48 8b 07 48 8b 40 08 48 8b 40 38 48 8b 00 5d c3
0x00000001365a6454:   66 66 66 2e 0f 1f 84 00 00 00 00 00 55 48 89 e5 

Register to memory mapping:

RAX=0x0000010100000001 is an unknown value
RBX={method} {0x000000014e498110} 'Frame_getTransformInGround' '(JLorg/opensim/modeling/Frame;JLorg/opensim/modeling/State;)J' in 'org/opensim/modeling/opensimSimulationJNI'
RCX=0x000070000dfbe8c8 is pointing into the stack for thread: 0x00007fbfe3a26000
RDX=0x00007fbfd3abb3b0 is an unknown value
RSP=0x000070000dfbe750 is pointing into the stack for thread: 0x00007fbfe3a26000
RBP=0x000070000dfbe750 is pointing into the stack for thread: 0x00007fbfe3a26000
RSI=0x00007fbfebb4aa48 is an unknown value
RDI=0x0000010100000001 is an unknown value
R8 =0x00007fbfebb4aa48 is an unknown value
R9 =0x000070000dfbe8b0 is pointing into the stack for thread: 0x00007fbfe3a26000
R10=0x0000000111c4c9c8 is at code_begin+808 in an Interpreter codelet
method entry point (kind = native)  [0x0000000111c4c6a0, 0x0000000111c4cfa0]  2304 bytes
R11=0x00000001048e445f: throw_unsatisfied_link_error+0 in /Applications/OpenSim 4.1/OpenSim 4.1.app/Contents/Resources/OpenSim/jre/lib/server/libjvm.dylib at 0x0000000104400000
R12=0x00007fbfe3a261f8 is an unknown value
R13={method} {0x000000014e498110} 'Frame_getTransformInGround' '(JLorg/opensim/modeling/Frame;JLorg/opensim/modeling/State;)J' in 'org/opensim/modeling/opensimSimulationJNI'
R14=0x00007fbfebb4aa48 is an unknown value
R15=0x00007fbfd3abb3b0 is an unknown value


Stack: [0x000070000dec0000,0x000070000dfc0000],  sp=0x000070000dfbe750,  free space=1017k
Native frames: (J=compiled Java code, j=interpreted, Vv=VM code, C=native code)
C  [libSimTKcommon.3.8.dylib+0x1a6444]  SimTK::System::getDefaultSubsystem() const+0x4
C  [libosimSimulation.dylib+0x1519a0]  OpenSim::Frame::getTransformInGround(SimTK::State const&) const+0x20
C  [libosimJavaJNI.dylib+0x282a0e]  Java_org_opensim_modeling_opensimSimulationJNI_Frame_1getTransformInGround+0x1e
j  org.opensim.modeling.opensimSimulationJNI.Frame_getTransformInGround(JLorg/opensim/modeling/Frame;JLorg/opensim/modeling/State;)J+0
j  org.opensim.modeling.Frame.getTransformInGround(Lorg/opensim/modeling/State;)Lorg/opensim/modeling/Transform;+14
j  org.opensim.threejs.ModelVisualizationJson.appendToFrame(Lorg/json/simple/JSONArray;ZLorg/json/simple/JSONArray;)V+122
j  org.opensim.threejs.ModelVisualizationJson.createFrameMessageJson(ZZ)Lorg/json/simple/JSONObject;+105
j  org.opensim.view.pub.ViewDB.updateModelDisplayNoRepaint(Lorg/opensim/modeling/Model;ZZ)V+26
j  org.opensim.view.motions.JavaMotionDisplayerCallback$1.run()V+97
J 7280 C2 java.awt.event.InvocationEvent.dispatch()V (69 bytes) @ 0x000000011317e6f8 [0x000000011317e660+0x98]
J 7886 C2 java.awt.EventQueue$3.run()Ljava/lang/Object; (5 bytes) @ 0x000000011235e204 [0x000000011235df20+0x2e4]
v  ~StubRoutines::call_stub
V  [libjvm.dylib+0x2edbd2]  JavaCalls::call_helper(JavaValue*, methodHandle*, JavaCallArguments*, Thread*)+0x6ae
V  [libjvm.dylib+0x34e310]  JVM_DoPrivileged+0x4b8
J 966  java.security.AccessController.doPrivileged(Ljava/security/PrivilegedAction;Ljava/security/AccessControlContext;)Ljava/lang/Object; (0 bytes) @ 0x0000000111fd9dd5 [0x0000000111fd9d00+0xd5]
J 7233 C2 org.netbeans.core.TimableEventQueue.dispatchEvent(Ljava/awt/AWTEvent;)V (43 bytes) @ 0x000000011316f78c [0x000000011316f040+0x74c]
J 7889 C2 java.awt.EventDispatchThread.pumpOneEventForFilters(I)V (295 bytes) @ 0x0000000113355438 [0x00000001133545e0+0xe58]
j  java.awt.EventDispatchThread.pumpEventsForFilter(ILjava/awt/Conditional;Ljava/awt/EventFilter;)V+35
j  java.awt.EventDispatchThread.pumpEventsForHierarchy(ILjava/awt/Conditional;Ljava/awt/Component;)V+11
j  java.awt.EventDispatchThread.pumpEvents(ILjava/awt/Conditional;)V+4
j  java.awt.EventDispatchThread.pumpEvents(Ljava/awt/Conditional;)V+3
j  java.awt.EventDispatchThread.run()V+9
v  ~StubRoutines::call_stub
V  [libjvm.dylib+0x2edbd2]  JavaCalls::call_helper(JavaValue*, methodHandle*, JavaCallArguments*, Thread*)+0x6ae
V  [libjvm.dylib+0x2ee360]  JavaCalls::call_virtual(JavaValue*, KlassHandle, Symbol*, Symbol*, JavaCallArguments*, Thread*)+0x164
V  [libjvm.dylib+0x2ee50c]  JavaCalls::call_virtual(JavaValue*, Handle, KlassHandle, Symbol*, Symbol*, Thread*)+0x4a
V  [libjvm.dylib+0x348c59]  thread_entry(JavaThread*, Thread*)+0x7c
V  [libjvm.dylib+0x56b033]  JavaThread::thread_main_inner()+0x9b
V  [libjvm.dylib+0x56c720]  JavaThread::run()+0x1c2
V  [libjvm.dylib+0x48a7ae]  java_start(Thread*)+0xf6
C  [libsystem_pthread.dylib+0x6109]  _pthread_start+0x94
C  [libsystem_pthread.dylib+0x1b8b]  thread_start+0xf
C  0x0000000000000000

Java frames: (J=compiled Java code, j=interpreted, Vv=VM code)
j  org.opensim.modeling.opensimSimulationJNI.Frame_getTransformInGround(JLorg/opensim/modeling/Frame;JLorg/opensim/modeling/State;)J+0
j  org.opensim.modeling.Frame.getTransformInGround(Lorg/opensim/modeling/State;)Lorg/opensim/modeling/Transform;+14
j  org.opensim.threejs.ModelVisualizationJson.appendToFrame(Lorg/json/simple/JSONArray;ZLorg/json/simple/JSONArray;)V+122
j  org.opensim.threejs.ModelVisualizationJson.createFrameMessageJson(ZZ)Lorg/json/simple/JSONObject;+105
j  org.opensim.view.pub.ViewDB.updateModelDisplayNoRepaint(Lorg/opensim/modeling/Model;ZZ)V+26
j  org.opensim.view.motions.JavaMotionDisplayerCallback$1.run()V+97
J 7280 C2 java.awt.event.InvocationEvent.dispatch()V (69 bytes) @ 0x000000011317e6f8 [0x000000011317e660+0x98]
J 7886 C2 java.awt.EventQueue$3.run()Ljava/lang/Object; (5 bytes) @ 0x000000011235e204 [0x000000011235df20+0x2e4]
v  ~StubRoutines::call_stub
J 966  java.security.AccessController.doPrivileged(Ljava/security/PrivilegedAction;Ljava/security/AccessControlContext;)Ljava/lang/Object; (0 bytes) @ 0x0000000111fd9d63 [0x0000000111fd9d00+0x63]
J 7233 C2 org.netbeans.core.TimableEventQueue.dispatchEvent(Ljava/awt/AWTEvent;)V (43 bytes) @ 0x000000011316f78c [0x000000011316f040+0x74c]
J 7889 C2 java.awt.EventDispatchThread.pumpOneEventForFilters(I)V (295 bytes) @ 0x0000000113355438 [0x00000001133545e0+0xe58]
j  java.awt.EventDispatchThread.pumpEventsForFilter(ILjava/awt/Conditional;Ljava/awt/EventFilter;)V+35
j  java.awt.EventDispatchThread.pumpEventsForHierarchy(ILjava/awt/Conditional;Ljava/awt/Component;)V+11
j  java.awt.EventDispatchThread.pumpEvents(ILjava/awt/Conditional;)V+4
j  java.awt.EventDispatchThread.pumpEvents(Ljava/awt/Conditional;)V+3
j  java.awt.EventDispatchThread.run()V+9
v  ~StubRoutines::call_stub

---------------  P R O C E S S  ---------------

Java Threads: ( => current thread )
  0x00007fbfecce1000 JavaThread "Timer-1" [_thread_blocked, id=136855, stack(0x000070001ab12000,0x000070001ac12000)]
  0x00007fbfee2bd000 JavaThread "Thread-21" [_thread_blocked, id=32499, stack(0x0000700019906000,0x0000700019a06000)]
  0x00007fbfeb89e800 JavaThread "qtp1685088267-79" [_thread_blocked, id=140307, stack(0x0000700019a09000,0x0000700019b09000)]
  0x00007fbfe1cb7000 JavaThread "Scheduler-561179361" [_thread_blocked, id=63271, stack(0x000070000e7de000,0x000070000e8de000)]
  0x00007fbfebcc3800 JavaThread "IPC Sync Events Thread" [_thread_blocked, id=139083, stack(0x000070000e6db000,0x000070000e7db000)]
  0x00007fbfe24ed000 JavaThread "Inactive RequestProcessor thread [Was:Folder Instance Processor/org.openide.loaders.FolderInstance$1R]" daemon [_thread_blocked, id=139307, stack(0x0000700019000000,0x0000700019100000)]
  0x00007fbfec92f000 JavaThread "org.python.google.common.base.internal.Finalizer" daemon [_thread_blocked, id=138271, stack(0x0000700018efd000,0x0000700018ffd000)]
  0x00007fbfe3a8d000 JavaThread "pool-5-thread-2" [_thread_blocked, id=165895, stack(0x0000700018dfa000,0x0000700018efa000)]
  0x00007fbfec8f7800 JavaThread "pool-5-thread-1" [_thread_blocked, id=134671, stack(0x0000700018cf7000,0x0000700018df7000)]
  0x00007fbfee072000 JavaThread "qtp1685088267-56" [_thread_blocked, id=136451, stack(0x0000700018bf4000,0x0000700018cf4000)]
  0x00007fbfe2878800 JavaThread "qtp1685088267-55" [_thread_in_native, id=167171, stack(0x0000700018af1000,0x0000700018bf1000)]
  0x00007fbfee06f000 JavaThread "qtp1685088267-54" [_thread_in_native, id=167683, stack(0x00007000189ee000,0x0000700018aee000)]
  0x00007fbfee06e800 JavaThread "qtp1685088267-53" [_thread_blocked, id=135939, stack(0x00007000188eb000,0x00007000189eb000)]
  0x00007fbfe2881000 JavaThread "qtp1685088267-52" [_thread_blocked, id=167939, stack(0x00007000187e8000,0x00007000188e8000)]
  0x00007fbfe18c5800 JavaThread "qtp1685088267-51-acceptor-0@63cf0f9f-ServerConnector@6d08fd96{HTTP/1.1,[http/1.1]}{0.0.0.0:8002}" [_thread_in_native, id=168451, stack(0x00007000186e5000,0x00007000187e5000)]
  0x00007fbfebb07800 JavaThread "qtp1685088267-50" [_thread_blocked, id=168963, stack(0x00007000185e2000,0x00007000186e2000)]
  0x00007fbfe2871800 JavaThread "qtp1685088267-49" [_thread_blocked, id=169223, stack(0x00007000184df000,0x00007000185df000)]
  0x00007fbfee049800 JavaThread "Thread-7" [_thread_blocked, id=169523, stack(0x00007000183dc000,0x00007000184dc000)]
  0x00007fbfe2ef5800 JavaThread "Browser Events Thread" [_thread_blocked, id=169991, stack(0x00007000182d9000,0x00007000183d9000)]
  0x00007fbfe1ba6800 JavaThread "IPC Sync Events Thread" [_thread_blocked, id=134407, stack(0x00007000181d6000,0x00007000182d6000)]
  0x00007fbfe3859000 JavaThread "IPC Sync Events Thread" [_thread_blocked, id=133891, stack(0x00007000180d3000,0x00007000181d3000)]
  0x00007fbfe2f56800 JavaThread "Memory Writer SocketInfo{cid=0, bid=0, channelType=Render}" [_thread_blocked, id=171779, stack(0x0000700017fd0000,0x00007000180d0000)]
  0x00007fbfe20db800 JavaThread "Socket Connection Checker SocketInfo{cid=0, bid=0, channelType=Render}" [_thread_in_native, id=133635, stack(0x0000700017ecd000,0x0000700017fcd000)]
  0x00007fbfe2f56000 JavaThread "IPC Memory Reader Thread" [_thread_in_native, id=108555, stack(0x0000700017e4a000,0x0000700017eca000)]
  0x00007fbfe2f54000 JavaThread "IPC Async Events Thread" [_thread_blocked, id=112131, stack(0x0000700017d47000,0x0000700017e47000)]
  0x00007fbfe3853800 JavaThread "Memory Writer SocketInfo{cid=0, bid=0, channelType=Browser}" [_thread_blocked, id=116483, stack(0x00007000172b8000,0x00007000173b8000)]
  0x00007fbfe3851800 JavaThread "Socket Connection Checker SocketInfo{cid=0, bid=0, channelType=Browser}" [_thread_in_native, id=116995, stack(0x00007000171b5000,0x00007000172b5000)]
  0x00007fbfe2f4c800 JavaThread "IPC Memory Reader Thread" [_thread_in_native, id=100355, stack(0x00007000170af000,0x000070001712f000)]
  0x00007fbfe384f000 JavaThread "IPC Async Events Thread" [_thread_blocked, id=119819, stack(0x00007000166a3000,0x00007000167a3000)]
  0x00007fbfe285e800 JavaThread "Memory Writer SocketInfo{cid=0, bid=-1, channelType=Main}" [_thread_blocked, id=120067, stack(0x0000700015d9d000,0x0000700015e9d000)]
  0x00007fbfe384d000 JavaThread "Socket Connection Checker SocketInfo{cid=0, bid=-1, channelType=Main}" [_thread_in_native, id=120323, stack(0x0000700015c9a000,0x0000700015d9a000)]
  0x00007fbfe18b6000 JavaThread "IPC Memory Reader Thread" [_thread_in_native, id=121347, stack(0x0000700015b94000,0x0000700015c14000)]
  0x00007fbfe1810000 JavaThread "IPC Process Thread" daemon [_thread_in_native, id=69423, stack(0x000070000e9e4000,0x000070000eae4000)]
  0x00007fbfebaf8800 JavaThread "IPC Server Thread" daemon [_thread_in_native, id=71179, stack(0x000070000e8e1000,0x000070000e9e1000)]
  0x00007fbfe19df000 JavaThread "process reaper" daemon [_thread_blocked, id=45151, stack(0x000070000dab4000,0x000070000dadc000)]
  0x00007fbfe28aa800 JavaThread "DestroyJavaVM" [_thread_blocked, id=3331, stack(0x000070000c4e9000,0x000070000c5e9000)]
  0x00007fbfe224e000 JavaThread "TimerQueue" daemon [_thread_blocked, id=62467, stack(0x000070000e5d8000,0x000070000e6d8000)]
  0x00007fbfe1a17800 JavaThread "Thread-4" daemon [_thread_blocked, id=70915, stack(0x000070000e4d5000,0x000070000e5d5000)]
  0x00007fbfeba43800 JavaThread "Timer-0" daemon [_thread_blocked, id=60439, stack(0x000070000e3d2000,0x000070000e4d2000)]
  0x00007fbfe1c2b000 JavaThread "File Watcher" daemon [_thread_blocked, id=71703, stack(0x000070000e2cf000,0x000070000e3cf000)]
  0x00007fbfe2a16800 JavaThread "Thread-1" daemon [_thread_in_native, id=72331, stack(0x000070000e1cc000,0x000070000e2cc000)]
  0x00007fbfe3cab800 JavaThread "Inactive RequestProcessor thread [Was:TimedSoftReference/org.openide.util.TimedSoftReference]" daemon [_thread_blocked, id=57835, stack(0x000070000e0c9000,0x000070000e1c9000)]
=>0x00007fbfe3a26000 JavaThread "AWT-EventQueue-0" [_thread_in_native, id=74251, stack(0x000070000dec0000,0x000070000dfc0000)]
  0x00007fbfe1ad1800 JavaThread "Java2D Disposer" daemon [_thread_blocked, id=77331, stack(0x000070000ddbd000,0x000070000debd000)]
  0x00007fbfe1aa5800 JavaThread "Java2D Queue Flusher" daemon [_thread_blocked, id=51207, stack(0x000070000dcba000,0x000070000ddba000)]
  0x00007fbfe29cf000 JavaThread "RequestProcessor queue manager" daemon [_thread_blocked, id=80899, stack(0x000070000dbb7000,0x000070000dcb7000)]
  0x00007fbfe22e5000 JavaThread "Inactive RequestProcessor thread [Was:Folder recognizer/org.openide.loaders.FolderList$ListTask]" daemon [_thread_blocked, id=81923, stack(0x000070000d9b1000,0x000070000dab1000)]
  0x00007fbfe22cd000 JavaThread "AWT-Shutdown" [_thread_blocked, id=25891, stack(0x000070000d6a2000,0x000070000d7a2000)]
  0x00007fbfe39dc800 JavaThread "AppKit Thread" daemon [_thread_in_native, id=775, stack(0x00007ffeeba02000,0x00007ffeec202000)]
  0x00007fbfe3967800 JavaThread "CLI Requests Server" daemon [_thread_in_native, id=16131, stack(0x000070000d51c000,0x000070000d61c000)]
  0x00007fbfe38b7000 JavaThread "Active Reference Queue Daemon" daemon [_thread_blocked, id=13827, stack(0x000070000d419000,0x000070000d519000)]
  0x00007fbfe2030000 JavaThread "Service Thread" daemon [_thread_blocked, id=13059, stack(0x000070000d213000,0x000070000d313000)]
  0x00007fbfe282b800 JavaThread "C1 CompilerThread2" daemon [_thread_blocked, id=16643, stack(0x000070000d110000,0x000070000d210000)]
  0x00007fbfe282a800 JavaThread "C2 CompilerThread1" daemon [_thread_blocked, id=17155, stack(0x000070000d00d000,0x000070000d10d000)]
  0x00007fbfe1855000 JavaThread "C2 CompilerThread0" daemon [_thread_blocked, id=17667, stack(0x000070000cf0a000,0x000070000d00a000)]
  0x00007fbfe3820000 JavaThread "Signal Dispatcher" daemon [_thread_blocked, id=12547, stack(0x000070000ce07000,0x000070000cf07000)]
  0x00007fbfe183a800 JavaThread "Finalizer" daemon [_thread_blocked, id=11779, stack(0x000070000cbfe000,0x000070000ccfe000)]
  0x00007fbfe2017800 JavaThread "Reference Handler" daemon [_thread_blocked, id=21251, stack(0x000070000cafb000,0x000070000cbfb000)]

Other Threads:
  0x00007fbfe2015000 VMThread [stack: 0x000070000c9f8000,0x000070000caf8000] [id=11011]
  0x00007fbfe283e800 WatcherThread [stack: 0x000070000d316000,0x000070000d416000] [id=13315]

VM state:not at safepoint (normal execution)

VM Mutex/Monitor currently owned by a thread: None

Heap:
 PSYoungGen      total 95744K, used 14525K [0x00000007aab00000, 0x00000007b2580000, 0x00000007c0000000)
  eden space 77312K, 10% used [0x00000007aab00000,0x00000007ab2bb010,0x00000007af680000)
  from space 18432K, 35% used [0x00000007b1380000,0x00000007b19f45f8,0x00000007b2580000)
  to   space 24064K, 0% used [0x00000007af680000,0x00000007af680000,0x00000007b0e00000)
 ParOldGen       total 178688K, used 100503K [0x0000000780000000, 0x000000078ae80000, 0x00000007aab00000)
  object space 178688K, 56% used [0x0000000780000000,0x0000000786225c18,0x000000078ae80000)
 Metaspace       used 62679K, capacity 65577K, committed 65920K, reserved 1103872K
  class space    used 9718K, capacity 10576K, committed 10624K, reserved 1048576K

Card table byte_map: [0x0000000105762000,0x0000000105963000] byte_map_base: 0x0000000101b62000

Marking Bits: (ParMarkBitMap*) 0x0000000104cf0d30
 Begin Bits: [0x0000000105ab9000, 0x0000000106ab9000)
 End Bits:   [0x0000000106ab9000, 0x0000000107ab9000)

Polling page: 0x0000000103a6c000

CodeCache: size=245760Kb used=23445Kb max_used=23557Kb free=222315Kb
 bounds [0x0000000111c35000, 0x0000000113375000, 0x0000000120c35000]
 total_blobs=7747 nmethods=6810 adapters=847
 compilation: enabled

Compilation events (10 events):
Event: 62.780 Thread 0x00007fbfe282b800 7916       3       java.nio.Bits::putLongB (89 bytes)
Event: 62.781 Thread 0x00007fbfe282b800 nmethod 7916 0x000000011202b4d0 code [0x000000011202b6e0, 0x000000011202c1d8]
Event: 62.781 Thread 0x00007fbfe282b800 7917       3       java.nio.Bits::long7 (7 bytes)
Event: 62.781 Thread 0x00007fbfe282b800 nmethod 7917 0x0000000112bb6e10 code [0x0000000112bb6f60, 0x0000000112bb70b0]
Event: 62.814 Thread 0x00007fbfe282b800 7918       3       java.nio.HeapByteBuffer::getDouble (19 bytes)
Event: 62.817 Thread 0x00007fbfe282b800 nmethod 7918 0x0000000111fe9710 code [0x0000000111fe98c0, 0x0000000111fe9dc8]
Event: 62.817 Thread 0x00007fbfe282b800 7920       3       java.nio.HeapByteBuffer::putDouble (21 bytes)
Event: 62.820 Thread 0x00007fbfe282b800 nmethod 7920 0x00000001120dda10 code [0x00000001120ddbc0, 0x00000001120de108]
Event: 62.820 Thread 0x00007fbfe282b800 7919       3       java.nio.Bits::getDouble (18 bytes)
Event: 62.822 Thread 0x00007fbfe282b800 nmethod 7919 0x0000000112a4dd10 code [0x0000000112a4dea0, 0x0000000112a4e178]

GC Heap History (10 events):
Event: 26.314 GC heap before
{Heap before GC invocations=27 (full 6):
 PSYoungGen      total 85504K, used 64139K [0x00000007aab00000, 0x00000007b1e00000, 0x00000007c0000000)
  eden space 60928K, 93% used [0x00000007aab00000,0x00000007ae2af7e8,0x00000007ae680000)
  from space 24576K, 28% used [0x00000007ae680000,0x00000007aed737c0,0x00000007afe80000)
  to   space 23040K, 0% used [0x00000007b0780000,0x00000007b0780000,0x00000007b1e00000)
 ParOldGen       total 142848K, used 134735K [0x0000000780000000, 0x0000000788b80000, 0x00000007aab00000)
  object space 142848K, 94% used [0x0000000780000000,0x0000000788393fe0,0x0000000788b80000)
 Metaspace       used 60880K, capacity 63503K, committed 63872K, reserved 1103872K
  class space    used 9525K, capacity 10317K, committed 10368K, reserved 1048576K
Event: 26.449 GC heap after
Heap after GC invocations=27 (full 6):
 PSYoungGen      total 85504K, used 0K [0x00000007aab00000, 0x00000007b1e00000, 0x00000007c0000000)
  eden space 60928K, 0% used [0x00000007aab00000,0x00000007aab00000,0x00000007ae680000)
  from space 24576K, 0% used [0x00000007ae680000,0x00000007ae680000,0x00000007afe80000)
  to   space 23040K, 0% used [0x00000007b0780000,0x00000007b0780000,0x00000007b1e00000)
 ParOldGen       total 157184K, used 80814K [0x0000000780000000, 0x0000000789980000, 0x00000007aab00000)
  object space 157184K, 51% used [0x0000000780000000,0x0000000784eebaa0,0x0000000789980000)
 Metaspace       used 60880K, capacity 63503K, committed 63872K, reserved 1103872K
  class space    used 9525K, capacity 10317K, committed 10368K, reserved 1048576K
}
Event: 26.779 GC heap before
{Heap before GC invocations=28 (full 6):
 PSYoungGen      total 85504K, used 51643K [0x00000007aab00000, 0x00000007b1e00000, 0x00000007c0000000)
  eden space 60928K, 84% used [0x00000007aab00000,0x00000007add6ed30,0x00000007ae680000)
  from space 24576K, 0% used [0x00000007ae680000,0x00000007ae680000,0x00000007afe80000)
  to   space 23040K, 0% used [0x00000007b0780000,0x00000007b0780000,0x00000007b1e00000)
 ParOldGen       total 157184K, used 80814K [0x0000000780000000, 0x0000000789980000, 0x00000007aab00000)
  object space 157184K, 51% used [0x0000000780000000,0x0000000784eebaa0,0x0000000789980000)
 Metaspace       used 61181K, capacity 63791K, committed 64128K, reserved 1103872K
  class space    used 9566K, capacity 10349K, committed 10368K, reserved 1048576K
Event: 26.792 GC heap after
Heap after GC invocations=28 (full 6):
 PSYoungGen      total 92160K, used 18880K [0x00000007aab00000, 0x00000007b2200000, 0x00000007c0000000)
  eden space 69120K, 0% used [0x00000007aab00000,0x00000007aab00000,0x00000007aee80000)
  from space 23040K, 81% used [0x00000007b0780000,0x00000007b19f0020,0x00000007b1e00000)
  to   space 25600K, 0% used [0x00000007aee80000,0x00000007aee80000,0x00000007b0780000)
 ParOldGen       total 157184K, used 100991K [0x0000000780000000, 0x0000000789980000, 0x00000007aab00000)
  object space 157184K, 64% used [0x0000000780000000,0x000000078629fc98,0x0000000789980000)
 Metaspace       used 61181K, capacity 63791K, committed 64128K, reserved 1103872K
  class space    used 9566K, capacity 10349K, committed 10368K, reserved 1048576K
}
Event: 26.916 GC heap before
{Heap before GC invocations=29 (full 6):
 PSYoungGen      total 92160K, used 87992K [0x00000007aab00000, 0x00000007b2200000, 0x00000007c0000000)
  eden space 69120K, 99% used [0x00000007aab00000,0x00000007aee7e078,0x00000007aee80000)
  from space 23040K, 81% used [0x00000007b0780000,0x00000007b19f0020,0x00000007b1e00000)
  to   space 25600K, 0% used [0x00000007aee80000,0x00000007aee80000,0x00000007b0780000)
 ParOldGen       total 157184K, used 100991K [0x0000000780000000, 0x0000000789980000, 0x00000007aab00000)
  object space 157184K, 64% used [0x0000000780000000,0x000000078629fc98,0x0000000789980000)
 Metaspace       used 61181K, capacity 63791K, committed 64128K, reserved 1103872K
  class space    used 9566K, capacity 10349K, committed 10368K, reserved 1048576K
Event: 26.927 GC heap after
Heap after GC invocations=29 (full 6):
 PSYoungGen      total 94720K, used 416K [0x00000007aab00000, 0x00000007b2c80000, 0x00000007c0000000)
  eden space 69120K, 0% used [0x00000007aab00000,0x00000007aab00000,0x00000007aee80000)
  from space 25600K, 1% used [0x00000007aee80000,0x00000007aeee8000,0x00000007b0780000)
  to   space 25600K, 0% used [0x00000007b1380000,0x00000007b1380000,0x00000007b2c80000)
 ParOldGen       total 157184K, used 137863K [0x0000000780000000, 0x0000000789980000, 0x00000007aab00000)
  object space 157184K, 87% used [0x0000000780000000,0x00000007886a1ca8,0x0000000789980000)
 Metaspace       used 61181K, capacity 63791K, committed 64128K, reserved 1103872K
  class space    used 9566K, capacity 10349K, committed 10368K, reserved 1048576K
}
Event: 26.928 GC heap before
{Heap before GC invocations=30 (full 7):
 PSYoungGen      total 94720K, used 416K [0x00000007aab00000, 0x00000007b2c80000, 0x00000007c0000000)
  eden space 69120K, 0% used [0x00000007aab00000,0x00000007aab00000,0x00000007aee80000)
  from space 25600K, 1% used [0x00000007aee80000,0x00000007aeee8000,0x00000007b0780000)
  to   space 25600K, 0% used [0x00000007b1380000,0x00000007b1380000,0x00000007b2c80000)
 ParOldGen       total 157184K, used 137863K [0x0000000780000000, 0x0000000789980000, 0x00000007aab00000)
  object space 157184K, 87% used [0x0000000780000000,0x00000007886a1ca8,0x0000000789980000)
 Metaspace       used 61181K, capacity 63791K, committed 64128K, reserved 1103872K
  class space    used 9566K, capacity 10349K, committed 10368K, reserved 1048576K
Event: 27.037 GC heap after
Heap after GC invocations=30 (full 7):
 PSYoungGen      total 94720K, used 0K [0x00000007aab00000, 0x00000007b2c80000, 0x00000007c0000000)
  eden space 69120K, 0% used [0x00000007aab00000,0x00000007aab00000,0x00000007aee80000)
  from space 25600K, 0% used [0x00000007aee80000,0x00000007aee80000,0x00000007b0780000)
  to   space 25600K, 0% used [0x00000007b1380000,0x00000007b1380000,0x00000007b2c80000)
 ParOldGen       total 178688K, used 80318K [0x0000000780000000, 0x000000078ae80000, 0x00000007aab00000)
  object space 178688K, 44% used [0x0000000780000000,0x0000000784e6fa20,0x000000078ae80000)
 Metaspace       used 61181K, capacity 63791K, committed 64128K, reserved 1103872K
  class space    used 9566K, capacity 10349K, committed 10368K, reserved 1048576K
}
Event: 57.747 GC heap before
{Heap before GC invocations=31 (full 7):
 PSYoungGen      total 94720K, used 69120K [0x00000007aab00000, 0x00000007b2c80000, 0x00000007c0000000)
  eden space 69120K, 100% used [0x00000007aab00000,0x00000007aee80000,0x00000007aee80000)
  from space 25600K, 0% used [0x00000007aee80000,0x00000007aee80000,0x00000007b0780000)
  to   space 25600K, 0% used [0x00000007b1380000,0x00000007b1380000,0x00000007b2c80000)
 ParOldGen       total 178688K, used 80318K [0x0000000780000000, 0x000000078ae80000, 0x00000007aab00000)
  object space 178688K, 44% used [0x0000000780000000,0x0000000784e6fa20,0x000000078ae80000)
 Metaspace       used 62419K, capacity 65289K, committed 65664K, reserved 1103872K
  class space    used 9694K, capacity 10544K, committed 10624K, reserved 1048576K
Event: 57.763 GC heap after
Heap after GC invocations=31 (full 7):
 PSYoungGen      total 95744K, used 6609K [0x00000007aab00000, 0x00000007b2580000, 0x00000007c0000000)
  eden space 77312K, 0% used [0x00000007aab00000,0x00000007aab00000,0x00000007af680000)
  from space 18432K, 35% used [0x00000007b1380000,0x00000007b19f45f8,0x00000007b2580000)
  to   space 24064K, 0% used [0x00000007af680000,0x00000007af680000,0x00000007b0e00000)
 ParOldGen       total 178688K, used 100503K [0x0000000780000000, 0x000000078ae80000, 0x00000007aab00000)
  object space 178688K, 56% used [0x0000000780000000,0x0000000786225c18,0x000000078ae80000)
 Metaspace       used 62419K, capacity 65289K, committed 65664K, reserved 1103872K
  class space    used 9694K, capacity 10544K, committed 10624K, reserved 1048576K
}

Deoptimization events (10 events):
Event: 51.513 Thread 0x00007fbfe29cf000 Uncommon trap: reason=unstable_if action=reinterpret pc=0x0000000112bf0930 method=org.openide.util.RequestProcessor$TickTac.compare(Lorg/openide/util/RequestProcessor$Item;Lorg/openide/util/RequestProcessor$Item;)I @ 23
Event: 52.400 Thread 0x00007fbfe3a26000 Uncommon trap: reason=unstable_if action=reinterpret pc=0x0000000113177f80 method=org.openide.util.RequestProcessor$TickTac.compare(Lorg/openide/util/RequestProcessor$Item;Lorg/openide/util/RequestProcessor$Item;)I @ 23
Event: 52.534 Thread 0x00007fbfe3a26000 Uncommon trap: reason=unstable_if action=reinterpret pc=0x00000001131dbe5c method=java.awt.Container.findComponentAtImpl(IIZ)Ljava/awt/Component; @ 24
Event: 53.406 Thread 0x00007fbfe3a26000 Uncommon trap: reason=unstable_if action=reinterpret pc=0x00000001130ac430 method=sun.font.FontDesignMetrics.getHeight()I @ 4
Event: 57.892 Thread 0x00007fbfe3a26000 Uncommon trap: reason=class_check action=maybe_recompile pc=0x000000011224994c method=java.util.HashMap.removeNode(ILjava/lang/Object;Ljava/lang/Object;ZZ)Ljava/util/HashMap$Node; @ 68
Event: 58.312 Thread 0x00007fbfe3a26000 Uncommon trap: reason=class_check action=maybe_recompile pc=0x000000011224994c method=java.util.HashMap.removeNode(ILjava/lang/Object;Ljava/lang/Object;ZZ)Ljava/util/HashMap$Node; @ 68
Event: 59.054 Thread 0x00007fbfe3a26000 Uncommon trap: reason=class_check action=maybe_recompile pc=0x000000011224994c method=java.util.HashMap.removeNode(ILjava/lang/Object;Ljava/lang/Object;ZZ)Ljava/util/HashMap$Node; @ 68
Event: 59.075 Thread 0x00007fbfe3a26000 Uncommon trap: reason=unstable_if action=reinterpret pc=0x00000001133033b4 method=java.awt.Font.equals(Ljava/lang/Object;)Z @ 35
Event: 59.540 Thread 0x00007fbfe3a26000 Uncommon trap: reason=unstable_if action=reinterpret pc=0x0000000111d94798 method=java.awt.Rectangle.inside(II)Z @ 41
Event: 59.540 Thread 0x00007fbfe3a26000 Uncommon trap: reason=unstable_if action=reinterpret pc=0x000000011330b7d8 method=java.awt.Rectangle.inside(II)Z @ 41

Internal exceptions (10 events):
Event: 11.467 Thread 0x00007fbfe3a26000 Exception <a 'java/io/FileNotFoundException'> (0x00000007ac9cb188) thrown at [/Users/java_re/workspace/8-2-build-macosx-x86_64/jdk8u112/7935/hotspot/src/share/vm/prims/jni.cpp, line 709]
Event: 11.468 Thread 0x00007fbfe3a26000 Exception <a 'java/io/FileNotFoundException'> (0x00000007ac9cda18) thrown at [/Users/java_re/workspace/8-2-build-macosx-x86_64/jdk8u112/7935/hotspot/src/share/vm/prims/jni.cpp, line 709]
Event: 11.468 Thread 0x00007fbfe3a26000 Exception <a 'java/io/FileNotFoundException'> (0x00000007ac9cf698) thrown at [/Users/java_re/workspace/8-2-build-macosx-x86_64/jdk8u112/7935/hotspot/src/share/vm/prims/jni.cpp, line 709]
Event: 13.943 Thread 0x00007fbfe3a26000 Exception <a 'java/lang/NullPointerException'> (0x00000007abf46930) thrown at [/Users/java_re/workspace/8-2-build-macosx-x86_64/jdk8u112/7935/hotspot/src/share/vm/prims/jni.cpp, line 735]
Event: 21.551 Thread 0x00007fbfe3a26000 Exception <a 'java/io/FileNotFoundException'> (0x00000007aafec8e8) thrown at [/Users/java_re/workspace/8-2-build-macosx-x86_64/jdk8u112/7935/hotspot/src/share/vm/prims/jni.cpp, line 709]
Event: 24.844 Thread 0x00007fbfe2871800 Implicit null exception at 0x0000000112600900 to 0x0000000112600ca5
Event: 24.932 Thread 0x00007fbfe2f54000 Exception <a 'java/io/FileNotFoundException'> (0x00000007acf4cb00) thrown at [/Users/java_re/workspace/8-2-build-macosx-x86_64/jdk8u112/7935/hotspot/src/share/vm/prims/jni.cpp, line 709]
Event: 24.940 Thread 0x00007fbfe2f54000 Exception <a 'java/io/FileNotFoundException'> (0x00000007acf66f30) thrown at [/Users/java_re/workspace/8-2-build-macosx-x86_64/jdk8u112/7935/hotspot/src/share/vm/prims/jni.cpp, line 709]
Event: 24.942 Thread 0x00007fbfe2f54000 Exception <a 'java/io/FileNotFoundException'> (0x00000007acf6f268) thrown at [/Users/java_re/workspace/8-2-build-macosx-x86_64/jdk8u112/7935/hotspot/src/share/vm/prims/jni.cpp, line 709]
Event: 31.673 Thread 0x00007fbfe3a26000 Implicit null exception at 0x00000001130e66f1 to 0x00000001130e6851

Events (10 events):
Event: 63.146 loading class sun/misc/FormattedFloatingDecimal$1
Event: 63.146 loading class sun/misc/FormattedFloatingDecimal$1 done
Event: 63.146 loading class sun/misc/FormattedFloatingDecimal$2
Event: 63.146 loading class sun/misc/FormattedFloatingDecimal$2 done
Event: 63.147 Executing VM operation: RevokeBias
Event: 63.147 Executing VM operation: RevokeBias done
Event: 63.147 Executing VM operation: RevokeBias
Event: 63.147 Executing VM operation: RevokeBias done
Event: 63.147 Executing VM operation: RevokeBias
Event: 63.147 Executing VM operation: RevokeBias done


Dynamic libraries:
0x00000000024ba000 	/System/Library/Frameworks/Cocoa.framework/Versions/A/Cocoa
0x00000000024ba000 	/System/Library/Frameworks/Security.framework/Versions/A/Security
0x00000000024ba000 	/System/Library/Frameworks/ApplicationServices.framework/Versions/A/ApplicationServices
0x00000000024ba000 	/usr/lib/libz.1.dylib
0x00000000024ba000 	/usr/lib/libSystem.B.dylib
0x00000000024ba000 	/usr/lib/libobjc.A.dylib
0x00000000024ba000 	/System/Library/Frameworks/CoreFoundation.framework/Versions/A/CoreFoundation
0x00000000024ba000 	/System/Library/Frameworks/Foundation.framework/Versions/C/Foundation
0x00000000024ba000 	/System/Library/Frameworks/AppKit.framework/Versions/C/AppKit
0x00000000024ba000 	/System/Library/Frameworks/CoreData.framework/Versions/A/CoreData
0x00000000024ba000 	/System/Library/PrivateFrameworks/UIFoundation.framework/Versions/A/UIFoundation
0x00000000024ba000 	/System/Library/PrivateFrameworks/RemoteViewServices.framework/Versions/A/RemoteViewServices
0x00000000024ba000 	/System/Library/PrivateFrameworks/XCTTargetBootstrap.framework/Versions/A/XCTTargetBootstrap
0x00000000024ba000 	/System/Library/Frameworks/CoreDisplay.framework/Versions/A/CoreDisplay
0x00000000024ba000 	/System/Library/Frameworks/Metal.framework/Versions/A/Metal
0x00000000024ba000 	/System/Library/PrivateFrameworks/DesktopServicesPriv.framework/Versions/A/DesktopServicesPriv
0x00000000024ba000 	/usr/lib/liblangid.dylib
0x00000000024ba000 	/System/Library/PrivateFrameworks/CoreSVG.framework/Versions/A/CoreSVG
0x00000000024ba000 	/System/Library/PrivateFrameworks/SkyLight.framework/Versions/A/SkyLight
0x00000000024ba000 	/System/Library/Frameworks/CoreGraphics.framework/Versions/A/CoreGraphics
0x00000000024ba000 	/System/Library/Frameworks/Accelerate.framework/Versions/A/Accelerate
0x00000000024ba000 	/usr/lib/libxml2.2.dylib
0x00000000024ba000 	/System/Library/PrivateFrameworks/IconServices.framework/Versions/A/IconServices
0x00000000024ba000 	/System/Library/Frameworks/IOSurface.framework/Versions/A/IOSurface
0x00000000024ba000 	/usr/lib/libDiagnosticMessagesClient.dylib
0x00000000024ba000 	/System/Library/PrivateFrameworks/DFRFoundation.framework/Versions/A/DFRFoundation
0x00000000024ba000 	/usr/lib/libicucore.A.dylib
0x00000000024ba000 	/System/Library/Frameworks/AudioToolbox.framework/Versions/A/AudioToolbox
0x00000000024ba000 	/System/Library/Frameworks/AudioUnit.framework/Versions/A/AudioUnit
0x00000000024ba000 	/usr/lib/libauto.dylib
0x00000000024ba000 	/System/Library/PrivateFrameworks/DataDetectorsCore.framework/Versions/A/DataDetectorsCore
0x00000000024ba000 	/System/Library/Frameworks/Carbon.framework/Versions/A/Frameworks/HIToolbox.framework/Versions/A/HIToolbox
0x00000000024ba000 	/System/Library/Frameworks/QuartzCore.framework/Versions/A/QuartzCore
0x00000000024ba000 	/System/Library/Frameworks/Carbon.framework/Versions/A/Frameworks/SpeechRecognition.framework/Versions/A/SpeechRecognition
0x00000000024ba000 	/System/Library/PrivateFrameworks/CoreUI.framework/Versions/A/CoreUI
0x00000000024ba000 	/System/Library/Frameworks/CoreAudio.framework/Versions/A/CoreAudio
0x00000000024ba000 	/System/Library/Frameworks/DiskArbitration.framework/Versions/A/DiskArbitration
0x00000000024ba000 	/System/Library/PrivateFrameworks/MultitouchSupport.framework/Versions/A/MultitouchSupport
0x00000000024ba000 	/usr/lib/libenergytrace.dylib
0x00000000024ba000 	/System/Library/Frameworks/IOKit.framework/Versions/A/IOKit
0x00000000024ba000 	/System/Library/Frameworks/CoreServices.framework/Versions/A/CoreServices
0x00000000024ba000 	/System/Library/PrivateFrameworks/PerformanceAnalysis.framework/Versions/A/PerformanceAnalysis
0x00000000024ba000 	/System/Library/Frameworks/OpenGL.framework/Versions/A/OpenGL
0x00000000024ba000 	/System/Library/Frameworks/ColorSync.framework/Versions/A/ColorSync
0x00000000024ba000 	/System/Library/Frameworks/CoreImage.framework/Versions/A/CoreImage
0x00000000024ba000 	/System/Library/Frameworks/CoreText.framework/Versions/A/CoreText
0x00000000024ba000 	/System/Library/Frameworks/ImageIO.framework/Versions/A/ImageIO
0x00000000024ba000 	/usr/lib/libc++.1.dylib
0x00000000024ba000 	/usr/lib/libcompression.dylib
0x00000000024ba000 	/usr/lib/libMobileGestalt.dylib
0x00000000024ba000 	/System/Library/PrivateFrameworks/TextureIO.framework/Versions/A/TextureIO
0x00000000024ba000 	/usr/lib/libate.dylib
0x00000000024ba000 	/System/Library/PrivateFrameworks/InternationalSupport.framework/Versions/A/InternationalSupport
0x00000000024ba000 	/usr/lib/system/libcache.dylib
0x00000000024ba000 	/usr/lib/system/libcommonCrypto.dylib
0x00000000024ba000 	/usr/lib/system/libcompiler_rt.dylib
0x00000000024ba000 	/usr/lib/system/libcopyfile.dylib
0x00000000024ba000 	/usr/lib/system/libcorecrypto.dylib
0x00000000024ba000 	/usr/lib/system/libdispatch.dylib
0x00000000024ba000 	/usr/lib/system/libdyld.dylib
0x00000000024ba000 	/usr/lib/system/libkeymgr.dylib
0x00000000024ba000 	/usr/lib/system/liblaunch.dylib
0x00000000024ba000 	/usr/lib/system/libmacho.dylib
0x00000000024ba000 	/usr/lib/system/libquarantine.dylib
0x00000000024ba000 	/usr/lib/system/libremovefile.dylib
0x00000000024ba000 	/usr/lib/system/libsystem_asl.dylib
0x00000000024ba000 	/usr/lib/system/libsystem_blocks.dylib
0x00000000024ba000 	/usr/lib/system/libsystem_c.dylib
0x00000000024ba000 	/usr/lib/system/libsystem_configuration.dylib
0x00000000024ba000 	/usr/lib/system/libsystem_coreservices.dylib
0x00000000024ba000 	/usr/lib/system/libsystem_darwin.dylib
0x00000000024ba000 	/usr/lib/system/libsystem_dnssd.dylib
0x00000000024ba000 	/usr/lib/system/libsystem_featureflags.dylib
0x00000000024ba000 	/usr/lib/system/libsystem_info.dylib
0x00000000024ba000 	/usr/lib/system/libsystem_m.dylib
0x00000000024ba000 	/usr/lib/system/libsystem_malloc.dylib
0x00000000024ba000 	/usr/lib/system/libsystem_networkextension.dylib
0x00000000024ba000 	/usr/lib/system/libsystem_notify.dylib
0x00000000024ba000 	/usr/lib/system/libsystem_sandbox.dylib
0x00000000024ba000 	/usr/lib/system/libsystem_secinit.dylib
0x00000000024ba000 	/usr/lib/system/libsystem_kernel.dylib
0x00000000024ba000 	/usr/lib/system/libsystem_platform.dylib
0x00000000024ba000 	/usr/lib/system/libsystem_pthread.dylib
0x00000000024ba000 	/usr/lib/system/libsystem_symptoms.dylib
0x00000000024ba000 	/usr/lib/system/libsystem_trace.dylib
0x00000000024ba000 	/usr/lib/system/libunwind.dylib
0x00000000024ba000 	/usr/lib/system/libxpc.dylib
0x00000000024ba000 	/usr/lib/libc++abi.dylib
0x00000000024ba000 	/usr/lib/liblzma.5.dylib
0x00000000024ba000 	/usr/lib/libfakelink.dylib
0x00000000024ba000 	/usr/lib/libarchive.2.dylib
0x00000000024ba000 	/System/Library/Frameworks/SystemConfiguration.framework/Versions/A/SystemConfiguration
0x00000000024ba000 	/usr/lib/libCRFSuite.dylib
0x00000000024ba000 	/System/Library/Frameworks/CFNetwork.framework/Versions/A/CFNetwork
0x00000000024ba000 	/usr/lib/libbsm.0.dylib
0x00000000024ba000 	/usr/lib/system/libkxld.dylib
0x00000000024ba000 	/System/Library/PrivateFrameworks/AppleFSCompression.framework/Versions/A/AppleFSCompression
0x00000000024ba000 	/usr/lib/libcoretls.dylib
0x00000000024ba000 	/usr/lib/libcoretls_cfhelpers.dylib
0x00000000024ba000 	/usr/lib/libpam.2.dylib
0x00000000024ba000 	/usr/lib/libsqlite3.dylib
0x00000000024ba000 	/usr/lib/libxar.1.dylib
0x00000000024ba000 	/usr/lib/libbz2.1.0.dylib
0x00000000024ba000 	/usr/lib/libiconv.2.dylib
0x00000000024ba000 	/usr/lib/libcharset.1.dylib
0x00000000024ba000 	/usr/lib/libnetwork.dylib
0x00000000024ba000 	/usr/lib/libpcap.A.dylib
0x00000000024ba000 	/usr/lib/libapple_nghttp2.dylib
0x00000000024ba000 	/System/Library/Frameworks/CoreServices.framework/Versions/A/Frameworks/FSEvents.framework/Versions/A/FSEvents
0x00000000024ba000 	/System/Library/Frameworks/CoreServices.framework/Versions/A/Frameworks/CarbonCore.framework/Versions/A/CarbonCore
0x00000000024ba000 	/System/Library/Frameworks/CoreServices.framework/Versions/A/Frameworks/Metadata.framework/Versions/A/Metadata
0x00000000024ba000 	/System/Library/Frameworks/CoreServices.framework/Versions/A/Frameworks/OSServices.framework/Versions/A/OSServices
0x00000000024ba000 	/System/Library/Frameworks/CoreServices.framework/Versions/A/Frameworks/SearchKit.framework/Versions/A/SearchKit
0x00000000024ba000 	/System/Library/Frameworks/CoreServices.framework/Versions/A/Frameworks/AE.framework/Versions/A/AE
0x00000000024ba000 	/System/Library/Frameworks/CoreServices.framework/Versions/A/Frameworks/LaunchServices.framework/Versions/A/LaunchServices
0x00000000024ba000 	/System/Library/Frameworks/CoreServices.framework/Versions/A/Frameworks/DictionaryServices.framework/Versions/A/DictionaryServices
0x00000000024ba000 	/System/Library/Frameworks/CoreServices.framework/Versions/A/Frameworks/SharedFileList.framework/Versions/A/SharedFileList
0x00000000024ba000 	/System/Library/Frameworks/NetFS.framework/Versions/A/NetFS
0x00000000024ba000 	/System/Library/PrivateFrameworks/NetAuth.framework/Versions/A/NetAuth
0x00000000024ba000 	/System/Library/PrivateFrameworks/login.framework/Versions/A/Frameworks/loginsupport.framework/Versions/A/loginsupport
0x00000000024ba000 	/System/Library/PrivateFrameworks/TCC.framework/Versions/A/TCC
0x00000000024ba000 	/System/Library/PrivateFrameworks/CoreNLP.framework/Versions/A/CoreNLP
0x00000000024ba000 	/System/Library/PrivateFrameworks/MetadataUtilities.framework/Versions/A/MetadataUtilities
0x00000000024ba000 	/usr/lib/libmecabra.dylib
0x00000000024ba000 	/usr/lib/libmecab.dylib
0x00000000024ba000 	/usr/lib/libgermantok.dylib
0x00000000024ba000 	/usr/lib/libThaiTokenizer.dylib
0x00000000024ba000 	/usr/lib/libChineseTokenizer.dylib
0x00000000024ba000 	/System/Library/Frameworks/Accelerate.framework/Versions/A/Frameworks/vImage.framework/Versions/A/vImage
0x00000000024ba000 	/System/Library/Frameworks/Accelerate.framework/Versions/A/Frameworks/vecLib.framework/Versions/A/vecLib
0x00000000024ba000 	/System/Library/Frameworks/Accelerate.framework/Versions/A/Frameworks/vecLib.framework/Versions/A/libvMisc.dylib
0x00000000024ba000 	/System/Library/Frameworks/Accelerate.framework/Versions/A/Frameworks/vecLib.framework/Versions/A/libvDSP.dylib
0x00000000024ba000 	/System/Library/Frameworks/Accelerate.framework/Versions/A/Frameworks/vecLib.framework/Versions/A/libBLAS.dylib
0x00000000024ba000 	/System/Library/Frameworks/Accelerate.framework/Versions/A/Frameworks/vecLib.framework/Versions/A/libLAPACK.dylib
0x00000000024ba000 	/System/Library/Frameworks/Accelerate.framework/Versions/A/Frameworks/vecLib.framework/Versions/A/libLinearAlgebra.dylib
0x00000000024ba000 	/System/Library/Frameworks/Accelerate.framework/Versions/A/Frameworks/vecLib.framework/Versions/A/libSparseBLAS.dylib
0x00000000024ba000 	/System/Library/Frameworks/Accelerate.framework/Versions/A/Frameworks/vecLib.framework/Versions/A/libQuadrature.dylib
0x00000000024ba000 	/System/Library/Frameworks/Accelerate.framework/Versions/A/Frameworks/vecLib.framework/Versions/A/libBNNS.dylib
0x00000000024ba000 	/System/Library/Frameworks/Accelerate.framework/Versions/A/Frameworks/vecLib.framework/Versions/A/libSparse.dylib
0x00000000024ba000 	/System/Library/PrivateFrameworks/LanguageModeling.framework/Versions/A/LanguageModeling
0x00000000024ba000 	/System/Library/PrivateFrameworks/CoreEmoji.framework/Versions/A/CoreEmoji
0x00000000024ba000 	/System/Library/PrivateFrameworks/LinguisticData.framework/Versions/A/LinguisticData
0x00000000024ba000 	/System/Library/PrivateFrameworks/Lexicon.framework/Versions/A/Lexicon
0x00000000024ba000 	/usr/lib/libcmph.dylib
0x00000000024ba000 	/System/Library/Frameworks/OpenDirectory.framework/Versions/A/Frameworks/CFOpenDirectory.framework/Versions/A/CFOpenDirectory
0x00000000024ba000 	/System/Library/Frameworks/OpenDirectory.framework/Versions/A/OpenDirectory
0x00000000024ba000 	/System/Library/PrivateFrameworks/APFS.framework/Versions/A/APFS
0x00000000024ba000 	/System/Library/Frameworks/SecurityFoundation.framework/Versions/A/SecurityFoundation
0x00000000024ba000 	/usr/lib/libutil.dylib
0x00000000024ba000 	/System/Library/PrivateFrameworks/CoreServicesStore.framework/Versions/A/CoreServicesStore
0x00000000024ba000 	/System/Library/Frameworks/ServiceManagement.framework/Versions/A/ServiceManagement
0x00000000024ba000 	/System/Library/PrivateFrameworks/BackgroundTaskManagement.framework/Versions/A/BackgroundTaskManagement
0x00000000024ba000 	/usr/lib/libxslt.1.dylib
0x00000000024ba000 	/System/Library/PrivateFrameworks/AppleSystemInfo.framework/Versions/A/AppleSystemInfo
0x00000000024ba000 	/System/Library/Frameworks/ImageIO.framework/Versions/A/Resources/libJPEG.dylib
0x00000000024ba000 	/System/Library/Frameworks/ImageIO.framework/Versions/A/Resources/libTIFF.dylib
0x00000000024ba000 	/System/Library/Frameworks/ImageIO.framework/Versions/A/Resources/libPng.dylib
0x00000000024ba000 	/System/Library/Frameworks/ImageIO.framework/Versions/A/Resources/libGIF.dylib
0x00000000024ba000 	/System/Library/Frameworks/ImageIO.framework/Versions/A/Resources/libJP2.dylib
0x00000000024ba000 	/System/Library/Frameworks/ImageIO.framework/Versions/A/Resources/libRadiance.dylib
0x00000000024ba000 	/usr/lib/libexpat.1.dylib
0x00000000024ba000 	/System/Library/PrivateFrameworks/AppleJPEG.framework/Versions/A/AppleJPEG
0x00000000024ba000 	/System/Library/PrivateFrameworks/FontServices.framework/libFontParser.dylib
0x00000000024ba000 	/System/Library/PrivateFrameworks/WatchdogClient.framework/Versions/A/WatchdogClient
0x00000000024ba000 	/System/Library/PrivateFrameworks/IOAccelerator.framework/Versions/A/IOAccelerator
0x00000000024ba000 	/System/Library/Frameworks/MetalPerformanceShaders.framework/Versions/A/MetalPerformanceShaders
0x00000000024ba000 	/System/Library/PrivateFrameworks/GPUWrangler.framework/Versions/A/GPUWrangler
0x00000000024ba000 	/System/Library/PrivateFrameworks/IOPresentment.framework/Versions/A/IOPresentment
0x00000000024ba000 	/System/Library/PrivateFrameworks/DSExternalDisplay.framework/Versions/A/DSExternalDisplay
0x00000000024ba000 	/System/Library/Frameworks/OpenGL.framework/Versions/A/Libraries/libCoreFSCache.dylib
0x00000000024ba000 	/System/Library/Frameworks/MetalPerformanceShaders.framework/Frameworks/MPSCore.framework/Versions/A/MPSCore
0x00000000024ba000 	/System/Library/Frameworks/MetalPerformanceShaders.framework/Frameworks/MPSImage.framework/Versions/A/MPSImage
0x00000000024ba000 	/System/Library/Frameworks/MetalPerformanceShaders.framework/Frameworks/MPSNeuralNetwork.framework/Versions/A/MPSNeuralNetwork
0x00000000024ba000 	/System/Library/Frameworks/MetalPerformanceShaders.framework/Frameworks/MPSMatrix.framework/Versions/A/MPSMatrix
0x00000000024ba000 	/System/Library/Frameworks/MetalPerformanceShaders.framework/Frameworks/MPSRayIntersector.framework/Versions/A/MPSRayIntersector
0x00000000024ba000 	/System/Library/Frameworks/MetalPerformanceShaders.framework/Frameworks/MPSNDArray.framework/Versions/A/MPSNDArray
0x00000000024ba000 	/System/Library/PrivateFrameworks/MetalTools.framework/Versions/A/MetalTools
0x00000000024ba000 	/System/Library/PrivateFrameworks/AggregateDictionary.framework/Versions/A/AggregateDictionary
0x00000000024ba000 	/System/Library/PrivateFrameworks/CoreAnalytics.framework/Versions/A/CoreAnalytics
0x00000000024ba000 	/System/Library/PrivateFrameworks/AppleSauce.framework/Versions/A/AppleSauce
0x00000000024ba000 	/usr/lib/libIOReport.dylib
0x00000000024ba000 	/System/Library/Frameworks/CoreVideo.framework/Versions/A/CoreVideo
0x00000000024ba000 	/System/Library/PrivateFrameworks/GraphVisualizer.framework/Versions/A/GraphVisualizer
0x00000000024ba000 	/System/Library/PrivateFrameworks/FaceCore.framework/Versions/A/FaceCore
0x00000000024ba000 	/System/Library/Frameworks/OpenCL.framework/Versions/A/OpenCL
0x00000000024ba000 	/usr/lib/libFosl_dynamic.dylib
0x00000000024ba000 	/System/Library/PrivateFrameworks/OTSVG.framework/Versions/A/OTSVG
0x00000000024ba000 	/System/Library/Frameworks/ApplicationServices.framework/Versions/A/Frameworks/ATS.framework/Versions/A/Resources/libFontRegistry.dylib
0x00000000024ba000 	/System/Library/PrivateFrameworks/FontServices.framework/libhvf.dylib
0x00000000024ba000 	/System/Library/Frameworks/OpenGL.framework/Versions/A/Libraries/libGFXShared.dylib
0x00000000024ba000 	/System/Library/Frameworks/OpenGL.framework/Versions/A/Libraries/libGLU.dylib
0x00000000024ba000 	/System/Library/Frameworks/OpenGL.framework/Versions/A/Libraries/libGL.dylib
0x00000000024ba000 	/System/Library/Frameworks/OpenGL.framework/Versions/A/Libraries/libGLImage.dylib
0x00000000024ba000 	/System/Library/Frameworks/OpenGL.framework/Versions/A/Libraries/libCVMSPluginSupport.dylib
0x00000000024ba000 	/System/Library/Frameworks/OpenGL.framework/Versions/A/Libraries/libCoreVMClient.dylib
0x00000000024ba000 	/usr/lib/libncurses.5.4.dylib
0x00000000024ba000 	/System/Library/Frameworks/ApplicationServices.framework/Versions/A/Frameworks/ATS.framework/Versions/A/ATS
0x00000000024ba000 	/System/Library/Frameworks/ApplicationServices.framework/Versions/A/Frameworks/ColorSyncLegacy.framework/Versions/A/ColorSyncLegacy
0x00000000024ba000 	/System/Library/Frameworks/ApplicationServices.framework/Versions/A/Frameworks/HIServices.framework/Versions/A/HIServices
0x00000000024ba000 	/System/Library/Frameworks/ApplicationServices.framework/Versions/A/Frameworks/LangAnalysis.framework/Versions/A/LangAnalysis
0x00000000024ba000 	/System/Library/Frameworks/ApplicationServices.framework/Versions/A/Frameworks/PrintCore.framework/Versions/A/PrintCore
0x00000000024ba000 	/System/Library/Frameworks/ApplicationServices.framework/Versions/A/Frameworks/QD.framework/Versions/A/QD
0x00000000024ba000 	/System/Library/Frameworks/ApplicationServices.framework/Versions/A/Frameworks/SpeechSynthesis.framework/Versions/A/SpeechSynthesis
0x00000000024ba000 	/System/Library/Frameworks/ApplicationServices.framework/Versions/A/Frameworks/ATSUI.framework/Versions/A/ATSUI
0x00000000024ba000 	/usr/lib/libcups.2.dylib
0x00000000024ba000 	/System/Library/Frameworks/Kerberos.framework/Versions/A/Kerberos
0x00000000024ba000 	/System/Library/Frameworks/GSS.framework/Versions/A/GSS
0x00000000024ba000 	/usr/lib/libresolv.9.dylib
0x00000000024ba000 	/System/Library/PrivateFrameworks/Heimdal.framework/Versions/A/Heimdal
0x00000000024ba000 	/System/Library/Frameworks/Kerberos.framework/Versions/A/Libraries/libHeimdalProxy.dylib
0x00000000024ba000 	/usr/lib/libheimdal-asn1.dylib
0x00000000024ba000 	/System/Library/PrivateFrameworks/CommonAuth.framework/Versions/A/CommonAuth
0x00000000024ba000 	/System/Library/PrivateFrameworks/AssertionServices.framework/Versions/A/AssertionServices
0x00000000024ba000 	/System/Library/PrivateFrameworks/AudioToolboxCore.framework/Versions/A/AudioToolboxCore
0x00000000024ba000 	/System/Library/PrivateFrameworks/caulk.framework/Versions/A/caulk
0x00000000024ba000 	/System/Library/PrivateFrameworks/BaseBoard.framework/Versions/A/BaseBoard
0x00000000024ba000 	/System/Library/PrivateFrameworks/RunningBoardServices.framework/Versions/A/RunningBoardServices
0x00000000024ba000 	/System/Library/PrivateFrameworks/PersistentConnection.framework/Versions/A/PersistentConnection
0x00000000024ba000 	/System/Library/PrivateFrameworks/ProtocolBuffer.framework/Versions/A/ProtocolBuffer
0x00000000024ba000 	/System/Library/PrivateFrameworks/CommonUtilities.framework/Versions/A/CommonUtilities
0x00000000024ba000 	/System/Library/PrivateFrameworks/Bom.framework/Versions/A/Bom
0x00000000024ba000 	/usr/lib/libAudioToolboxUtility.dylib
0x00000000024ba000 	/System/Library/PrivateFrameworks/Backup.framework/Versions/A/Backup
0x00000000024ba000 	/System/Library/PrivateFrameworks/CrashReporterSupport.framework/Versions/A/CrashReporterSupport
0x00000000024ba000 	/System/Library/PrivateFrameworks/Sharing.framework/Versions/A/Sharing
0x00000000024ba000 	/System/Library/PrivateFrameworks/Apple80211.framework/Versions/A/Apple80211
0x00000000024ba000 	/System/Library/PrivateFrameworks/AuthKit.framework/Versions/A/AuthKit
0x00000000024ba000 	/System/Library/PrivateFrameworks/CoreUtils.framework/Versions/A/CoreUtils
0x00000000024ba000 	/System/Library/Frameworks/CoreWLAN.framework/Versions/A/CoreWLAN
0x00000000024ba000 	/System/Library/Frameworks/IOBluetooth.framework/Versions/A/IOBluetooth
0x00000000024ba000 	/System/Library/PrivateFrameworks/MobileKeyBag.framework/Versions/A/MobileKeyBag
0x00000000024ba000 	/System/Library/PrivateFrameworks/CorePhoneNumbers.framework/Versions/A/CorePhoneNumbers
0x00000000024ba000 	/System/Library/PrivateFrameworks/AppleIDAuthSupport.framework/Versions/A/AppleIDAuthSupport
0x00000000024ba000 	/System/Library/Frameworks/Network.framework/Versions/A/Network
0x00000000024ba000 	/System/Library/PrivateFrameworks/KeychainCircle.framework/Versions/A/KeychainCircle
0x00000000024ba000 	/System/Library/Frameworks/CoreBluetooth.framework/Versions/A/CoreBluetooth
0x00000000024ba000 	/System/Library/PrivateFrameworks/SpeechRecognitionCore.framework/Versions/A/SpeechRecognitionCore
0x0000000104400000 	/Applications/OpenSim 4.1/OpenSim 4.1.app/Contents/Resources/OpenSim/jre/lib/server/libjvm.dylib
0x00000000024ba000 	/usr/lib/libstdc++.6.dylib
0x0000000103a29000 	/Applications/OpenSim 4.1/OpenSim 4.1.app/Contents/Resources/OpenSim/jre/lib/libverify.dylib
0x0000000103a37000 	/Applications/OpenSim 4.1/OpenSim 4.1.app/Contents/Resources/OpenSim/jre/lib/libjava.dylib
0x0000000103ab6000 	/Applications/OpenSim 4.1/OpenSim 4.1.app/Contents/Resources/OpenSim/jre/lib/libzip.dylib
0x00000000024ba000 	/System/Library/Frameworks/JavaVM.framework/Versions/A/Frameworks/JavaRuntimeSupport.framework/Versions/A/JavaRuntimeSupport
0x00000000024ba000 	/System/Library/Frameworks/JavaVM.framework/Versions/A/Frameworks/JavaNativeFoundation.framework/Versions/A/JavaNativeFoundation
0x00000000024ba000 	/System/Library/Frameworks/JavaVM.framework/Versions/A/JavaVM
0x00000000024ba000 	/System/Library/Frameworks/Carbon.framework/Versions/A/Carbon
0x00000000024ba000 	/System/Library/PrivateFrameworks/CoreSymbolication.framework/Versions/A/CoreSymbolication
0x00000000024ba000 	/System/Library/PrivateFrameworks/JavaLaunching.framework/Versions/A/JavaLaunching
0x00000000024ba000 	/System/Library/Frameworks/Carbon.framework/Versions/A/Frameworks/CommonPanels.framework/Versions/A/CommonPanels
0x00000000024ba000 	/System/Library/Frameworks/Carbon.framework/Versions/A/Frameworks/Help.framework/Versions/A/Help
0x00000000024ba000 	/System/Library/Frameworks/Carbon.framework/Versions/A/Frameworks/ImageCapture.framework/Versions/A/ImageCapture
0x00000000024ba000 	/System/Library/Frameworks/Carbon.framework/Versions/A/Frameworks/OpenScripting.framework/Versions/A/OpenScripting
0x00000000024ba000 	/System/Library/Frameworks/Carbon.framework/Versions/A/Frameworks/Ink.framework/Versions/A/Ink
0x00000000024ba000 	/System/Library/Frameworks/Carbon.framework/Versions/A/Frameworks/Print.framework/Versions/A/Print
0x00000000024ba000 	/System/Library/Frameworks/Carbon.framework/Versions/A/Frameworks/SecurityHI.framework/Versions/A/SecurityHI
0x00000000024ba000 	/System/Library/PrivateFrameworks/DebugSymbols.framework/Versions/A/DebugSymbols
0x0000000103af5000 	/Applications/OpenSim 4.1/OpenSim 4.1.app/Contents/Resources/OpenSim/jre/lib/libnio.dylib
0x0000000103b05000 	/Applications/OpenSim 4.1/OpenSim 4.1.app/Contents/Resources/OpenSim/jre/lib/libnet.dylib
0x000000010a1e9000 	/Applications/OpenSim 4.1/OpenSim 4.1.app/Contents/Resources/OpenSim/jre/lib/libawt.dylib
0x000000010a291000 	/Applications/OpenSim 4.1/OpenSim 4.1.app/Contents/Resources/OpenSim/jre/lib/libmlib_image.dylib
0x000000010a35d000 	/Applications/OpenSim 4.1/OpenSim 4.1.app/Contents/Resources/OpenSim/jre/lib/libawt_lwawt.dylib
0x0000000103b85000 	/Applications/OpenSim 4.1/OpenSim 4.1.app/Contents/Resources/OpenSim/jre/lib/libosxapp.dylib
0x00000000024ba000 	/System/Library/Frameworks/ExceptionHandling.framework/Versions/A/ExceptionHandling
0x00000000024ba000 	/System/Library/PrivateFrameworks/CoreServicesInternal.framework/Versions/A/CoreServicesInternal
0x00000000024ba000 	/System/Library/Frameworks/FileProvider.framework/Versions/A/FileProvider
0x00000000024ba000 	/System/Library/Frameworks/Accounts.framework/Versions/A/Accounts
0x00000000024ba000 	/System/Library/PrivateFrameworks/GenerationalStorage.framework/Versions/A/GenerationalStorage
0x00000000024ba000 	/System/Library/PrivateFrameworks/SymptomDiagnosticReporter.framework/Versions/A/SymptomDiagnosticReporter
0x00000000024ba000 	/System/Library/PrivateFrameworks/AppContainer.framework/Versions/A/AppContainer
0x00000000024ba000 	/usr/lib/libsandbox.1.dylib
0x00000000024ba000 	/System/Library/PrivateFrameworks/UserManagement.framework/Versions/A/UserManagement
0x00000000024ba000 	/System/Library/PrivateFrameworks/ChunkingLibrary.framework/Versions/A/ChunkingLibrary
0x00000000024ba000 	/System/Library/PrivateFrameworks/AppSandbox.framework/Versions/A/AppSandbox
0x00000000024ba000 	/System/Library/PrivateFrameworks/SecCodeWrapper.framework/Versions/A/SecCodeWrapper
0x00000000024ba000 	/usr/lib/libMatch.1.dylib
0x00000000024ba000 	/System/Library/CoreServices/RawCamera.bundle/Contents/MacOS/RawCamera
0x00000000024ba000 	/System/Library/PrivateFrameworks/MobileAsset.framework/Versions/A/MobileAsset
0x00000000024ba000 	/System/Library/PrivateFrameworks/StreamingZip.framework/Versions/A/StreamingZip
0x00000000024ba000 	/System/Library/Frameworks/MediaToolbox.framework/Versions/A/MediaToolbox
0x00000000024ba000 	/System/Library/PrivateFrameworks/CoreAVCHD.framework/Versions/A/CoreAVCHD
0x00000000024ba000 	/System/Library/Frameworks/MediaAccessibility.framework/Versions/A/MediaAccessibility
0x00000000024ba000 	/System/Library/PrivateFrameworks/Mangrove.framework/Versions/A/Mangrove
0x00000000024ba000 	/System/Library/Frameworks/CoreMedia.framework/Versions/A/CoreMedia
0x00000000024ba000 	/System/Library/PrivateFrameworks/MediaExperience.framework/Versions/A/MediaExperience
0x00000000024ba000 	/System/Library/Frameworks/VideoToolbox.framework/Versions/A/VideoToolbox
0x00000000024ba000 	/System/Library/PrivateFrameworks/CoreAUC.framework/Versions/A/CoreAUC
0x00000000024ba000 	/usr/lib/libspindump.dylib
0x00000000024ba000 	/System/Library/PrivateFrameworks/AudioResourceArbitration.framework/Versions/A/AudioResourceArbitration
0x00000000024ba000 	/System/Library/PrivateFrameworks/AppleVA.framework/Versions/A/AppleVA
0x00000000024ba000 	/System/Library/Frameworks/Accelerate.framework/Versions/A/Frameworks/vImage.framework/Versions/A/Libraries/libCGInterfaces.dylib
0x000000010bba1000 	/usr/lib/libobjc-trampolines.dylib
0x00000000024ba000 	/System/Library/PrivateFrameworks/FontServices.framework/libTrueTypeScaler.dylib
0x00000000024ba000 	/System/Library/Extensions/AppleIntelBDWGraphicsMTLDriver.bundle/Contents/MacOS/AppleIntelBDWGraphicsMTLDriver
0x00000000024ba000 	/System/Library/PrivateFrameworks/GPUCompiler.framework/Versions/3902/Libraries/libmetal_timestamp.dylib
0x00000000024ba000 	/System/Library/PrivateFrameworks/FamilyControls.framework/Versions/A/FamilyControls
0x00000000024ba000 	/System/Library/PrivateFrameworks/CommerceKit.framework/Versions/A/Frameworks/CommerceCore.framework/Versions/A/CommerceCore
0x00000000024ba000 	/System/Library/PrivateFrameworks/SystemAdministration.framework/Versions/A/SystemAdministration
0x00000000024ba000 	/System/Library/PrivateFrameworks/DiskManagement.framework/Versions/A/DiskManagement
0x00000000024ba000 	/System/Library/Frameworks/DirectoryService.framework/Versions/A/DirectoryService
0x00000000024ba000 	/System/Library/PrivateFrameworks/DiskImages.framework/Versions/A/DiskImages
0x00000000024ba000 	/System/Library/PrivateFrameworks/LoginUIKit.framework/Versions/A/Frameworks/LoginUICore.framework/Versions/A/LoginUICore
0x00000000024ba000 	/usr/lib/libCoreStorage.dylib
0x00000000024ba000 	/usr/lib/libcsfde.dylib
0x00000000024ba000 	/usr/lib/libodfde.dylib
0x00000000024ba000 	/System/Library/PrivateFrameworks/MediaKit.framework/Versions/A/MediaKit
0x00000000024ba000 	/System/Library/Frameworks/DiscRecording.framework/Versions/A/DiscRecording
0x00000000024ba000 	/System/Library/PrivateFrameworks/EFILogin.framework/Versions/A/EFILogin
0x00000000024ba000 	/System/Library/PrivateFrameworks/ProtectedCloudStorage.framework/Versions/A/ProtectedCloudStorage
0x00000000024ba000 	/usr/lib/libcurl.4.dylib
0x00000000024ba000 	/usr/lib/libcrypto.44.dylib
0x00000000024ba000 	/usr/lib/libssl.46.dylib
0x00000000024ba000 	/System/Library/Frameworks/LDAP.framework/Versions/A/LDAP
0x00000000024ba000 	/System/Library/PrivateFrameworks/TrustEvaluationAgent.framework/Versions/A/TrustEvaluationAgent
0x00000000024ba000 	/usr/lib/libsasl2.2.dylib
0x00000000024ba000 	/System/Library/PrivateFrameworks/CoreDaemon.framework/Versions/B/CoreDaemon
0x00000000024ba000 	/System/Library/PrivateFrameworks/AppleSRP.framework/Versions/A/AppleSRP
0x00000000024ba000 	/System/Library/PrivateFrameworks/ViewBridge.framework/Versions/A/ViewBridge
0x00000000024ba000 	/System/Library/Frameworks/OpenGL.framework/Versions/A/Resources/GLEngine.bundle/GLEngine
0x00000000024ba000 	/System/Library/Frameworks/OpenGL.framework/Versions/A/Libraries/libGLProgrammability.dylib
0x00000000024ba000 	/System/Library/Extensions/AppleIntelBDWGraphicsGLDriver.bundle/Contents/MacOS/AppleIntelBDWGraphicsGLDriver
0x00000000024ba000 	/System/Library/PrivateFrameworks/GPUSupport.framework/Versions/A/Libraries/libGPUSupportMercury.dylib
0x00000000024ba000 	/System/Library/Frameworks/OpenGL.framework/Versions/A/Resources/GLRendererFloat.bundle/GLRendererFloat
0x00000000024ba000 	/System/Library/Frameworks/OpenCL.framework/Versions/A/Libraries/libcldcpuengine.dylib
0x00000000024ba000 	/System/Library/PrivateFrameworks/login.framework/Versions/A/login
0x000000010d8a7000 	/Applications/OpenSim 4.1/OpenSim 4.1.app/Contents/Resources/OpenSim/jre/lib/libsplashscreen.dylib
0x000000010d900000 	/Applications/OpenSim 4.1/OpenSim 4.1.app/Contents/Resources/OpenSim/jre/lib/libfontmanager.dylib
0x000000010d967000 	/Applications/OpenSim 4.1/OpenSim 4.1.app/Contents/Resources/OpenSim/jre/lib/libosxui.dylib
0x00000000024ba000 	/System/Library/PrivateFrameworks/HDRProcessing.framework/Versions/A/HDRProcessing
0x00000001100ab000 	/Applications/OpenSim 4.1/OpenSim 4.1.app/Contents/Resources/OpenSim/platform/modules/lib/libjnidispatch-422.jnilib
0x0000000134240000 	/Applications/OpenSim 4.1/OpenSim 4.1.app/Contents/Resources/OpenSim/sdk/lib/libosimJavaJNI.dylib
0x0000000134ed5000 	/Applications/OpenSim 4.1/OpenSim 4.1.app/Contents/Resources/OpenSim/sdk/lib/libosimTools.dylib
0x000000013501b000 	/Applications/OpenSim 4.1/OpenSim 4.1.app/Contents/Resources/OpenSim/sdk/lib/libosimExampleComponents.dylib
0x0000000135078000 	/Applications/OpenSim 4.1/OpenSim 4.1.app/Contents/Resources/OpenSim/sdk/lib/libosimAnalyses.dylib
0x00000001351a6000 	/Applications/OpenSim 4.1/OpenSim 4.1.app/Contents/Resources/OpenSim/sdk/lib/libosimActuators.dylib
0x00000001352b7000 	/Applications/OpenSim 4.1/OpenSim 4.1.app/Contents/Resources/OpenSim/sdk/lib/libosimSimulation.dylib
0x0000000135781000 	/Applications/OpenSim 4.1/OpenSim 4.1.app/Contents/Resources/OpenSim/sdk/lib/libosimCommon.dylib
0x0000000135a70000 	/Applications/OpenSim 4.1/OpenSim 4.1.app/Contents/Resources/OpenSim/sdk/lib/libosimLepton.dylib
0x0000000135a9d000 	/Applications/OpenSim 4.1/OpenSim 4.1.app/Contents/Resources/OpenSim/sdk/Simbody/lib/libSimTKsimbody.3.8.dylib
0x0000000135f12000 	/Applications/OpenSim 4.1/OpenSim 4.1.app/Contents/Resources/OpenSim/sdk/Simbody/lib/libSimTKmath.3.8.dylib
0x0000000136400000 	/Applications/OpenSim 4.1/OpenSim 4.1.app/Contents/Resources/OpenSim/sdk/Simbody/lib/libSimTKcommon.3.8.dylib
0x0000000136797000 	/Applications/OpenSim 4.1/OpenSim 4.1.app/Contents/Resources/OpenSim/sdk/lib/libBTKCommon.0.4dev.dylib
0x000000013698b000 	/Applications/OpenSim 4.1/OpenSim 4.1.app/Contents/Resources/OpenSim/sdk/lib/libBTKBasicFilters.0.4dev.dylib
0x0000000136a08000 	/Applications/OpenSim 4.1/OpenSim 4.1.app/Contents/Resources/OpenSim/sdk/lib/libBTKIO.0.4dev.dylib
0x000000014e8a7000 	/Applications/OpenSim 4.1/OpenSim 4.1.app/Contents/Resources/OpenSim/jre/lib/libosx.dylib
0x000000015969d000 	/private/var/folders/ly/8_3p4jyj2p73_xdsmx8kmktm0000gn/T/jxbrowser-chromium-55.0.2883.87.6.14.2/data/Temp/libjxbrowser-common64-99cf4a63-6827-46f0-b23e-2e20e424bd59.dylib
0x00000001596ad000 	/private/var/folders/ly/8_3p4jyj2p73_xdsmx8kmktm0000gn/T/jxbrowser-chromium-55.0.2883.87.6.14.2/jxbrowser-chromium.app/Contents/Frameworks/JxBrowser.framework/Libraries/libjxbrowser-chromium.dylib
0x00000000024ba000 	/System/Library/Frameworks/Quartz.framework/Versions/A/Quartz
0x00000000024ba000 	/System/Library/Frameworks/AVFoundation.framework/Versions/A/AVFoundation
0x00000000024ba000 	/System/Library/Frameworks/AddressBook.framework/Versions/A/AddressBook
0x00000000024ba000 	/System/Library/Frameworks/ImageCaptureCore.framework/Versions/A/ImageCaptureCore
0x00000000024ba000 	/System/Library/Frameworks/SecurityInterface.framework/Versions/A/SecurityInterface
0x00000000024ba000 	/System/Library/Frameworks/CoreMIDI.framework/Versions/A/CoreMIDI
0x00000000024ba000 	/System/Library/Frameworks/GameController.framework/Versions/A/GameController
0x00000000024ba000 	/System/Library/Frameworks/Quartz.framework/Versions/A/Frameworks/QuartzComposer.framework/Versions/A/QuartzComposer
0x00000000024ba000 	/System/Library/Frameworks/PDFKit.framework/Versions/A/PDFKit
0x00000000024ba000 	/System/Library/Frameworks/Quartz.framework/Versions/A/Frameworks/QuartzFilters.framework/Versions/A/QuartzFilters
0x00000000024ba000 	/System/Library/Frameworks/Quartz.framework/Versions/A/Frameworks/ImageKit.framework/Versions/A/ImageKit
0x00000000024ba000 	/System/Library/Frameworks/Quartz.framework/Versions/A/Frameworks/QuickLookUI.framework/Versions/A/QuickLookUI
0x00000000024ba000 	/System/Library/Frameworks/JavaScriptCore.framework/Versions/A/JavaScriptCore
0x00000000024ba000 	/System/Library/PrivateFrameworks/CorePDF.framework/Versions/A/CorePDF
0x00000000024ba000 	/System/Library/PrivateFrameworks/URLFormatting.framework/Versions/A/URLFormatting
0x00000000024ba000 	/System/Library/Frameworks/QuickLook.framework/Versions/A/QuickLook
0x00000000024ba000 	/System/Library/PrivateFrameworks/DisplayServices.framework/Versions/A/DisplayServices
0x00000000024ba000 	/System/Library/PrivateFrameworks/QuickLookSupport.framework/Versions/A/QuickLookSupport
0x00000000024ba000 	/System/Library/Frameworks/QuickLookThumbnailing.framework/Versions/A/QuickLookThumbnailing
0x00000000024ba000 	/System/Library/Frameworks/AVFoundation.framework/Versions/A/Frameworks/AVFAudio.framework/Versions/A/AVFAudio
0x00000000024ba000 	/System/Library/Frameworks/CoreMediaIO.framework/Versions/A/CoreMediaIO
0x00000000024ba000 	/usr/lib/libAudioStatistics.dylib
0x00000000024ba000 	/System/Library/PrivateFrameworks/perfdata.framework/Versions/A/perfdata
0x00000000024ba000 	/usr/lib/libperfcheck.dylib
0x00000000024ba000 	/usr/lib/libSMC.dylib
0x00000000024ba000 	/System/Library/PrivateFrameworks/CoreBrightness.framework/Versions/A/CoreBrightness
0x00000000024ba000 	/System/Library/PrivateFrameworks/HID.framework/Versions/A/HID
0x00000000024ba000 	/System/Library/Frameworks/SafariServices.framework/Versions/A/SafariServices
0x00000000024ba000 	/System/Library/PrivateFrameworks/QuickLookNonBaseSystem.framework/Versions/A/QuickLookNonBaseSystem
0x00000000024ba000 	/System/Library/PrivateFrameworks/MarkupUI.framework/Versions/A/MarkupUI
0x00000000024ba000 	/System/Library/PrivateFrameworks/SidecarCore.framework/Versions/A/SidecarCore
0x00000000024ba000 	/System/Library/PrivateFrameworks/AnnotationKit.framework/Versions/A/AnnotationKit
0x00000000024ba000 	/System/Library/Frameworks/PencilKit.framework/Versions/A/PencilKit
0x00000000024ba000 	/System/Library/PrivateFrameworks/SidecarUI.framework/Versions/A/SidecarUI
0x00000000024ba000 	/System/Library/PrivateFrameworks/CoreHandwriting.framework/Versions/A/CoreHandwriting
0x00000000024ba000 	/System/Library/Frameworks/MetalKit.framework/Versions/A/MetalKit
0x00000000024ba000 	/System/Library/PrivateFrameworks/Montreal.framework/Versions/A/Montreal
0x00000000024ba000 	/System/Library/Frameworks/CoreML.framework/Versions/A/CoreML
0x00000000024ba000 	/System/Library/PrivateFrameworks/DuetActivityScheduler.framework/Versions/A/DuetActivityScheduler
0x00000000024ba000 	/System/Library/PrivateFrameworks/Espresso.framework/Versions/A/Espresso
0x00000000024ba000 	/System/Library/PrivateFrameworks/CoreDuet.framework/Versions/A/CoreDuet
0x00000000024ba000 	/System/Library/PrivateFrameworks/CoreDuetContext.framework/Versions/A/CoreDuetContext
0x00000000024ba000 	/System/Library/PrivateFrameworks/PowerLog.framework/Versions/A/PowerLog
0x00000000024ba000 	/System/Library/Frameworks/CoreTelephony.framework/Versions/A/CoreTelephony
0x00000000024ba000 	/System/Library/PrivateFrameworks/CoreDuetDebugLogging.framework/Versions/A/CoreDuetDebugLogging
0x00000000024ba000 	/System/Library/PrivateFrameworks/ApplePushService.framework/Versions/A/ApplePushService
0x00000000024ba000 	/System/Library/Frameworks/CloudKit.framework/Versions/A/CloudKit
0x00000000024ba000 	/System/Library/Frameworks/Intents.framework/Versions/A/Intents
0x00000000024ba000 	/System/Library/PrivateFrameworks/CoreDuetDaemonProtocol.framework/Versions/A/CoreDuetDaemonProtocol
0x00000000024ba000 	/System/Library/PrivateFrameworks/Rapport.framework/Versions/A/Rapport
0x00000000024ba000 	/usr/lib/libTelephonyUtilDynamic.dylib
0x00000000024ba000 	/System/Library/PrivateFrameworks/C2.framework/Versions/A/C2
0x00000000024ba000 	/System/Library/Frameworks/CoreLocation.framework/Versions/A/CoreLocation
0x00000000024ba000 	/System/Library/Frameworks/PushKit.framework/Versions/A/PushKit
0x00000000024ba000 	/System/Library/Frameworks/NetworkExtension.framework/Versions/A/NetworkExtension
0x00000000024ba000 	/usr/lib/libnetworkextension.dylib
0x00000000024ba000 	/System/Library/PrivateFrameworks/EAP8021X.framework/Versions/A/EAP8021X
0x00000000024ba000 	/System/Library/PrivateFrameworks/GeoServices.framework/Versions/A/GeoServices
0x00000000024ba000 	/System/Library/PrivateFrameworks/LocationSupport.framework/Versions/A/LocationSupport
0x00000000024ba000 	/System/Library/PrivateFrameworks/PlugInKit.framework/Versions/A/PlugInKit
0x00000000024ba000 	/System/Library/PrivateFrameworks/IntentsFoundation.framework/Versions/A/IntentsFoundation
0x00000000024ba000 	/System/Library/PrivateFrameworks/ContactsPersistence.framework/Versions/A/ContactsPersistence
0x00000000024ba000 	/System/Library/PrivateFrameworks/AddressBookCore.framework/Versions/A/AddressBookCore
0x00000000024ba000 	/System/Library/PrivateFrameworks/ContactsUICore.framework/Versions/A/ContactsUICore
0x00000000024ba000 	/System/Library/PrivateFrameworks/CalendarAgentLink.framework/Versions/A/CalendarAgentLink
0x00000000024ba000 	/System/Library/PrivateFrameworks/ContactsFoundation.framework/Versions/A/ContactsFoundation
0x00000000024ba000 	/System/Library/PrivateFrameworks/IntlPreferences.framework/Versions/A/IntlPreferences
0x00000000024ba000 	/System/Library/PrivateFrameworks/ToneKit.framework/Versions/A/ToneKit
0x00000000024ba000 	/System/Library/PrivateFrameworks/ToneLibrary.framework/Versions/A/ToneLibrary
0x00000000024ba000 	/System/Library/PrivateFrameworks/vCard.framework/Versions/A/vCard
0x00000000024ba000 	/System/Library/PrivateFrameworks/PhoneNumbers.framework/Versions/A/PhoneNumbers
0x00000000024ba000 	/System/Library/Frameworks/Contacts.framework/Versions/A/Contacts
0x00000000024ba000 	/System/Library/PrivateFrameworks/AppleLDAP.framework/Versions/A/AppleLDAP
0x00000000024ba000 	/System/Library/PrivateFrameworks/ClassKit.framework/Versions/A/ClassKit
0x00000000024ba000 	/System/Library/PrivateFrameworks/CoreSuggestions.framework/Versions/A/CoreSuggestions
0x00000000024ba000 	/System/Library/PrivateFrameworks/CloudDocs.framework/Versions/A/CloudDocs
0x00000000024ba000 	/System/Library/PrivateFrameworks/AppSupport.framework/Versions/A/AppSupport
0x00000000024ba000 	/System/Library/PrivateFrameworks/AppleAccount.framework/Versions/A/AppleAccount
0x00000000024ba000 	/System/Library/PrivateFrameworks/SpotlightIndex.framework/Versions/A/SpotlightIndex
0x00000000024ba000 	/System/Library/PrivateFrameworks/AppleIDSSOAuthentication.framework/Versions/A/AppleIDSSOAuthentication
0x00000000024ba000 	/System/Library/PrivateFrameworks/AccountsDaemon.framework/Versions/A/AccountsDaemon
0x00000000024ba000 	/System/Library/PrivateFrameworks/IDS.framework/Versions/A/IDS
0x00000000024ba000 	/System/Library/PrivateFrameworks/WirelessDiagnostics.framework/Versions/A/WirelessDiagnostics
0x00000000024ba000 	/System/Library/PrivateFrameworks/OAuth.framework/Versions/A/OAuth
0x00000000024ba000 	/System/Library/PrivateFrameworks/IMFoundation.framework/Versions/A/IMFoundation
0x00000000024ba000 	/System/Library/PrivateFrameworks/Marco.framework/Versions/A/Marco
0x00000000024ba000 	/System/Library/PrivateFrameworks/IDSFoundation.framework/Versions/A/IDSFoundation
0x00000000024ba000 	/System/Library/PrivateFrameworks/Engram.framework/Versions/A/Engram
0x00000000024ba000 	/usr/lib/libtidy.A.dylib
0x00000000024ba000 	/System/Library/PrivateFrameworks/WirelessDiagnostics.framework/Versions/A/Libraries/libAWDSupportFramework.dylib
0x00000000024ba000 	/System/Library/PrivateFrameworks/WirelessDiagnostics.framework/Versions/A/Libraries/libAWDSupport.dylib
0x00000000024ba000 	/System/Library/PrivateFrameworks/WirelessDiagnostics.framework/Versions/A/Libraries/libprotobuf-lite.dylib
0x00000000024ba000 	/System/Library/PrivateFrameworks/WirelessDiagnostics.framework/Versions/A/Libraries/libprotobuf.dylib
0x00000000024ba000 	/System/Library/Frameworks/CoreSpotlight.framework/Versions/A/CoreSpotlight
0x00000000024ba000 	/System/Library/PrivateFrameworks/ProactiveEventTracker.framework/Versions/A/ProactiveEventTracker
0x00000000024ba000 	/System/Library/PrivateFrameworks/ProactiveSupport.framework/Versions/A/ProactiveSupport
0x00000000024ba000 	/System/Library/PrivateFrameworks/DataDetectorsNaturalLanguage.framework/Versions/A/DataDetectorsNaturalLanguage
0x00000000024ba000 	/System/Library/PrivateFrameworks/InternationalTextSearch.framework/Versions/A/InternationalTextSearch
0x00000000024ba000 	/System/Library/Frameworks/EventKit.framework/Versions/A/EventKit
0x00000000024ba000 	/System/Library/PrivateFrameworks/ResponseKit.framework/Versions/A/ResponseKit
0x00000000024ba000 	/System/Library/PrivateFrameworks/CalDAV.framework/Versions/A/CalDAV
0x00000000024ba000 	/System/Library/PrivateFrameworks/CalendarFoundation.framework/Versions/A/CalendarFoundation
0x00000000024ba000 	/System/Library/PrivateFrameworks/CalendarPersistence.framework/Versions/A/CalendarPersistence
0x00000000024ba000 	/System/Library/PrivateFrameworks/ExchangeWebServices.framework/Versions/A/ExchangeWebServices
0x00000000024ba000 	/System/Library/PrivateFrameworks/iCalendar.framework/Versions/A/iCalendar
0x00000000024ba000 	/System/Library/PrivateFrameworks/CoreDAV.framework/Versions/A/CoreDAV
0x00000000024ba000 	/System/Library/PrivateFrameworks/PersonaKit.framework/Versions/A/PersonaKit
0x00000000024ba000 	/System/Library/PrivateFrameworks/ContactsAutocomplete.framework/Versions/A/ContactsAutocomplete
0x00000000024ba000 	/System/Library/PrivateFrameworks/CoreRecents.framework/Versions/A/CoreRecents
0x00000000024ba000 	/System/Library/PrivateFrameworks/KerberosHelper.framework/Versions/A/KerberosHelper
0x00000000024ba000 	/System/Library/PrivateFrameworks/NLP.framework/Versions/A/NLP
0x00000000024ba000 	/System/Library/PrivateFrameworks/FamilyCircle.framework/Versions/A/FamilyCircle
0x00000000024ba000 	/System/Library/PrivateFrameworks/CoreFollowUp.framework/Versions/A/CoreFollowUp
0x00000000024ba000 	/System/Library/Frameworks/WebKit.framework/Versions/A/WebKit
0x00000000024ba000 	/System/Library/Frameworks/WebKit.framework/Versions/A/Frameworks/WebKitLegacy.framework/Versions/A/WebKitLegacy
0x00000000024ba000 	/System/Library/Frameworks/WebKit.framework/Versions/A/Frameworks/WebCore.framework/Versions/A/WebCore
0x00000000024ba000 	/usr/lib/libAccessibility.dylib
0x00000000024ba000 	/System/Library/PrivateFrameworks/CorePrediction.framework/Versions/A/CorePrediction
0x00000000024ba000 	/System/Library/PrivateFrameworks/DeviceIdentity.framework/Versions/A/DeviceIdentity
0x00000000024ba000 	/System/Library/Frameworks/WebKit.framework/Versions/A/Frameworks/WebCore.framework/Versions/A/Frameworks/libwebrtc.dylib
0x00000000024ba000 	/System/Library/PrivateFrameworks/SafariSafeBrowsing.framework/Versions/A/SafariSafeBrowsing
0x00000000024ba000 	/System/Library/PrivateFrameworks/WebInspectorUI.framework/Versions/A/WebInspectorUI
0x00000000024ba000 	/System/Library/PrivateFrameworks/AXCoreUtilities.framework/Versions/A/AXCoreUtilities
0x00000000024ba000 	/System/Library/PrivateFrameworks/GraphicsServices.framework/Versions/A/GraphicsServices
0x00000000024ba000 	/System/Library/PrivateFrameworks/CoreOptimization.framework/Versions/A/CoreOptimization
0x00000000024ba000 	/System/Library/PrivateFrameworks/RemoteServiceDiscovery.framework/Versions/A/RemoteServiceDiscovery
0x00000000024ba000 	/System/Library/PrivateFrameworks/RemoteXPC.framework/Versions/A/RemoteXPC
0x00000000024ba000 	/usr/lib/libusrtcp.dylib
0x0000000168cd5000 	/System/Library/Frameworks/CoreMediaIO.framework/Resources/AppleCamera.plugin/Contents/MacOS/AppleCamera
0x0000000168cff000 	/System/Library/Frameworks/CoreMediaIO.framework/Resources/VDC.plugin/Contents/MacOS/VDC
0x00000001691b7000 	/Applications/OpenSim 4.1/OpenSim 4.1.app/Contents/Resources/OpenSim/jre/lib/libmanagement.dylib
0x00000000024ba000 	/usr/lib/libboringssl.dylib
0x000000010f690000 	/Applications/OpenSim 4.1/OpenSim 4.1.app/Contents/Resources/OpenSim/jre/lib/libdcpr.dylib
0x000000010f791000 	/private/var/folders/ly/8_3p4jyj2p73_xdsmx8kmktm0000gn/T/jffi3529367011755638448.tmp
0x00000000024ba000 	/System/Library/PrivateFrameworks/Shortcut.framework/Versions/A/Shortcut
0x00000000024ba000 	/System/Library/PrivateFrameworks/HelpData.framework/Versions/A/HelpData

VM Arguments:
jvm_args: -Djdk.home=/Applications/OpenSim 4.1/OpenSim 4.1.app/Contents/Resources/OpenSim/jre -Dnetbeans.dirs=/Applications/OpenSim 4.1/OpenSim 4.1.app/Contents/Resources/OpenSim/OpenSim:/Applications/OpenSim 4.1/OpenSim 4.1.app/Contents/Resources/OpenSim/ide: -Dnetbeans.home=/Applications/OpenSim 4.1/OpenSim 4.1.app/Contents/Resources/OpenSim/platform -Xms24m -Xmx1024m -Djava.library.path=/Applications/OpenSim 4.1/OpenSim 4.1.app/Contents/MacOS/../Resources/OpenSim/bin/../sdk/lib -Dopensim.buildnumber=4.1 -DaddExports:java.desktop/com.apple.eawt=ALL-UNNAMED -DaddExports:java.desktop/sun.awt=ALL-UNNAMED -DaddExports:java.base/jdk.internal.jrtfs=ALL-UNNAMED -DaddExports:java.desktop/apple.laf=ALL-UNNAMED -DaddExports:java.desktop/java.awt.peer=ALL-UNNAMED -DaddExports:java.desktop/com.sun.beans.editors=ALL-UNNAMED -DaddExports:java.desktop/sun.awt.im=ALL-UNNAMED -DaddExports:java.management/sun.management=ALL-UNNAMED -XX:+HeapDumpOnOutOfMemoryError -XX:HeapDumpPath=/Users/rosswilkinson/Library/Application Support/OpenSim/4.1/var/log/heapdump.hprof 
java_command: org.netbeans.Main --cachedir /Users/rosswilkinson/Library/Application Support/OpenSim/4.1/var/cache --userdir /Users/rosswilkinson/Library/Application Support/OpenSim/4.1 --branding opensim
java_class_path (initial): /Applications/OpenSim 4.1/OpenSim 4.1.app/Contents/Resources/OpenSim/platform/lib/boot.jar:/Applications/OpenSim 4.1/OpenSim 4.1.app/Contents/Resources/OpenSim/platform/lib/org-openide-modules.jar:/Applications/OpenSim 4.1/OpenSim 4.1.app/Contents/Resources/OpenSim/platform/lib/org-openide-util-lookup.jar:/Applications/OpenSim 4.1/OpenSim 4.1.app/Contents/Resources/OpenSim/platform/lib/org-openide-util-ui.jar:/Applications/OpenSim 4.1/OpenSim 4.1.app/Contents/Resources/OpenSim/platform/lib/org-openide-util.jar:/Applications/OpenSim 4.1/OpenSim 4.1.app/Contents/Resources/OpenSim/platform/lib/locale/boot_ja.jar:/Applications/OpenSim 4.1/OpenSim 4.1.app/Contents/Resources/OpenSim/platform/lib/locale/boot_pt_BR.jar:/Applications/OpenSim 4.1/OpenSim 4.1.app/Contents/Resources/OpenSim/platform/lib/locale/boot_ru.jar:/Applications/OpenSim 4.1/OpenSim 4.1.app/Contents/Resources/OpenSim/platform/lib/locale/boot_zh_CN.jar:/Applications/OpenSim 4.1/OpenSim 4.1.app/Contents/Resources/OpenSim/platform/lib/locale/org-openide-modules_ja.jar:/Applications/OpenSim 4.1/OpenSim 4.1.app/Contents/Resources/OpenSim/platform/lib/locale/org-openide-modules_pt_BR.jar:/Applications/OpenSim 4.1/OpenSim 4.1.app/Contents/Resources/OpenSim/platform/lib/locale/org-openide-modules_ru.jar:/Applications/OpenSim 4.1/OpenSim 4.1.app/Contents/Resources/OpenSim/platform/lib/locale/org-openide-modules_zh_CN.jar:/Applications/OpenSim 4.1/OpenSim 4.1.app/Contents/Resources/OpenSim/platform/lib/locale/org-openide-util-lookup_ja.jar:/Applications/OpenSim 4.1/OpenSim 4.1.app/Contents/Resources/OpenSim/platform/lib/locale/org-openide-util-lookup_pt_BR.jar:/Applications/OpenSim 4.1/OpenSim 4.1.app/Contents/Resources/OpenSim/platform/lib/locale/org-openide-util-lookup_ru.jar:/Applications/OpenSim 4.1/OpenSim 4.1.app/Contents/Resources/OpenSim/platform/lib/locale/org-openide-util-lookup_zh_CN.jar:/Applications/OpenSim 4.1/OpenSim 4.1.app/Contents/Resources/OpenSim/platform/lib/locale/
Launcher Type: SUN_STANDARD

Environment Variables:
PATH=/usr/bin:/bin:/usr/sbin:/sbin
LD_LIBRARY_PATH=/Applications/OpenSim 4.1/OpenSim 4.1.app/Contents/MacOS/../Resources/OpenSim/bin/../jre/jre/lib/amd64:/Applications/OpenSim 4.1/OpenSim 4.1.app/Contents/MacOS/../Resources/OpenSim/bin/../jre/jre/lib/i386:
SHELL=/bin/zsh
DISPLAY=/private/tmp/com.apple.launchd.buD5aOd0Dt/org.macosforge.xquartz:0

Signal Handlers:
SIGSEGV: [libjvm.dylib+0x5b11a5], sa_mask[0]=11111111011111110111111111111111, sa_flags=SA_ONSTACK|SA_RESTART|SA_SIGINFO
SIGBUS: [libjvm.dylib+0x5b11a5], sa_mask[0]=11111111011111110111111111111111, sa_flags=SA_RESTART|SA_SIGINFO
SIGFPE: [libjvm.dylib+0x487dc0], sa_mask[0]=11111111011111110111111111111111, sa_flags=SA_RESTART|SA_SIGINFO
SIGPIPE: [libjvm.dylib+0x487dc0], sa_mask[0]=11111111011111110111111111111111, sa_flags=SA_RESTART|SA_SIGINFO
SIGXFSZ: [libjvm.dylib+0x487dc0], sa_mask[0]=11111111011111110111111111111111, sa_flags=SA_RESTART|SA_SIGINFO
SIGILL: [libjvm.dylib+0x487dc0], sa_mask[0]=11111111011111110111111111111111, sa_flags=SA_RESTART|SA_SIGINFO
SIGUSR1: SIG_DFL, sa_mask[0]=00000000000000000000000000000000, sa_flags=none
SIGUSR2: [libjvm.dylib+0x4878de], sa_mask[0]=00000000000000000000000000000000, sa_flags=SA_RESTART|SA_SIGINFO
SIGHUP: [libjvm.dylib+0x485eb5], sa_mask[0]=11111111011111110111111111111111, sa_flags=SA_RESTART|SA_SIGINFO
SIGINT: SIG_IGN, sa_mask[0]=00000000000000000000000000000000, sa_flags=none
SIGTERM: [libjvm.dylib+0x485eb5], sa_mask[0]=11111111011111110111111111111111, sa_flags=SA_RESTART|SA_SIGINFO
SIGQUIT: [libjvm.dylib+0x485eb5], sa_mask[0]=11111111011111110111111111111111, sa_flags=SA_RESTART|SA_SIGINFO


---------------  S Y S T E M  ---------------

OS:Bsduname:Darwin 19.6.0 Darwin Kernel Version 19.6.0: Mon Aug 31 22:12:52 PDT 2020; root:xnu-6153.141.2~1/RELEASE_X86_64 x86_64
rlimit: STACK 8192k, CORE 0k, NPROC 2784, NOFILE 10240, AS infinity
load average:7.73 7.78 8.16

CPU:total 4 (2 cores per cpu, 2 threads per core) family 6 model 61 stepping 4, cmov, cx8, fxsr, mmx, sse, sse2, sse3, ssse3, sse4.1, sse4.2, popcnt, avx, avx2, aes, clmul, erms, 3dnowpref, lzcnt, ht, tsc, tscinvbit, bmi1, bmi2, adx

Memory: 4k page, physical 16777216k(684028k free)

/proc/meminfo:


vm_info: Java HotSpot(TM) 64-Bit Server VM (25.112-b16) for bsd-amd64 JRE (1.8.0_112-b16), built on Sep 30 2016 22:41:41 by "java_re" with gcc 4.2.1 (Based on Apple Inc. build 5658) (LLVM build 2336.11.00)

time: Sat Oct 24 12:55:43 2020
elapsed time: 63 seconds (0d 0h 1m 3s)

