#
# A fatal error has been detected by the Java Runtime Environment:
#
#  SIGSEGV (0xb) at pc=0x000000013f443444, pid=2112, tid=0x000000000000e00f
#
# JRE version: Java(TM) SE Runtime Environment (8.0_112-b16) (build 1.8.0_112-b16)
# Java VM: Java HotSpot(TM) 64-Bit Server VM (25.112-b16 mixed mode bsd-amd64 compressed oops)
# Problematic frame:
# C  [libSimTKcommon.3.8.dylib+0x1a6444]  SimTK::System::getDefaultSubsystem() const+0x4
#
# Failed to write core dump. Core dumps have been disabled. To enable core dumping, try "ulimit -c unlimited" before starting Java again
#
# If you would like to submit a bug report, please visit:
#   http://bugreport.java.com/bugreport/crash.jsp
# The crash happened outside the Java Virtual Machine in native code.
# See problematic frame for where to report the bug.
#

---------------  T H R E A D  ---------------

Current thread (0x00007fc404213800):  JavaThread "AWT-EventQueue-0" [_thread_in_native, id=57359, stack(0x0000700008295000,0x0000700008395000)]

siginfo: si_signo: 11 (SIGSEGV), si_code: 0 (unknown), si_addr: 0x0000000000000000

Registers:
RAX=0x3ff5af29c88eaf30, RBX=0x000000015178e110, RCX=0x0000700008393898, RDX=0x00007fc413b3e060
RSP=0x0000700008393720, RBP=0x0000700008393720, RSI=0x00007fc413093e48, RDI=0x3ff5af29c88eaf30
R8 =0x00007fc413093e48, R9 =0x0000700008393880, R10=0x000000010f0d09c8, R11=0x000000010d6e445f
R12=0x00007fc4042139f8, R13=0x000000015178e110, R14=0x00007fc413093e48, R15=0x00007fc413b3e060
RIP=0x000000013f443444, EFLAGS=0x0000000000010202, ERR=0x0000000000000000
  TRAPNO=0x000000000000000d

Top of Stack: (sp=0x0000700008393720)
0x0000700008393720:   00007000083937b0 000000013e3db9a0
0x0000700008393730:   0000700008393810 000000010d4c0c24
0x0000700008393740:   00000001200e3578 00007fc404213800
0x0000700008393750:   00000007ab02a548 00007000083938c8
0x0000700008393760:   00007fc403cce278 00000001200e3578
0x0000700008393770:   0000700008393850 000000010d4c0c24
0x0000700008393780:   00007000083937b0 00007fff69858d7a
0x0000700008393790:   00000007ab0201f0 000000015178e110
0x00007000083937a0:   00007000083938a8 00007fc404213800
0x00007000083937b0:   00007000083937e0 000000013d381a0e
0x00007000083937c0:   000000015178e110 0000000000000000
0x00007000083937d0:   00007000083938a8 00007fc404213800
0x00007000083937e0:   0000700008393860 000000010f0d09f4
0x00007000083937f0:   0000700008393840 000000011012c68e
0x0000700008393800:   00000007c09ca0a0 00000007ab02a308
0x0000700008393810:   0000700008393830 000000010d6de04f
0x0000700008393820:   0000700008393820 0000000000000000
0x0000700008393830:   00007000083938a8 00000001518c5978
0x0000700008393840:   0000000000000000 000000015178e110
0x0000700008393850:   0000000000000000 0000700008393880
0x0000700008393860:   0000700008393900 000000010f0c0dd0
0x0000700008393870:   0000000780412940 000000010f0ca537
0x0000700008393880:   0000000781a60908 00007fc413093e48
0x0000700008393890:   0000000781a60908 0000000781a60cb8
0x00007000083938a0:   00007fc413b3e060 00000007ab02a110
0x00007000083938b0:   00000007ab02a860 00000007ab02a860
0x00007000083938c0:   00007000083938c0 0000000157c5ee8e
0x00007000083938d0:   0000700008393918 0000000175b469b8
0x00007000083938e0:   0000000000000000 0000000157c5eeb8
0x00007000083938f0:   0000700008393880 0000700008393910
0x0000700008393900:   0000700008393960 000000010f0c1040
0x0000700008393910:   0000000781a60908 0000000781a60cb8 

Instructions: (pc=0x000000013f443444)
0x000000013f443424:   48 8b 47 08 48 63 ce 48 8b 40 38 48 8b 04 c8 5d
0x000000013f443434:   c3 66 66 2e 0f 1f 84 00 00 00 00 00 55 48 89 e5
0x000000013f443444:   48 8b 07 48 8b 40 08 48 8b 40 38 48 8b 00 5d c3
0x000000013f443454:   66 66 66 2e 0f 1f 84 00 00 00 00 00 55 48 89 e5 

Register to memory mapping:

RAX=0x3ff5af29c88eaf30 is an unknown value
RBX={method} {0x000000015178e110} 'Frame_getTransformInGround' '(JLorg/opensim/modeling/Frame;JLorg/opensim/modeling/State;)J' in 'org/opensim/modeling/opensimSimulationJNI'
RCX=0x0000700008393898 is pointing into the stack for thread: 0x00007fc404213800
RDX=0x00007fc413b3e060 is an unknown value
RSP=0x0000700008393720 is pointing into the stack for thread: 0x00007fc404213800
RBP=0x0000700008393720 is pointing into the stack for thread: 0x00007fc404213800
RSI=0x00007fc413093e48 is an unknown value
RDI=0x3ff5af29c88eaf30 is an unknown value
R8 =0x00007fc413093e48 is an unknown value
R9 =0x0000700008393880 is pointing into the stack for thread: 0x00007fc404213800
R10=0x000000010f0d09c8 is at code_begin+808 in an Interpreter codelet
method entry point (kind = native)  [0x000000010f0d06a0, 0x000000010f0d0fa0]  2304 bytes
R11=0x000000010d6e445f: throw_unsatisfied_link_error+0 in /Applications/OpenSim 4.1/OpenSim 4.1.app/Contents/Resources/OpenSim/jre/lib/server/libjvm.dylib at 0x000000010d200000
R12=0x00007fc4042139f8 is an unknown value
R13={method} {0x000000015178e110} 'Frame_getTransformInGround' '(JLorg/opensim/modeling/Frame;JLorg/opensim/modeling/State;)J' in 'org/opensim/modeling/opensimSimulationJNI'
R14=0x00007fc413093e48 is an unknown value
R15=0x00007fc413b3e060 is an unknown value


Stack: [0x0000700008295000,0x0000700008395000],  sp=0x0000700008393720,  free space=1017k
Native frames: (J=compiled Java code, j=interpreted, Vv=VM code, C=native code)
C  [libSimTKcommon.3.8.dylib+0x1a6444]  SimTK::System::getDefaultSubsystem() const+0x4
C  [libosimSimulation.dylib+0x1519a0]  OpenSim::Frame::getTransformInGround(SimTK::State const&) const+0x20
C  [libosimJavaJNI.dylib+0x282a0e]  Java_org_opensim_modeling_opensimSimulationJNI_Frame_1getTransformInGround+0x1e
j  org.opensim.modeling.opensimSimulationJNI.Frame_getTransformInGround(JLorg/opensim/modeling/Frame;JLorg/opensim/modeling/State;)J+0
j  org.opensim.modeling.Frame.getTransformInGround(Lorg/opensim/modeling/State;)Lorg/opensim/modeling/Transform;+14
j  org.opensim.threejs.ModelVisualizationJson.appendToFrame(Lorg/json/simple/JSONArray;ZLorg/json/simple/JSONArray;)V+122
j  org.opensim.threejs.ModelVisualizationJson.createFrameMessageJson(ZZ)Lorg/json/simple/JSONObject;+105
j  org.opensim.view.pub.ViewDB.updateModelDisplayNoRepaint(Lorg/opensim/modeling/Model;ZZ)V+26
j  org.opensim.view.motions.JavaMotionDisplayerCallback$1.run()V+97
J 7262 C2 java.awt.event.InvocationEvent.dispatch()V (69 bytes) @ 0x000000011057ac38 [0x000000011057aba0+0x98]
J 7189 C2 java.awt.EventQueue$3.run()Ljava/lang/Object; (5 bytes) @ 0x0000000110533374 [0x00000001105332a0+0xd4]
v  ~StubRoutines::call_stub
V  [libjvm.dylib+0x2edbd2]  JavaCalls::call_helper(JavaValue*, methodHandle*, JavaCallArguments*, Thread*)+0x6ae
V  [libjvm.dylib+0x34e310]  JVM_DoPrivileged+0x4b8
J 990  java.security.AccessController.doPrivileged(Ljava/security/PrivilegedAction;Ljava/security/AccessControlContext;)Ljava/lang/Object; (0 bytes) @ 0x000000010f475795 [0x000000010f4756c0+0xd5]
J 7204 C2 org.netbeans.core.TimableEventQueue.dispatchEvent(Ljava/awt/AWTEvent;)V (43 bytes) @ 0x0000000110550fec [0x0000000110550b20+0x4cc]
J 7233 C1 java.awt.EventDispatchThread.pumpOneEventForFilters(I)V (295 bytes) @ 0x0000000110556ae4 [0x0000000110554d00+0x1de4]
j  java.awt.EventDispatchThread.pumpEventsForFilter(ILjava/awt/Conditional;Ljava/awt/EventFilter;)V+35
j  java.awt.EventDispatchThread.pumpEventsForHierarchy(ILjava/awt/Conditional;Ljava/awt/Component;)V+11
j  java.awt.EventDispatchThread.pumpEvents(ILjava/awt/Conditional;)V+4
j  java.awt.EventDispatchThread.pumpEvents(Ljava/awt/Conditional;)V+3
j  java.awt.EventDispatchThread.run()V+9
v  ~StubRoutines::call_stub
V  [libjvm.dylib+0x2edbd2]  JavaCalls::call_helper(JavaValue*, methodHandle*, JavaCallArguments*, Thread*)+0x6ae
V  [libjvm.dylib+0x2ee360]  JavaCalls::call_virtual(JavaValue*, KlassHandle, Symbol*, Symbol*, JavaCallArguments*, Thread*)+0x164
V  [libjvm.dylib+0x2ee50c]  JavaCalls::call_virtual(JavaValue*, Handle, KlassHandle, Symbol*, Symbol*, Thread*)+0x4a
V  [libjvm.dylib+0x348c59]  thread_entry(JavaThread*, Thread*)+0x7c
V  [libjvm.dylib+0x56b033]  JavaThread::thread_main_inner()+0x9b
V  [libjvm.dylib+0x56c720]  JavaThread::run()+0x1c2
V  [libjvm.dylib+0x48a7ae]  java_start(Thread*)+0xf6
C  [libsystem_pthread.dylib+0x6109]  _pthread_start+0x94
C  [libsystem_pthread.dylib+0x1b8b]  thread_start+0xf
C  0x0000000000000000

Java frames: (J=compiled Java code, j=interpreted, Vv=VM code)
j  org.opensim.modeling.opensimSimulationJNI.Frame_getTransformInGround(JLorg/opensim/modeling/Frame;JLorg/opensim/modeling/State;)J+0
j  org.opensim.modeling.Frame.getTransformInGround(Lorg/opensim/modeling/State;)Lorg/opensim/modeling/Transform;+14
j  org.opensim.threejs.ModelVisualizationJson.appendToFrame(Lorg/json/simple/JSONArray;ZLorg/json/simple/JSONArray;)V+122
j  org.opensim.threejs.ModelVisualizationJson.createFrameMessageJson(ZZ)Lorg/json/simple/JSONObject;+105
j  org.opensim.view.pub.ViewDB.updateModelDisplayNoRepaint(Lorg/opensim/modeling/Model;ZZ)V+26
j  org.opensim.view.motions.JavaMotionDisplayerCallback$1.run()V+97
J 7262 C2 java.awt.event.InvocationEvent.dispatch()V (69 bytes) @ 0x000000011057ac38 [0x000000011057aba0+0x98]
J 7189 C2 java.awt.EventQueue$3.run()Ljava/lang/Object; (5 bytes) @ 0x0000000110533374 [0x00000001105332a0+0xd4]
v  ~StubRoutines::call_stub
J 990  java.security.AccessController.doPrivileged(Ljava/security/PrivilegedAction;Ljava/security/AccessControlContext;)Ljava/lang/Object; (0 bytes) @ 0x000000010f475723 [0x000000010f4756c0+0x63]
J 7204 C2 org.netbeans.core.TimableEventQueue.dispatchEvent(Ljava/awt/AWTEvent;)V (43 bytes) @ 0x0000000110550fec [0x0000000110550b20+0x4cc]
J 7233 C1 java.awt.EventDispatchThread.pumpOneEventForFilters(I)V (295 bytes) @ 0x0000000110556ae4 [0x0000000110554d00+0x1de4]
j  java.awt.EventDispatchThread.pumpEventsForFilter(ILjava/awt/Conditional;Ljava/awt/EventFilter;)V+35
j  java.awt.EventDispatchThread.pumpEventsForHierarchy(ILjava/awt/Conditional;Ljava/awt/Component;)V+11
j  java.awt.EventDispatchThread.pumpEvents(ILjava/awt/Conditional;)V+4
j  java.awt.EventDispatchThread.pumpEvents(Ljava/awt/Conditional;)V+3
j  java.awt.EventDispatchThread.run()V+9
v  ~StubRoutines::call_stub

---------------  P R O C E S S  ---------------

Java Threads: ( => current thread )
  0x00007fc412087000 JavaThread "Timer-1" [_thread_blocked, id=70147, stack(0x000070001445b000,0x000070001455b000)]
  0x00007fc3f598e000 JavaThread "Thread-19" [_thread_blocked, id=36711, stack(0x0000700007bfd000,0x0000700007cfd000)]
  0x00007fc413148000 JavaThread "Scheduler-1148169525" [_thread_blocked, id=70007, stack(0x0000700008b30000,0x0000700008c30000)]
  0x00007fc4055a8000 JavaThread "IPC Sync Events Thread" [_thread_blocked, id=164615, stack(0x0000700008a2d000,0x0000700008b2d000)]
  0x00007fc41155b800 JavaThread "Inactive RequestProcessor thread [Was:Folder Instance Processor/org.openide.loaders.FolderInstance$1R]" daemon [_thread_blocked, id=102155, stack(0x0000700013352000,0x0000700013452000)]
  0x00007fc40f8e7000 JavaThread "org.python.google.common.base.internal.Finalizer" daemon [_thread_blocked, id=165755, stack(0x000070001324f000,0x000070001334f000)]
  0x00007fc404a7c000 JavaThread "pool-5-thread-2" [_thread_blocked, id=166403, stack(0x000070001314c000,0x000070001324c000)]
  0x00007fc4042a8800 JavaThread "pool-5-thread-1" [_thread_blocked, id=166663, stack(0x0000700013049000,0x0000700013149000)]
  0x00007fc4049d1800 JavaThread "qtp23929724-56" [_thread_blocked, id=135427, stack(0x0000700012f46000,0x0000700013046000)]
  0x00007fc404230800 JavaThread "qtp23929724-55" [_thread_in_native, id=169731, stack(0x0000700012e43000,0x0000700012f43000)]
  0x00007fc40422f800 JavaThread "qtp23929724-54" [_thread_blocked, id=135171, stack(0x0000700012d40000,0x0000700012e40000)]
  0x00007fc40421f000 JavaThread "qtp23929724-53" [_thread_blocked, id=134983, stack(0x0000700012c3d000,0x0000700012d3d000)]
  0x00007fc40421e000 JavaThread "qtp23929724-52" [_thread_blocked, id=75787, stack(0x0000700012b3a000,0x0000700012c3a000)]
  0x00007fc4041fc000 JavaThread "qtp23929724-51-acceptor-0@31121858-ServerConnector@3fd5e00a{HTTP/1.1,[http/1.1]}{0.0.0.0:8002}" [_thread_in_native, id=75527, stack(0x0000700012a37000,0x0000700012b37000)]
  0x00007fc4045fc800 JavaThread "qtp23929724-50" [_thread_blocked, id=76303, stack(0x0000700012934000,0x0000700012a34000)]
  0x00007fc405b76800 JavaThread "qtp23929724-49" [_thread_in_native, id=58907, stack(0x0000700012831000,0x0000700012931000)]
  0x00007fc40e384800 JavaThread "Thread-7" [_thread_blocked, id=34827, stack(0x000070001272e000,0x000070001282e000)]
  0x00007fc40463b800 JavaThread "IPC Sync Events Thread" [_thread_blocked, id=170499, stack(0x000070001262b000,0x000070001272b000)]
  0x00007fc404604800 JavaThread "Browser Events Thread" [_thread_blocked, id=171011, stack(0x0000700012528000,0x0000700012628000)]
  0x00007fc411025800 JavaThread "IPC Sync Events Thread" [_thread_blocked, id=171523, stack(0x0000700012425000,0x0000700012525000)]
  0x00007fc40523f800 JavaThread "Memory Writer SocketInfo{cid=0, bid=0, channelType=Render}" [_thread_blocked, id=134403, stack(0x0000700012322000,0x0000700012422000)]
  0x00007fc40463a000 JavaThread "Socket Connection Checker SocketInfo{cid=0, bid=0, channelType=Render}" [_thread_in_native, id=134147, stack(0x000070001221f000,0x000070001231f000)]
  0x00007fc40f8b0800 JavaThread "IPC Memory Reader Thread" [_thread_in_native, id=106763, stack(0x000070001219c000,0x000070001221c000)]
  0x00007fc404640800 JavaThread "IPC Async Events Thread" [_thread_blocked, id=109571, stack(0x0000700012099000,0x0000700012199000)]
  0x00007fc41105e000 JavaThread "Memory Writer SocketInfo{cid=0, bid=0, channelType=Browser}" [_thread_blocked, id=117507, stack(0x000070001160a000,0x000070001170a000)]
  0x00007fc405fff800 JavaThread "Socket Connection Checker SocketInfo{cid=0, bid=0, channelType=Browser}" [_thread_in_native, id=118019, stack(0x0000700011507000,0x0000700011607000)]
  0x00007fc40f894000 JavaThread "IPC Memory Reader Thread" [_thread_in_native, id=100099, stack(0x0000700011401000,0x0000700011481000)]
  0x00007fc41102b000 JavaThread "IPC Async Events Thread" [_thread_blocked, id=97035, stack(0x00007000109f5000,0x0000700010af5000)]
  0x00007fc40f884800 JavaThread "Memory Writer SocketInfo{cid=0, bid=-1, channelType=Main}" [_thread_blocked, id=121347, stack(0x00007000100ef000,0x00007000101ef000)]
  0x00007fc404627000 JavaThread "Socket Connection Checker SocketInfo{cid=0, bid=-1, channelType=Main}" [_thread_in_native, id=96515, stack(0x000070000ffec000,0x00007000100ec000)]
  0x00007fc404628000 JavaThread "IPC Memory Reader Thread" [_thread_in_native, id=122883, stack(0x000070000fee6000,0x000070000ff66000)]
  0x00007fc40f8e9000 JavaThread "IPC Process Thread" daemon [_thread_in_native, id=62979, stack(0x0000700008d36000,0x0000700008e36000)]
  0x00007fc40f8e8000 JavaThread "IPC Server Thread" daemon [_thread_in_native, id=72235, stack(0x0000700008c33000,0x0000700008d33000)]
  0x00007fc4051f7000 JavaThread "process reaper" daemon [_thread_blocked, id=86095, stack(0x0000700007e89000,0x0000700007eb1000)]
  0x00007fc404909000 JavaThread "DestroyJavaVM" [_thread_blocked, id=4099, stack(0x00007000067b8000,0x00007000068b8000)]
  0x00007fc405349000 JavaThread "TimerQueue" daemon [_thread_blocked, id=70407, stack(0x000070000892a000,0x0000700008a2a000)]
  0x00007fc405239800 JavaThread "Thread-4" daemon [_thread_blocked, id=72163, stack(0x0000700008827000,0x0000700008927000)]
  0x00007fc4056ab000 JavaThread "Timer-0" daemon [_thread_blocked, id=72979, stack(0x0000700008724000,0x0000700008824000)]
  0x00007fc405670000 JavaThread "File Watcher" daemon [_thread_blocked, id=61203, stack(0x0000700008621000,0x0000700008721000)]
  0x00007fc40566f000 JavaThread "Thread-1" daemon [_thread_in_native, id=60027, stack(0x000070000851e000,0x000070000861e000)]
  0x00007fc405387000 JavaThread "Inactive RequestProcessor thread [Was:Folder recognizer/org.openide.loaders.FolderList$ListTask]" daemon [_thread_blocked, id=59483, stack(0x000070000841b000,0x000070000851b000)]
=>0x00007fc404213800 JavaThread "AWT-EventQueue-0" [_thread_in_native, id=57359, stack(0x0000700008295000,0x0000700008395000)]
  0x00007fc4049c5800 JavaThread "Java2D Disposer" daemon [_thread_blocked, id=79379, stack(0x0000700008192000,0x0000700008292000)]
  0x00007fc405b9d000 JavaThread "Java2D Queue Flusher" daemon [_thread_blocked, id=51975, stack(0x000070000808f000,0x000070000818f000)]
  0x00007fc4049ba800 JavaThread "RequestProcessor queue manager" daemon [_thread_blocked, id=81411, stack(0x0000700007f8c000,0x000070000808c000)]
  0x00007fc404165800 JavaThread "Inactive RequestProcessor thread [Was:TimedSoftReference/org.openide.util.TimedSoftReference]" daemon [_thread_blocked, id=82691, stack(0x0000700007d86000,0x0000700007e86000)]
  0x00007fc405257000 JavaThread "AWT-Shutdown" [_thread_blocked, id=25379, stack(0x0000700007971000,0x0000700007a71000)]
  0x00007fc404160000 JavaThread "AppKit Thread" daemon [_thread_in_native, id=775, stack(0x00007ffee2b7d000,0x00007ffee337d000)]
  0x00007fc405b17000 JavaThread "CLI Requests Server" daemon [_thread_in_native, id=15363, stack(0x00007000077eb000,0x00007000078eb000)]
  0x00007fc4059b4000 JavaThread "Active Reference Queue Daemon" daemon [_thread_blocked, id=14851, stack(0x00007000076e8000,0x00007000077e8000)]
  0x00007fc40403e000 JavaThread "Service Thread" daemon [_thread_blocked, id=14083, stack(0x00007000074e2000,0x00007000075e2000)]
  0x00007fc404823800 JavaThread "C1 CompilerThread2" daemon [_thread_blocked, id=13571, stack(0x00007000073df000,0x00007000074df000)]
  0x00007fc404822800 JavaThread "C2 CompilerThread1" daemon [_thread_blocked, id=17923, stack(0x00007000072dc000,0x00007000073dc000)]
  0x00007fc404015000 JavaThread "C2 CompilerThread0" daemon [_thread_blocked, id=18435, stack(0x00007000071d9000,0x00007000072d9000)]
  0x00007fc40481b800 JavaThread "Signal Dispatcher" daemon [_thread_blocked, id=18691, stack(0x00007000070d6000,0x00007000071d6000)]
  0x00007fc405815800 JavaThread "Finalizer" daemon [_thread_blocked, id=11523, stack(0x0000700006ecd000,0x0000700006fcd000)]
  0x00007fc405812800 JavaThread "Reference Handler" daemon [_thread_blocked, id=11267, stack(0x0000700006dca000,0x0000700006eca000)]

Other Threads:
  0x00007fc405810000 VMThread [stack: 0x0000700006cc7000,0x0000700006dc7000] [id=21507]
  0x00007fc40502c000 WatcherThread [stack: 0x00007000075e5000,0x00007000076e5000] [id=14339]

VM state:not at safepoint (normal execution)

VM Mutex/Monitor currently owned by a thread: None

Heap:
 PSYoungGen      total 81920K, used 28941K [0x00000007aab00000, 0x00000007b1c80000, 0x00000007c0000000)
  eden space 58368K, 9% used [0x00000007aab00000,0x00000007ab064928,0x00000007ae400000)
  from space 23552K, 99% used [0x00000007ae400000,0x00000007afadeed0,0x00000007afb00000)
  to   space 27648K, 0% used [0x00000007b0180000,0x00000007b0180000,0x00000007b1c80000)
 ParOldGen       total 182272K, used 81566K [0x0000000780000000, 0x000000078b200000, 0x00000007aab00000)
  object space 182272K, 44% used [0x0000000780000000,0x0000000784fa7b20,0x000000078b200000)
 Metaspace       used 62502K, capacity 65345K, committed 65664K, reserved 1103872K
  class space    used 9709K, capacity 10545K, committed 10624K, reserved 1048576K

Card table byte_map: [0x000000010e562000,0x000000010e763000] byte_map_base: 0x000000010a962000

Marking Bits: (ParMarkBitMap*) 0x000000010daf0d30
 Begin Bits: [0x000000011e0b9000, 0x000000011f0b9000)
 End Bits:   [0x000000011f0b9000, 0x00000001200b9000)

Polling page: 0x000000010c8f1000

CodeCache: size=245760Kb used=22317Kb max_used=22317Kb free=223442Kb
 bounds [0x000000010f0b9000, 0x00000001106a9000, 0x000000011e0b9000]
 total_blobs=7610 nmethods=6674 adapters=847
 compilation: enabled

Compilation events (10 events):
Event: 44.844 Thread 0x00007fc404823800 7634       1       org.netbeans.swing.tabcontrol.plaf.TabControlButtonFactory$SlideGroupButton::getButtonId (3 bytes)
Event: 44.844 Thread 0x00007fc404823800 nmethod 7634 0x000000011069b550 code [0x000000011069b6a0, 0x000000011069b7b0]
Event: 44.849 Thread 0x00007fc404823800 7635       3       org.netbeans.swing.tabcontrol.plaf.NonStretchingViewTabLayoutModel::getXCoords (350 bytes)
Event: 44.854 Thread 0x00007fc404823800 nmethod 7635 0x000000011069c050 code [0x000000011069c380, 0x000000011069dfd8]
Event: 44.870 Thread 0x00007fc404823800 7636  s    3       javax.swing.ImageIcon::paintIcon (40 bytes)
Event: 44.871 Thread 0x00007fc404823800 nmethod 7636 0x000000011069ad90 code [0x000000011069af20, 0x000000011069b3d8]
Event: 44.876 Thread 0x00007fc404823800 7637   !   3       java.lang.Boolean::getBoolean (16 bytes)
Event: 44.878 Thread 0x00007fc404823800 nmethod 7637 0x000000011069a2d0 code [0x000000011069a4a0, 0x000000011069aa98]
Event: 44.881 Thread 0x00007fc404823800 7638       3       java.util.WeakHashMap::isEmpty (13 bytes)
Event: 44.882 Thread 0x00007fc404823800 nmethod 7638 0x0000000110699d50 code [0x0000000110699ec0, 0x000000011069a1e8]

GC Heap History (10 events):
Event: 23.830 GC heap before
{Heap before GC invocations=22 (full 5):
 PSYoungGen      total 65024K, used 57293K [0x00000007aab00000, 0x00000007b2080000, 0x00000007c0000000)
  eden space 57344K, 99% used [0x00000007aab00000,0x00000007ae2f3640,0x00000007ae300000)
  from space 7680K, 0% used [0x00000007af880000,0x00000007af880000,0x00000007b0000000)
  to   space 22016K, 0% used [0x00000007ae300000,0x00000007ae300000,0x00000007af880000)
 ParOldGen       total 138240K, used 77403K [0x0000000780000000, 0x0000000788700000, 0x00000007aab00000)
  object space 138240K, 55% used [0x0000000780000000,0x0000000784b96d70,0x0000000788700000)
 Metaspace       used 60768K, capacity 63361K, committed 63616K, reserved 1101824K
  class space    used 9507K, capacity 10317K, committed 10368K, reserved 1048576K
Event: 23.849 GC heap after
Heap after GC invocations=22 (full 5):
 PSYoungGen      total 79360K, used 7040K [0x00000007aab00000, 0x00000007b0f80000, 0x00000007c0000000)
  eden space 57344K, 0% used [0x00000007aab00000,0x00000007aab00000,0x00000007ae300000)
  from space 22016K, 31% used [0x00000007ae300000,0x00000007ae9e0080,0x00000007af880000)
  to   space 20992K, 0% used [0x00000007afb00000,0x00000007afb00000,0x00000007b0f80000)
 ParOldGen       total 138240K, used 97587K [0x0000000780000000, 0x0000000788700000, 0x00000007aab00000)
  object space 138240K, 70% used [0x0000000780000000,0x0000000785f4cf68,0x0000000788700000)
 Metaspace       used 60768K, capacity 63361K, committed 63616K, reserved 1101824K
  class space    used 9507K, capacity 10317K, committed 10368K, reserved 1048576K
}
Event: 24.275 GC heap before
{Heap before GC invocations=23 (full 6):
 PSYoungGen      total 79360K, used 64384K [0x00000007aab00000, 0x00000007b0f80000, 0x00000007c0000000)
  eden space 57344K, 100% used [0x00000007aab00000,0x00000007ae300000,0x00000007ae300000)
  from space 22016K, 31% used [0x00000007ae300000,0x00000007ae9e0080,0x00000007af880000)
  to   space 20992K, 0% used [0x00000007afb00000,0x00000007afb00000,0x00000007b0f80000)
 ParOldGen       total 138240K, used 134451K [0x0000000780000000, 0x0000000788700000, 0x00000007aab00000)
  object space 138240K, 97% used [0x0000000780000000,0x000000078834cf78,0x0000000788700000)
 Metaspace       used 60784K, capacity 63367K, committed 63616K, reserved 1101824K
  class space    used 9508K, capacity 10318K, committed 10368K, reserved 1048576K
Event: 24.392 GC heap after
Heap after GC invocations=23 (full 6):
 PSYoungGen      total 79360K, used 0K [0x00000007aab00000, 0x00000007b0f80000, 0x00000007c0000000)
  eden space 57344K, 0% used [0x00000007aab00000,0x00000007aab00000,0x00000007ae300000)
  from space 22016K, 0% used [0x00000007ae300000,0x00000007ae300000,0x00000007af880000)
  to   space 20992K, 0% used [0x00000007afb00000,0x00000007afb00000,0x00000007b0f80000)
 ParOldGen       total 161792K, used 80507K [0x0000000780000000, 0x0000000789e00000, 0x00000007aab00000)
  object space 161792K, 49% used [0x0000000780000000,0x0000000784e9ef78,0x0000000789e00000)
 Metaspace       used 60784K, capacity 63367K, committed 63616K, reserved 1101824K
  class space    used 9508K, capacity 10318K, committed 10368K, reserved 1048576K
}
Event: 24.775 GC heap before
{Heap before GC invocations=24 (full 6):
 PSYoungGen      total 79360K, used 56435K [0x00000007aab00000, 0x00000007b0f80000, 0x00000007c0000000)
  eden space 57344K, 98% used [0x00000007aab00000,0x00000007ae21ccf0,0x00000007ae300000)
  from space 22016K, 0% used [0x00000007ae300000,0x00000007ae300000,0x00000007af880000)
  to   space 20992K, 0% used [0x00000007afb00000,0x00000007afb00000,0x00000007b0f80000)
 ParOldGen       total 161792K, used 80507K [0x0000000780000000, 0x0000000789e00000, 0x00000007aab00000)
  object space 161792K, 49% used [0x0000000780000000,0x0000000784e9ef78,0x0000000789e00000)
 Metaspace       used 61086K, capacity 63719K, committed 63872K, reserved 1103872K
  class space    used 9549K, capacity 10350K, committed 10368K, reserved 1048576K
Event: 24.789 GC heap after
Heap after GC invocations=24 (full 6):
 PSYoungGen      total 79360K, used 18880K [0x00000007aab00000, 0x00000007b1500000, 0x00000007c0000000)
  eden space 58368K, 0% used [0x00000007aab00000,0x00000007aab00000,0x00000007ae400000)
  from space 20992K, 89% used [0x00000007afb00000,0x00000007b0d70020,0x00000007b0f80000)
  to   space 23552K, 0% used [0x00000007ae400000,0x00000007ae400000,0x00000007afb00000)
 ParOldGen       total 161792K, used 100692K [0x0000000780000000, 0x0000000789e00000, 0x00000007aab00000)
  object space 161792K, 62% used [0x0000000780000000,0x0000000786255170,0x0000000789e00000)
 Metaspace       used 61086K, capacity 63719K, committed 63872K, reserved 1103872K
  class space    used 9549K, capacity 10350K, committed 10368K, reserved 1048576K
}
Event: 25.116 GC heap before
{Heap before GC invocations=25 (full 7):
 PSYoungGen      total 79360K, used 59276K [0x00000007aab00000, 0x00000007b1500000, 0x00000007c0000000)
  eden space 58368K, 69% used [0x00000007aab00000,0x00000007ad273390,0x00000007ae400000)
  from space 20992K, 89% used [0x00000007afb00000,0x00000007b0d70020,0x00000007b0f80000)
  to   space 23552K, 0% used [0x00000007ae400000,0x00000007ae400000,0x00000007afb00000)
 ParOldGen       total 161792K, used 137556K [0x0000000780000000, 0x0000000789e00000, 0x00000007aab00000)
  object space 161792K, 85% used [0x0000000780000000,0x0000000788655180,0x0000000789e00000)
 Metaspace       used 61673K, capacity 64307K, committed 64512K, reserved 1103872K
  class space    used 9644K, capacity 10480K, committed 10496K, reserved 1048576K
Event: 25.233 GC heap after
Heap after GC invocations=25 (full 7):
 PSYoungGen      total 79360K, used 0K [0x00000007aab00000, 0x00000007b1500000, 0x00000007c0000000)
  eden space 58368K, 0% used [0x00000007aab00000,0x00000007aab00000,0x00000007ae400000)
  from space 20992K, 0% used [0x00000007afb00000,0x00000007afb00000,0x00000007b0f80000)
  to   space 23552K, 0% used [0x00000007ae400000,0x00000007ae400000,0x00000007afb00000)
 ParOldGen       total 182272K, used 81558K [0x0000000780000000, 0x000000078b200000, 0x00000007aab00000)
  object space 182272K, 44% used [0x0000000780000000,0x0000000784fa5b20,0x000000078b200000)
 Metaspace       used 61673K, capacity 64307K, committed 64512K, reserved 1103872K
  class space    used 9644K, capacity 10480K, committed 10496K, reserved 1048576K
}
Event: 41.534 GC heap before
{Heap before GC invocations=26 (full 7):
 PSYoungGen      total 79360K, used 58368K [0x00000007aab00000, 0x00000007b1500000, 0x00000007c0000000)
  eden space 58368K, 100% used [0x00000007aab00000,0x00000007ae400000,0x00000007ae400000)
  from space 20992K, 0% used [0x00000007afb00000,0x00000007afb00000,0x00000007b0f80000)
  to   space 23552K, 0% used [0x00000007ae400000,0x00000007ae400000,0x00000007afb00000)
 ParOldGen       total 182272K, used 81558K [0x0000000780000000, 0x000000078b200000, 0x00000007aab00000)
  object space 182272K, 44% used [0x0000000780000000,0x0000000784fa5b20,0x000000078b200000)
 Metaspace       used 62243K, capacity 65057K, committed 65408K, reserved 1103872K
  class space    used 9683K, capacity 10513K, committed 10624K, reserved 1048576K
Event: 41.545 GC heap after
Heap after GC invocations=26 (full 7):
 PSYoungGen      total 81920K, used 23419K [0x00000007aab00000, 0x00000007b1c80000, 0x00000007c0000000)
  eden space 58368K, 0% used [0x00000007aab00000,0x00000007aab00000,0x00000007ae400000)
  from space 23552K, 99% used [0x00000007ae400000,0x00000007afadeed0,0x00000007afb00000)
  to   space 27648K, 0% used [0x00000007b0180000,0x00000007b0180000,0x00000007b1c80000)
 ParOldGen       total 182272K, used 81566K [0x0000000780000000, 0x000000078b200000, 0x00000007aab00000)
  object space 182272K, 44% used [0x0000000780000000,0x0000000784fa7b20,0x000000078b200000)
 Metaspace       used 62243K, capacity 65057K, committed 65408K, reserved 1103872K
  class space    used 9683K, capacity 10513K, committed 10624K, reserved 1048576K
}

Deoptimization events (10 events):
Event: 29.199 Thread 0x00007fc404213800 Uncommon trap: reason=unstable_if action=reinterpret pc=0x00000001105042a8 method=sun.font.CCharToGlyphMapper.charsToGlyphsNS(I[C[I)Z @ 99
Event: 29.199 Thread 0x00007fc404213800 Uncommon trap: reason=unstable_if action=reinterpret pc=0x00000001104ea51c method=sun.font.CStrike$GlyphInfoCache.get(I)J @ 35
Event: 29.199 Thread 0x00007fc404213800 Uncommon trap: reason=unstable_if action=reinterpret pc=0x000000010ff0302c method=sun.font.CStrike$GlyphInfoCache.get(I)J @ 35
Event: 29.211 Thread 0x00007fc404213800 Uncommon trap: reason=unstable_if action=reinterpret pc=0x000000010f9f30e0 method=java.awt.Toolkit$SelectiveAWTEventListener.eventDispatched(Ljava/awt/AWTEvent;)V @ 150
Event: 29.248 Thread 0x00007fc404213800 Uncommon trap: reason=unstable_if action=reinterpret pc=0x0000000110531560 method=java.awt.ModalEventFilter.acceptEvent(Ljava/awt/AWTEvent;)Ljava/awt/EventFilter$FilterAction; @ 70
Event: 29.580 Thread 0x00007fc404213800 Uncommon trap: reason=unstable_if action=reinterpret pc=0x000000010ff06850 method=sun.font.CCharToGlyphMapper$Cache.get(I)I @ 4
Event: 29.987 Thread 0x00007fc404213800 Uncommon trap: reason=predicate action=maybe_recompile pc=0x00000001103ca08c method=javax.swing.SwingUtilities.getValidateRoot(Ljava/awt/Container;Z)Ljava/awt/Container; @ 52
Event: 29.989 Thread 0x00007fc40fc7c000 Uncommon trap: reason=unstable_if action=reinterpret pc=0x000000010f9f58d4 method=java.io.File.isHidden()Z @ 35
Event: 39.481 Thread 0x00007fc404213800 Uncommon trap: reason=unstable_if action=reinterpret pc=0x000000011057e2c0 method=java.awt.Container.findComponentAtImpl(IIZ)Ljava/awt/Component; @ 24
Event: 39.481 Thread 0x00007fc404213800 Uncommon trap: reason=unstable_if action=reinterpret pc=0x00000001105ea2fc method=java.awt.Container.findComponentAtImpl(IIZ)Ljava/awt/Component; @ 24

Internal exceptions (10 events):
Event: 8.949 Thread 0x00007fc404165800 Exception <a 'java/lang/ArrayIndexOutOfBoundsException'> (0x00000007ad4d8308) thrown at [/Users/java_re/workspace/8-2-build-macosx-x86_64/jdk8u112/7935/hotspot/src/share/vm/runtime/sharedRuntime.cpp, line 605]
Event: 10.238 Thread 0x00007fc404213800 Exception <a 'java/io/FileNotFoundException'> (0x00000007aade7668) thrown at [/Users/java_re/workspace/8-2-build-macosx-x86_64/jdk8u112/7935/hotspot/src/share/vm/prims/jni.cpp, line 709]
Event: 10.239 Thread 0x00007fc404213800 Exception <a 'java/io/FileNotFoundException'> (0x00000007aade9ef8) thrown at [/Users/java_re/workspace/8-2-build-macosx-x86_64/jdk8u112/7935/hotspot/src/share/vm/prims/jni.cpp, line 709]
Event: 10.239 Thread 0x00007fc404213800 Exception <a 'java/io/FileNotFoundException'> (0x00000007aadebb78) thrown at [/Users/java_re/workspace/8-2-build-macosx-x86_64/jdk8u112/7935/hotspot/src/share/vm/prims/jni.cpp, line 709]
Event: 12.727 Thread 0x00007fc404213800 Exception <a 'java/lang/NullPointerException'> (0x00000007ac91b1f8) thrown at [/Users/java_re/workspace/8-2-build-macosx-x86_64/jdk8u112/7935/hotspot/src/share/vm/prims/jni.cpp, line 735]
Event: 19.126 Thread 0x00007fc404213800 Exception <a 'java/io/FileNotFoundException'> (0x00000007aadc3168) thrown at [/Users/java_re/workspace/8-2-build-macosx-x86_64/jdk8u112/7935/hotspot/src/share/vm/prims/jni.cpp, line 709]
Event: 23.040 Thread 0x00007fc405b76800 Implicit null exception at 0x000000010fa8fc7e to 0x000000010fa90051
Event: 23.108 Thread 0x00007fc404640800 Exception <a 'java/io/FileNotFoundException'> (0x00000007accbc208) thrown at [/Users/java_re/workspace/8-2-build-macosx-x86_64/jdk8u112/7935/hotspot/src/share/vm/prims/jni.cpp, line 709]
Event: 23.113 Thread 0x00007fc404640800 Exception <a 'java/io/FileNotFoundException'> (0x00000007ad1ceed0) thrown at [/Users/java_re/workspace/8-2-build-macosx-x86_64/jdk8u112/7935/hotspot/src/share/vm/prims/jni.cpp, line 709]
Event: 23.114 Thread 0x00007fc404640800 Exception <a 'java/io/FileNotFoundException'> (0x00000007ad207b48) thrown at [/Users/java_re/workspace/8-2-build-macosx-x86_64/jdk8u112/7935/hotspot/src/share/vm/prims/jni.cpp, line 709]

Events (10 events):
Event: 46.062 loading class sun/misc/FormattedFloatingDecimal$1
Event: 46.062 loading class sun/misc/FormattedFloatingDecimal$1 done
Event: 46.062 loading class sun/misc/FormattedFloatingDecimal$2
Event: 46.062 loading class sun/misc/FormattedFloatingDecimal$2 done
Event: 46.062 Executing VM operation: RevokeBias
Event: 46.063 Executing VM operation: RevokeBias done
Event: 46.063 Executing VM operation: RevokeBias
Event: 46.063 Executing VM operation: RevokeBias done
Event: 46.063 Executing VM operation: RevokeBias
Event: 46.063 Executing VM operation: RevokeBias done


Dynamic libraries:
0x00000000024ba000 	/System/Library/Frameworks/Cocoa.framework/Versions/A/Cocoa
0x00000000024ba000 	/System/Library/Frameworks/Security.framework/Versions/A/Security
0x00000000024ba000 	/System/Library/Frameworks/ApplicationServices.framework/Versions/A/ApplicationServices
0x00000000024ba000 	/usr/lib/libz.1.dylib
0x00000000024ba000 	/usr/lib/libSystem.B.dylib
0x00000000024ba000 	/usr/lib/libobjc.A.dylib
0x00000000024ba000 	/System/Library/Frameworks/CoreFoundation.framework/Versions/A/CoreFoundation
0x00000000024ba000 	/System/Library/Frameworks/Foundation.framework/Versions/C/Foundation
0x00000000024ba000 	/System/Library/Frameworks/AppKit.framework/Versions/C/AppKit
0x00000000024ba000 	/System/Library/Frameworks/CoreData.framework/Versions/A/CoreData
0x00000000024ba000 	/System/Library/PrivateFrameworks/UIFoundation.framework/Versions/A/UIFoundation
0x00000000024ba000 	/System/Library/PrivateFrameworks/RemoteViewServices.framework/Versions/A/RemoteViewServices
0x00000000024ba000 	/System/Library/PrivateFrameworks/XCTTargetBootstrap.framework/Versions/A/XCTTargetBootstrap
0x00000000024ba000 	/System/Library/Frameworks/CoreDisplay.framework/Versions/A/CoreDisplay
0x00000000024ba000 	/System/Library/Frameworks/Metal.framework/Versions/A/Metal
0x00000000024ba000 	/System/Library/PrivateFrameworks/DesktopServicesPriv.framework/Versions/A/DesktopServicesPriv
0x00000000024ba000 	/usr/lib/liblangid.dylib
0x00000000024ba000 	/System/Library/PrivateFrameworks/CoreSVG.framework/Versions/A/CoreSVG
0x00000000024ba000 	/System/Library/PrivateFrameworks/SkyLight.framework/Versions/A/SkyLight
0x00000000024ba000 	/System/Library/Frameworks/CoreGraphics.framework/Versions/A/CoreGraphics
0x00000000024ba000 	/System/Library/Frameworks/Accelerate.framework/Versions/A/Accelerate
0x00000000024ba000 	/usr/lib/libxml2.2.dylib
0x00000000024ba000 	/System/Library/PrivateFrameworks/IconServices.framework/Versions/A/IconServices
0x00000000024ba000 	/System/Library/Frameworks/IOSurface.framework/Versions/A/IOSurface
0x00000000024ba000 	/usr/lib/libDiagnosticMessagesClient.dylib
0x00000000024ba000 	/System/Library/PrivateFrameworks/DFRFoundation.framework/Versions/A/DFRFoundation
0x00000000024ba000 	/usr/lib/libicucore.A.dylib
0x00000000024ba000 	/System/Library/Frameworks/AudioToolbox.framework/Versions/A/AudioToolbox
0x00000000024ba000 	/System/Library/Frameworks/AudioUnit.framework/Versions/A/AudioUnit
0x00000000024ba000 	/usr/lib/libauto.dylib
0x00000000024ba000 	/System/Library/PrivateFrameworks/DataDetectorsCore.framework/Versions/A/DataDetectorsCore
0x00000000024ba000 	/System/Library/Frameworks/Carbon.framework/Versions/A/Frameworks/HIToolbox.framework/Versions/A/HIToolbox
0x00000000024ba000 	/System/Library/Frameworks/QuartzCore.framework/Versions/A/QuartzCore
0x00000000024ba000 	/System/Library/Frameworks/Carbon.framework/Versions/A/Frameworks/SpeechRecognition.framework/Versions/A/SpeechRecognition
0x00000000024ba000 	/System/Library/PrivateFrameworks/CoreUI.framework/Versions/A/CoreUI
0x00000000024ba000 	/System/Library/Frameworks/CoreAudio.framework/Versions/A/CoreAudio
0x00000000024ba000 	/System/Library/Frameworks/DiskArbitration.framework/Versions/A/DiskArbitration
0x00000000024ba000 	/System/Library/PrivateFrameworks/MultitouchSupport.framework/Versions/A/MultitouchSupport
0x00000000024ba000 	/usr/lib/libenergytrace.dylib
0x00000000024ba000 	/System/Library/Frameworks/IOKit.framework/Versions/A/IOKit
0x00000000024ba000 	/System/Library/Frameworks/CoreServices.framework/Versions/A/CoreServices
0x00000000024ba000 	/System/Library/PrivateFrameworks/PerformanceAnalysis.framework/Versions/A/PerformanceAnalysis
0x00000000024ba000 	/System/Library/Frameworks/OpenGL.framework/Versions/A/OpenGL
0x00000000024ba000 	/System/Library/Frameworks/ColorSync.framework/Versions/A/ColorSync
0x00000000024ba000 	/System/Library/Frameworks/CoreImage.framework/Versions/A/CoreImage
0x00000000024ba000 	/System/Library/Frameworks/CoreText.framework/Versions/A/CoreText
0x00000000024ba000 	/System/Library/Frameworks/ImageIO.framework/Versions/A/ImageIO
0x00000000024ba000 	/usr/lib/libc++.1.dylib
0x00000000024ba000 	/usr/lib/libcompression.dylib
0x00000000024ba000 	/usr/lib/libMobileGestalt.dylib
0x00000000024ba000 	/System/Library/PrivateFrameworks/TextureIO.framework/Versions/A/TextureIO
0x00000000024ba000 	/usr/lib/libate.dylib
0x00000000024ba000 	/System/Library/PrivateFrameworks/InternationalSupport.framework/Versions/A/InternationalSupport
0x00000000024ba000 	/usr/lib/system/libcache.dylib
0x00000000024ba000 	/usr/lib/system/libcommonCrypto.dylib
0x00000000024ba000 	/usr/lib/system/libcompiler_rt.dylib
0x00000000024ba000 	/usr/lib/system/libcopyfile.dylib
0x00000000024ba000 	/usr/lib/system/libcorecrypto.dylib
0x00000000024ba000 	/usr/lib/system/libdispatch.dylib
0x00000000024ba000 	/usr/lib/system/libdyld.dylib
0x00000000024ba000 	/usr/lib/system/libkeymgr.dylib
0x00000000024ba000 	/usr/lib/system/liblaunch.dylib
0x00000000024ba000 	/usr/lib/system/libmacho.dylib
0x00000000024ba000 	/usr/lib/system/libquarantine.dylib
0x00000000024ba000 	/usr/lib/system/libremovefile.dylib
0x00000000024ba000 	/usr/lib/system/libsystem_asl.dylib
0x00000000024ba000 	/usr/lib/system/libsystem_blocks.dylib
0x00000000024ba000 	/usr/lib/system/libsystem_c.dylib
0x00000000024ba000 	/usr/lib/system/libsystem_configuration.dylib
0x00000000024ba000 	/usr/lib/system/libsystem_coreservices.dylib
0x00000000024ba000 	/usr/lib/system/libsystem_darwin.dylib
0x00000000024ba000 	/usr/lib/system/libsystem_dnssd.dylib
0x00000000024ba000 	/usr/lib/system/libsystem_featureflags.dylib
0x00000000024ba000 	/usr/lib/system/libsystem_info.dylib
0x00000000024ba000 	/usr/lib/system/libsystem_m.dylib
0x00000000024ba000 	/usr/lib/system/libsystem_malloc.dylib
0x00000000024ba000 	/usr/lib/system/libsystem_networkextension.dylib
0x00000000024ba000 	/usr/lib/system/libsystem_notify.dylib
0x00000000024ba000 	/usr/lib/system/libsystem_sandbox.dylib
0x00000000024ba000 	/usr/lib/system/libsystem_secinit.dylib
0x00000000024ba000 	/usr/lib/system/libsystem_kernel.dylib
0x00000000024ba000 	/usr/lib/system/libsystem_platform.dylib
0x00000000024ba000 	/usr/lib/system/libsystem_pthread.dylib
0x00000000024ba000 	/usr/lib/system/libsystem_symptoms.dylib
0x00000000024ba000 	/usr/lib/system/libsystem_trace.dylib
0x00000000024ba000 	/usr/lib/system/libunwind.dylib
0x00000000024ba000 	/usr/lib/system/libxpc.dylib
0x00000000024ba000 	/usr/lib/libc++abi.dylib
0x00000000024ba000 	/usr/lib/liblzma.5.dylib
0x00000000024ba000 	/usr/lib/libfakelink.dylib
0x00000000024ba000 	/usr/lib/libarchive.2.dylib
0x00000000024ba000 	/System/Library/Frameworks/SystemConfiguration.framework/Versions/A/SystemConfiguration
0x00000000024ba000 	/usr/lib/libCRFSuite.dylib
0x00000000024ba000 	/System/Library/Frameworks/CFNetwork.framework/Versions/A/CFNetwork
0x00000000024ba000 	/usr/lib/libbsm.0.dylib
0x00000000024ba000 	/usr/lib/system/libkxld.dylib
0x00000000024ba000 	/System/Library/PrivateFrameworks/AppleFSCompression.framework/Versions/A/AppleFSCompression
0x00000000024ba000 	/usr/lib/libcoretls.dylib
0x00000000024ba000 	/usr/lib/libcoretls_cfhelpers.dylib
0x00000000024ba000 	/usr/lib/libpam.2.dylib
0x00000000024ba000 	/usr/lib/libsqlite3.dylib
0x00000000024ba000 	/usr/lib/libxar.1.dylib
0x00000000024ba000 	/usr/lib/libbz2.1.0.dylib
0x00000000024ba000 	/usr/lib/libiconv.2.dylib
0x00000000024ba000 	/usr/lib/libcharset.1.dylib
0x00000000024ba000 	/usr/lib/libnetwork.dylib
0x00000000024ba000 	/usr/lib/libpcap.A.dylib
0x00000000024ba000 	/usr/lib/libapple_nghttp2.dylib
0x00000000024ba000 	/System/Library/Frameworks/CoreServices.framework/Versions/A/Frameworks/FSEvents.framework/Versions/A/FSEvents
0x00000000024ba000 	/System/Library/Frameworks/CoreServices.framework/Versions/A/Frameworks/CarbonCore.framework/Versions/A/CarbonCore
0x00000000024ba000 	/System/Library/Frameworks/CoreServices.framework/Versions/A/Frameworks/Metadata.framework/Versions/A/Metadata
0x00000000024ba000 	/System/Library/Frameworks/CoreServices.framework/Versions/A/Frameworks/OSServices.framework/Versions/A/OSServices
0x00000000024ba000 	/System/Library/Frameworks/CoreServices.framework/Versions/A/Frameworks/SearchKit.framework/Versions/A/SearchKit
0x00000000024ba000 	/System/Library/Frameworks/CoreServices.framework/Versions/A/Frameworks/AE.framework/Versions/A/AE
0x00000000024ba000 	/System/Library/Frameworks/CoreServices.framework/Versions/A/Frameworks/LaunchServices.framework/Versions/A/LaunchServices
0x00000000024ba000 	/System/Library/Frameworks/CoreServices.framework/Versions/A/Frameworks/DictionaryServices.framework/Versions/A/DictionaryServices
0x00000000024ba000 	/System/Library/Frameworks/CoreServices.framework/Versions/A/Frameworks/SharedFileList.framework/Versions/A/SharedFileList
0x00000000024ba000 	/System/Library/Frameworks/NetFS.framework/Versions/A/NetFS
0x00000000024ba000 	/System/Library/PrivateFrameworks/NetAuth.framework/Versions/A/NetAuth
0x00000000024ba000 	/System/Library/PrivateFrameworks/login.framework/Versions/A/Frameworks/loginsupport.framework/Versions/A/loginsupport
0x00000000024ba000 	/System/Library/PrivateFrameworks/TCC.framework/Versions/A/TCC
0x00000000024ba000 	/System/Library/PrivateFrameworks/CoreNLP.framework/Versions/A/CoreNLP
0x00000000024ba000 	/System/Library/PrivateFrameworks/MetadataUtilities.framework/Versions/A/MetadataUtilities
0x00000000024ba000 	/usr/lib/libmecabra.dylib
0x00000000024ba000 	/usr/lib/libmecab.dylib
0x00000000024ba000 	/usr/lib/libgermantok.dylib
0x00000000024ba000 	/usr/lib/libThaiTokenizer.dylib
0x00000000024ba000 	/usr/lib/libChineseTokenizer.dylib
0x00000000024ba000 	/System/Library/Frameworks/Accelerate.framework/Versions/A/Frameworks/vImage.framework/Versions/A/vImage
0x00000000024ba000 	/System/Library/Frameworks/Accelerate.framework/Versions/A/Frameworks/vecLib.framework/Versions/A/vecLib
0x00000000024ba000 	/System/Library/Frameworks/Accelerate.framework/Versions/A/Frameworks/vecLib.framework/Versions/A/libvMisc.dylib
0x00000000024ba000 	/System/Library/Frameworks/Accelerate.framework/Versions/A/Frameworks/vecLib.framework/Versions/A/libvDSP.dylib
0x00000000024ba000 	/System/Library/Frameworks/Accelerate.framework/Versions/A/Frameworks/vecLib.framework/Versions/A/libBLAS.dylib
0x00000000024ba000 	/System/Library/Frameworks/Accelerate.framework/Versions/A/Frameworks/vecLib.framework/Versions/A/libLAPACK.dylib
0x00000000024ba000 	/System/Library/Frameworks/Accelerate.framework/Versions/A/Frameworks/vecLib.framework/Versions/A/libLinearAlgebra.dylib
0x00000000024ba000 	/System/Library/Frameworks/Accelerate.framework/Versions/A/Frameworks/vecLib.framework/Versions/A/libSparseBLAS.dylib
0x00000000024ba000 	/System/Library/Frameworks/Accelerate.framework/Versions/A/Frameworks/vecLib.framework/Versions/A/libQuadrature.dylib
0x00000000024ba000 	/System/Library/Frameworks/Accelerate.framework/Versions/A/Frameworks/vecLib.framework/Versions/A/libBNNS.dylib
0x00000000024ba000 	/System/Library/Frameworks/Accelerate.framework/Versions/A/Frameworks/vecLib.framework/Versions/A/libSparse.dylib
0x00000000024ba000 	/System/Library/PrivateFrameworks/LanguageModeling.framework/Versions/A/LanguageModeling
0x00000000024ba000 	/System/Library/PrivateFrameworks/CoreEmoji.framework/Versions/A/CoreEmoji
0x00000000024ba000 	/System/Library/PrivateFrameworks/LinguisticData.framework/Versions/A/LinguisticData
0x00000000024ba000 	/System/Library/PrivateFrameworks/Lexicon.framework/Versions/A/Lexicon
0x00000000024ba000 	/usr/lib/libcmph.dylib
0x00000000024ba000 	/System/Library/Frameworks/OpenDirectory.framework/Versions/A/Frameworks/CFOpenDirectory.framework/Versions/A/CFOpenDirectory
0x00000000024ba000 	/System/Library/Frameworks/OpenDirectory.framework/Versions/A/OpenDirectory
0x00000000024ba000 	/System/Library/PrivateFrameworks/APFS.framework/Versions/A/APFS
0x00000000024ba000 	/System/Library/Frameworks/SecurityFoundation.framework/Versions/A/SecurityFoundation
0x00000000024ba000 	/usr/lib/libutil.dylib
0x00000000024ba000 	/System/Library/PrivateFrameworks/CoreServicesStore.framework/Versions/A/CoreServicesStore
0x00000000024ba000 	/System/Library/Frameworks/ServiceManagement.framework/Versions/A/ServiceManagement
0x00000000024ba000 	/System/Library/PrivateFrameworks/BackgroundTaskManagement.framework/Versions/A/BackgroundTaskManagement
0x00000000024ba000 	/usr/lib/libxslt.1.dylib
0x00000000024ba000 	/System/Library/PrivateFrameworks/AppleSystemInfo.framework/Versions/A/AppleSystemInfo
0x00000000024ba000 	/System/Library/Frameworks/ImageIO.framework/Versions/A/Resources/libJPEG.dylib
0x00000000024ba000 	/System/Library/Frameworks/ImageIO.framework/Versions/A/Resources/libTIFF.dylib
0x00000000024ba000 	/System/Library/Frameworks/ImageIO.framework/Versions/A/Resources/libPng.dylib
0x00000000024ba000 	/System/Library/Frameworks/ImageIO.framework/Versions/A/Resources/libGIF.dylib
0x00000000024ba000 	/System/Library/Frameworks/ImageIO.framework/Versions/A/Resources/libJP2.dylib
0x00000000024ba000 	/System/Library/Frameworks/ImageIO.framework/Versions/A/Resources/libRadiance.dylib
0x00000000024ba000 	/usr/lib/libexpat.1.dylib
0x00000000024ba000 	/System/Library/PrivateFrameworks/AppleJPEG.framework/Versions/A/AppleJPEG
0x00000000024ba000 	/System/Library/PrivateFrameworks/FontServices.framework/libFontParser.dylib
0x00000000024ba000 	/System/Library/PrivateFrameworks/WatchdogClient.framework/Versions/A/WatchdogClient
0x00000000024ba000 	/System/Library/PrivateFrameworks/IOAccelerator.framework/Versions/A/IOAccelerator
0x00000000024ba000 	/System/Library/Frameworks/MetalPerformanceShaders.framework/Versions/A/MetalPerformanceShaders
0x00000000024ba000 	/System/Library/PrivateFrameworks/GPUWrangler.framework/Versions/A/GPUWrangler
0x00000000024ba000 	/System/Library/PrivateFrameworks/IOPresentment.framework/Versions/A/IOPresentment
0x00000000024ba000 	/System/Library/PrivateFrameworks/DSExternalDisplay.framework/Versions/A/DSExternalDisplay
0x00000000024ba000 	/System/Library/Frameworks/OpenGL.framework/Versions/A/Libraries/libCoreFSCache.dylib
0x00000000024ba000 	/System/Library/Frameworks/MetalPerformanceShaders.framework/Frameworks/MPSCore.framework/Versions/A/MPSCore
0x00000000024ba000 	/System/Library/Frameworks/MetalPerformanceShaders.framework/Frameworks/MPSImage.framework/Versions/A/MPSImage
0x00000000024ba000 	/System/Library/Frameworks/MetalPerformanceShaders.framework/Frameworks/MPSNeuralNetwork.framework/Versions/A/MPSNeuralNetwork
0x00000000024ba000 	/System/Library/Frameworks/MetalPerformanceShaders.framework/Frameworks/MPSMatrix.framework/Versions/A/MPSMatrix
0x00000000024ba000 	/System/Library/Frameworks/MetalPerformanceShaders.framework/Frameworks/MPSRayIntersector.framework/Versions/A/MPSRayIntersector
0x00000000024ba000 	/System/Library/Frameworks/MetalPerformanceShaders.framework/Frameworks/MPSNDArray.framework/Versions/A/MPSNDArray
0x00000000024ba000 	/System/Library/PrivateFrameworks/MetalTools.framework/Versions/A/MetalTools
0x00000000024ba000 	/System/Library/PrivateFrameworks/AggregateDictionary.framework/Versions/A/AggregateDictionary
0x00000000024ba000 	/System/Library/PrivateFrameworks/CoreAnalytics.framework/Versions/A/CoreAnalytics
0x00000000024ba000 	/System/Library/PrivateFrameworks/AppleSauce.framework/Versions/A/AppleSauce
0x00000000024ba000 	/usr/lib/libIOReport.dylib
0x00000000024ba000 	/System/Library/Frameworks/CoreVideo.framework/Versions/A/CoreVideo
0x00000000024ba000 	/System/Library/PrivateFrameworks/GraphVisualizer.framework/Versions/A/GraphVisualizer
0x00000000024ba000 	/System/Library/PrivateFrameworks/FaceCore.framework/Versions/A/FaceCore
0x00000000024ba000 	/System/Library/Frameworks/OpenCL.framework/Versions/A/OpenCL
0x00000000024ba000 	/usr/lib/libFosl_dynamic.dylib
0x00000000024ba000 	/System/Library/PrivateFrameworks/OTSVG.framework/Versions/A/OTSVG
0x00000000024ba000 	/System/Library/Frameworks/ApplicationServices.framework/Versions/A/Frameworks/ATS.framework/Versions/A/Resources/libFontRegistry.dylib
0x00000000024ba000 	/System/Library/PrivateFrameworks/FontServices.framework/libhvf.dylib
0x00000000024ba000 	/System/Library/Frameworks/OpenGL.framework/Versions/A/Libraries/libGFXShared.dylib
0x00000000024ba000 	/System/Library/Frameworks/OpenGL.framework/Versions/A/Libraries/libGLU.dylib
0x00000000024ba000 	/System/Library/Frameworks/OpenGL.framework/Versions/A/Libraries/libGL.dylib
0x00000000024ba000 	/System/Library/Frameworks/OpenGL.framework/Versions/A/Libraries/libGLImage.dylib
0x00000000024ba000 	/System/Library/Frameworks/OpenGL.framework/Versions/A/Libraries/libCVMSPluginSupport.dylib
0x00000000024ba000 	/System/Library/Frameworks/OpenGL.framework/Versions/A/Libraries/libCoreVMClient.dylib
0x00000000024ba000 	/usr/lib/libncurses.5.4.dylib
0x00000000024ba000 	/System/Library/Frameworks/ApplicationServices.framework/Versions/A/Frameworks/ATS.framework/Versions/A/ATS
0x00000000024ba000 	/System/Library/Frameworks/ApplicationServices.framework/Versions/A/Frameworks/ColorSyncLegacy.framework/Versions/A/ColorSyncLegacy
0x00000000024ba000 	/System/Library/Frameworks/ApplicationServices.framework/Versions/A/Frameworks/HIServices.framework/Versions/A/HIServices
0x00000000024ba000 	/System/Library/Frameworks/ApplicationServices.framework/Versions/A/Frameworks/LangAnalysis.framework/Versions/A/LangAnalysis
0x00000000024ba000 	/System/Library/Frameworks/ApplicationServices.framework/Versions/A/Frameworks/PrintCore.framework/Versions/A/PrintCore
0x00000000024ba000 	/System/Library/Frameworks/ApplicationServices.framework/Versions/A/Frameworks/QD.framework/Versions/A/QD
0x00000000024ba000 	/System/Library/Frameworks/ApplicationServices.framework/Versions/A/Frameworks/SpeechSynthesis.framework/Versions/A/SpeechSynthesis
0x00000000024ba000 	/System/Library/Frameworks/ApplicationServices.framework/Versions/A/Frameworks/ATSUI.framework/Versions/A/ATSUI
0x00000000024ba000 	/usr/lib/libcups.2.dylib
0x00000000024ba000 	/System/Library/Frameworks/Kerberos.framework/Versions/A/Kerberos
0x00000000024ba000 	/System/Library/Frameworks/GSS.framework/Versions/A/GSS
0x00000000024ba000 	/usr/lib/libresolv.9.dylib
0x00000000024ba000 	/System/Library/PrivateFrameworks/Heimdal.framework/Versions/A/Heimdal
0x00000000024ba000 	/System/Library/Frameworks/Kerberos.framework/Versions/A/Libraries/libHeimdalProxy.dylib
0x00000000024ba000 	/usr/lib/libheimdal-asn1.dylib
0x00000000024ba000 	/System/Library/PrivateFrameworks/CommonAuth.framework/Versions/A/CommonAuth
0x00000000024ba000 	/System/Library/PrivateFrameworks/AssertionServices.framework/Versions/A/AssertionServices
0x00000000024ba000 	/System/Library/PrivateFrameworks/AudioToolboxCore.framework/Versions/A/AudioToolboxCore
0x00000000024ba000 	/System/Library/PrivateFrameworks/caulk.framework/Versions/A/caulk
0x00000000024ba000 	/System/Library/PrivateFrameworks/BaseBoard.framework/Versions/A/BaseBoard
0x00000000024ba000 	/System/Library/PrivateFrameworks/RunningBoardServices.framework/Versions/A/RunningBoardServices
0x00000000024ba000 	/System/Library/PrivateFrameworks/PersistentConnection.framework/Versions/A/PersistentConnection
0x00000000024ba000 	/System/Library/PrivateFrameworks/ProtocolBuffer.framework/Versions/A/ProtocolBuffer
0x00000000024ba000 	/System/Library/PrivateFrameworks/CommonUtilities.framework/Versions/A/CommonUtilities
0x00000000024ba000 	/System/Library/PrivateFrameworks/Bom.framework/Versions/A/Bom
0x00000000024ba000 	/usr/lib/libAudioToolboxUtility.dylib
0x00000000024ba000 	/System/Library/PrivateFrameworks/Backup.framework/Versions/A/Backup
0x00000000024ba000 	/System/Library/PrivateFrameworks/CrashReporterSupport.framework/Versions/A/CrashReporterSupport
0x00000000024ba000 	/System/Library/PrivateFrameworks/Sharing.framework/Versions/A/Sharing
0x00000000024ba000 	/System/Library/PrivateFrameworks/Apple80211.framework/Versions/A/Apple80211
0x00000000024ba000 	/System/Library/PrivateFrameworks/AuthKit.framework/Versions/A/AuthKit
0x00000000024ba000 	/System/Library/PrivateFrameworks/CoreUtils.framework/Versions/A/CoreUtils
0x00000000024ba000 	/System/Library/Frameworks/CoreWLAN.framework/Versions/A/CoreWLAN
0x00000000024ba000 	/System/Library/Frameworks/IOBluetooth.framework/Versions/A/IOBluetooth
0x00000000024ba000 	/System/Library/PrivateFrameworks/MobileKeyBag.framework/Versions/A/MobileKeyBag
0x00000000024ba000 	/System/Library/PrivateFrameworks/CorePhoneNumbers.framework/Versions/A/CorePhoneNumbers
0x00000000024ba000 	/System/Library/PrivateFrameworks/AppleIDAuthSupport.framework/Versions/A/AppleIDAuthSupport
0x00000000024ba000 	/System/Library/Frameworks/Network.framework/Versions/A/Network
0x00000000024ba000 	/System/Library/PrivateFrameworks/KeychainCircle.framework/Versions/A/KeychainCircle
0x00000000024ba000 	/System/Library/Frameworks/CoreBluetooth.framework/Versions/A/CoreBluetooth
0x00000000024ba000 	/System/Library/PrivateFrameworks/SpeechRecognitionCore.framework/Versions/A/SpeechRecognitionCore
0x000000010d200000 	/Applications/OpenSim 4.1/OpenSim 4.1.app/Contents/Resources/OpenSim/jre/lib/server/libjvm.dylib
0x00000000024ba000 	/usr/lib/libstdc++.6.dylib
0x000000010c8ae000 	/Applications/OpenSim 4.1/OpenSim 4.1.app/Contents/Resources/OpenSim/jre/lib/libverify.dylib
0x000000010c8bc000 	/Applications/OpenSim 4.1/OpenSim 4.1.app/Contents/Resources/OpenSim/jre/lib/libjava.dylib
0x000000010c93b000 	/Applications/OpenSim 4.1/OpenSim 4.1.app/Contents/Resources/OpenSim/jre/lib/libzip.dylib
0x00000000024ba000 	/System/Library/Frameworks/JavaVM.framework/Versions/A/Frameworks/JavaRuntimeSupport.framework/Versions/A/JavaRuntimeSupport
0x00000000024ba000 	/System/Library/Frameworks/JavaVM.framework/Versions/A/Frameworks/JavaNativeFoundation.framework/Versions/A/JavaNativeFoundation
0x00000000024ba000 	/System/Library/Frameworks/JavaVM.framework/Versions/A/JavaVM
0x00000000024ba000 	/System/Library/Frameworks/Carbon.framework/Versions/A/Carbon
0x00000000024ba000 	/System/Library/PrivateFrameworks/CoreSymbolication.framework/Versions/A/CoreSymbolication
0x00000000024ba000 	/System/Library/PrivateFrameworks/JavaLaunching.framework/Versions/A/JavaLaunching
0x00000000024ba000 	/System/Library/Frameworks/Carbon.framework/Versions/A/Frameworks/CommonPanels.framework/Versions/A/CommonPanels
0x00000000024ba000 	/System/Library/Frameworks/Carbon.framework/Versions/A/Frameworks/Help.framework/Versions/A/Help
0x00000000024ba000 	/System/Library/Frameworks/Carbon.framework/Versions/A/Frameworks/ImageCapture.framework/Versions/A/ImageCapture
0x00000000024ba000 	/System/Library/Frameworks/Carbon.framework/Versions/A/Frameworks/OpenScripting.framework/Versions/A/OpenScripting
0x00000000024ba000 	/System/Library/Frameworks/Carbon.framework/Versions/A/Frameworks/Ink.framework/Versions/A/Ink
0x00000000024ba000 	/System/Library/Frameworks/Carbon.framework/Versions/A/Frameworks/Print.framework/Versions/A/Print
0x00000000024ba000 	/System/Library/Frameworks/Carbon.framework/Versions/A/Frameworks/SecurityHI.framework/Versions/A/SecurityHI
0x00000000024ba000 	/System/Library/PrivateFrameworks/DebugSymbols.framework/Versions/A/DebugSymbols
0x000000010c97a000 	/Applications/OpenSim 4.1/OpenSim 4.1.app/Contents/Resources/OpenSim/jre/lib/libnio.dylib
0x000000010c98a000 	/Applications/OpenSim 4.1/OpenSim 4.1.app/Contents/Resources/OpenSim/jre/lib/libnet.dylib
0x000000010eca7000 	/Applications/OpenSim 4.1/OpenSim 4.1.app/Contents/Resources/OpenSim/jre/lib/libawt.dylib
0x000000010ed4f000 	/Applications/OpenSim 4.1/OpenSim 4.1.app/Contents/Resources/OpenSim/jre/lib/libmlib_image.dylib
0x000000010ee1b000 	/Applications/OpenSim 4.1/OpenSim 4.1.app/Contents/Resources/OpenSim/jre/lib/libawt_lwawt.dylib
0x000000010eed2000 	/Applications/OpenSim 4.1/OpenSim 4.1.app/Contents/Resources/OpenSim/jre/lib/libosxapp.dylib
0x00000000024ba000 	/System/Library/Frameworks/ExceptionHandling.framework/Versions/A/ExceptionHandling
0x00000000024ba000 	/System/Library/PrivateFrameworks/CoreServicesInternal.framework/Versions/A/CoreServicesInternal
0x00000000024ba000 	/System/Library/Frameworks/FileProvider.framework/Versions/A/FileProvider
0x00000000024ba000 	/System/Library/Frameworks/Accounts.framework/Versions/A/Accounts
0x00000000024ba000 	/System/Library/PrivateFrameworks/GenerationalStorage.framework/Versions/A/GenerationalStorage
0x00000000024ba000 	/System/Library/PrivateFrameworks/SymptomDiagnosticReporter.framework/Versions/A/SymptomDiagnosticReporter
0x00000000024ba000 	/System/Library/PrivateFrameworks/AppContainer.framework/Versions/A/AppContainer
0x00000000024ba000 	/usr/lib/libsandbox.1.dylib
0x00000000024ba000 	/System/Library/PrivateFrameworks/UserManagement.framework/Versions/A/UserManagement
0x00000000024ba000 	/System/Library/PrivateFrameworks/ChunkingLibrary.framework/Versions/A/ChunkingLibrary
0x00000000024ba000 	/System/Library/PrivateFrameworks/AppSandbox.framework/Versions/A/AppSandbox
0x00000000024ba000 	/System/Library/PrivateFrameworks/SecCodeWrapper.framework/Versions/A/SecCodeWrapper
0x00000000024ba000 	/usr/lib/libMatch.1.dylib
0x00000000024ba000 	/System/Library/CoreServices/RawCamera.bundle/Contents/MacOS/RawCamera
0x00000000024ba000 	/System/Library/PrivateFrameworks/MobileAsset.framework/Versions/A/MobileAsset
0x00000000024ba000 	/System/Library/PrivateFrameworks/StreamingZip.framework/Versions/A/StreamingZip
0x00000000024ba000 	/System/Library/Frameworks/MediaToolbox.framework/Versions/A/MediaToolbox
0x00000000024ba000 	/System/Library/PrivateFrameworks/CoreAVCHD.framework/Versions/A/CoreAVCHD
0x00000000024ba000 	/System/Library/Frameworks/MediaAccessibility.framework/Versions/A/MediaAccessibility
0x00000000024ba000 	/System/Library/PrivateFrameworks/Mangrove.framework/Versions/A/Mangrove
0x00000000024ba000 	/System/Library/Frameworks/CoreMedia.framework/Versions/A/CoreMedia
0x00000000024ba000 	/System/Library/PrivateFrameworks/MediaExperience.framework/Versions/A/MediaExperience
0x00000000024ba000 	/System/Library/Frameworks/VideoToolbox.framework/Versions/A/VideoToolbox
0x00000000024ba000 	/System/Library/PrivateFrameworks/CoreAUC.framework/Versions/A/CoreAUC
0x00000000024ba000 	/usr/lib/libspindump.dylib
0x00000000024ba000 	/System/Library/PrivateFrameworks/AudioResourceArbitration.framework/Versions/A/AudioResourceArbitration
0x00000000024ba000 	/System/Library/PrivateFrameworks/AppleVA.framework/Versions/A/AppleVA
0x00000000024ba000 	/System/Library/Frameworks/Accelerate.framework/Versions/A/Frameworks/vImage.framework/Versions/A/Libraries/libCGInterfaces.dylib
0x0000000123b28000 	/usr/lib/libobjc-trampolines.dylib
0x00000000024ba000 	/System/Library/PrivateFrameworks/FontServices.framework/libTrueTypeScaler.dylib
0x00000000024ba000 	/System/Library/Extensions/AppleIntelBDWGraphicsMTLDriver.bundle/Contents/MacOS/AppleIntelBDWGraphicsMTLDriver
0x00000000024ba000 	/System/Library/PrivateFrameworks/GPUCompiler.framework/Versions/3902/Libraries/libmetal_timestamp.dylib
0x00000000024ba000 	/System/Library/PrivateFrameworks/FamilyControls.framework/Versions/A/FamilyControls
0x00000000024ba000 	/System/Library/PrivateFrameworks/CommerceKit.framework/Versions/A/Frameworks/CommerceCore.framework/Versions/A/CommerceCore
0x00000000024ba000 	/System/Library/PrivateFrameworks/SystemAdministration.framework/Versions/A/SystemAdministration
0x00000000024ba000 	/System/Library/PrivateFrameworks/DiskManagement.framework/Versions/A/DiskManagement
0x00000000024ba000 	/System/Library/Frameworks/DirectoryService.framework/Versions/A/DirectoryService
0x00000000024ba000 	/System/Library/PrivateFrameworks/DiskImages.framework/Versions/A/DiskImages
0x00000000024ba000 	/System/Library/PrivateFrameworks/LoginUIKit.framework/Versions/A/Frameworks/LoginUICore.framework/Versions/A/LoginUICore
0x00000000024ba000 	/usr/lib/libCoreStorage.dylib
0x00000000024ba000 	/usr/lib/libcsfde.dylib
0x00000000024ba000 	/usr/lib/libodfde.dylib
0x00000000024ba000 	/System/Library/PrivateFrameworks/MediaKit.framework/Versions/A/MediaKit
0x00000000024ba000 	/System/Library/Frameworks/DiscRecording.framework/Versions/A/DiscRecording
0x00000000024ba000 	/System/Library/PrivateFrameworks/EFILogin.framework/Versions/A/EFILogin
0x00000000024ba000 	/System/Library/PrivateFrameworks/ProtectedCloudStorage.framework/Versions/A/ProtectedCloudStorage
0x00000000024ba000 	/usr/lib/libcurl.4.dylib
0x00000000024ba000 	/usr/lib/libcrypto.44.dylib
0x00000000024ba000 	/usr/lib/libssl.46.dylib
0x00000000024ba000 	/System/Library/Frameworks/LDAP.framework/Versions/A/LDAP
0x00000000024ba000 	/System/Library/PrivateFrameworks/TrustEvaluationAgent.framework/Versions/A/TrustEvaluationAgent
0x00000000024ba000 	/usr/lib/libsasl2.2.dylib
0x00000000024ba000 	/System/Library/PrivateFrameworks/CoreDaemon.framework/Versions/B/CoreDaemon
0x00000000024ba000 	/System/Library/PrivateFrameworks/AppleSRP.framework/Versions/A/AppleSRP
0x00000000024ba000 	/System/Library/PrivateFrameworks/ViewBridge.framework/Versions/A/ViewBridge
0x00000000024ba000 	/System/Library/Frameworks/OpenGL.framework/Versions/A/Resources/GLEngine.bundle/GLEngine
0x00000000024ba000 	/System/Library/Frameworks/OpenGL.framework/Versions/A/Libraries/libGLProgrammability.dylib
0x00000000024ba000 	/System/Library/Extensions/AppleIntelBDWGraphicsGLDriver.bundle/Contents/MacOS/AppleIntelBDWGraphicsGLDriver
0x00000000024ba000 	/System/Library/PrivateFrameworks/GPUSupport.framework/Versions/A/Libraries/libGPUSupportMercury.dylib
0x00000000024ba000 	/System/Library/Frameworks/OpenGL.framework/Versions/A/Resources/GLRendererFloat.bundle/GLRendererFloat
0x00000000024ba000 	/System/Library/Frameworks/OpenCL.framework/Versions/A/Libraries/libcldcpuengine.dylib
0x00000000024ba000 	/System/Library/PrivateFrameworks/login.framework/Versions/A/login
0x0000000125834000 	/Applications/OpenSim 4.1/OpenSim 4.1.app/Contents/Resources/OpenSim/jre/lib/libsplashscreen.dylib
0x000000012588d000 	/Applications/OpenSim 4.1/OpenSim 4.1.app/Contents/Resources/OpenSim/jre/lib/libfontmanager.dylib
0x00000001258f4000 	/Applications/OpenSim 4.1/OpenSim 4.1.app/Contents/Resources/OpenSim/jre/lib/libosxui.dylib
0x00000000024ba000 	/System/Library/PrivateFrameworks/HDRProcessing.framework/Versions/A/HDRProcessing
0x0000000129526000 	/Applications/OpenSim 4.1/OpenSim 4.1.app/Contents/Resources/OpenSim/platform/modules/lib/libjnidispatch-422.jnilib
0x000000013d0ff000 	/Applications/OpenSim 4.1/OpenSim 4.1.app/Contents/Resources/OpenSim/sdk/lib/libosimJavaJNI.dylib
0x000000013dd72000 	/Applications/OpenSim 4.1/OpenSim 4.1.app/Contents/Resources/OpenSim/sdk/lib/libosimTools.dylib
0x000000013deb8000 	/Applications/OpenSim 4.1/OpenSim 4.1.app/Contents/Resources/OpenSim/sdk/lib/libosimExampleComponents.dylib
0x000000013df15000 	/Applications/OpenSim 4.1/OpenSim 4.1.app/Contents/Resources/OpenSim/sdk/lib/libosimAnalyses.dylib
0x000000013e179000 	/Applications/OpenSim 4.1/OpenSim 4.1.app/Contents/Resources/OpenSim/sdk/lib/libosimActuators.dylib
0x000000013e28a000 	/Applications/OpenSim 4.1/OpenSim 4.1.app/Contents/Resources/OpenSim/sdk/lib/libosimSimulation.dylib
0x000000013e754000 	/Applications/OpenSim 4.1/OpenSim 4.1.app/Contents/Resources/OpenSim/sdk/lib/libosimCommon.dylib
0x000000013ea43000 	/Applications/OpenSim 4.1/OpenSim 4.1.app/Contents/Resources/OpenSim/sdk/lib/libosimLepton.dylib
0x000000013ea70000 	/Applications/OpenSim 4.1/OpenSim 4.1.app/Contents/Resources/OpenSim/sdk/Simbody/lib/libSimTKsimbody.3.8.dylib
0x000000013eee5000 	/Applications/OpenSim 4.1/OpenSim 4.1.app/Contents/Resources/OpenSim/sdk/Simbody/lib/libSimTKmath.3.8.dylib
0x000000013f29d000 	/Applications/OpenSim 4.1/OpenSim 4.1.app/Contents/Resources/OpenSim/sdk/Simbody/lib/libSimTKcommon.3.8.dylib
0x000000013f634000 	/Applications/OpenSim 4.1/OpenSim 4.1.app/Contents/Resources/OpenSim/sdk/lib/libBTKCommon.0.4dev.dylib
0x000000013f828000 	/Applications/OpenSim 4.1/OpenSim 4.1.app/Contents/Resources/OpenSim/sdk/lib/libBTKBasicFilters.0.4dev.dylib
0x000000013f8a5000 	/Applications/OpenSim 4.1/OpenSim 4.1.app/Contents/Resources/OpenSim/sdk/lib/libBTKIO.0.4dev.dylib
0x0000000156589000 	/Applications/OpenSim 4.1/OpenSim 4.1.app/Contents/Resources/OpenSim/jre/lib/libosx.dylib
0x000000016252b000 	/private/var/folders/ly/8_3p4jyj2p73_xdsmx8kmktm0000gn/T/jxbrowser-chromium-55.0.2883.87.6.14.2/data/Temp/libjxbrowser-common64-4d17e307-f18f-42a8-a94b-e52b07c27b9c.dylib
0x000000016253b000 	/private/var/folders/ly/8_3p4jyj2p73_xdsmx8kmktm0000gn/T/jxbrowser-chromium-55.0.2883.87.6.14.2/jxbrowser-chromium.app/Contents/Frameworks/JxBrowser.framework/Libraries/libjxbrowser-chromium.dylib
0x00000000024ba000 	/System/Library/Frameworks/Quartz.framework/Versions/A/Quartz
0x00000000024ba000 	/System/Library/Frameworks/AVFoundation.framework/Versions/A/AVFoundation
0x00000000024ba000 	/System/Library/Frameworks/AddressBook.framework/Versions/A/AddressBook
0x00000000024ba000 	/System/Library/Frameworks/ImageCaptureCore.framework/Versions/A/ImageCaptureCore
0x00000000024ba000 	/System/Library/Frameworks/SecurityInterface.framework/Versions/A/SecurityInterface
0x00000000024ba000 	/System/Library/Frameworks/CoreMIDI.framework/Versions/A/CoreMIDI
0x00000000024ba000 	/System/Library/Frameworks/GameController.framework/Versions/A/GameController
0x00000000024ba000 	/System/Library/Frameworks/Quartz.framework/Versions/A/Frameworks/QuartzComposer.framework/Versions/A/QuartzComposer
0x00000000024ba000 	/System/Library/Frameworks/PDFKit.framework/Versions/A/PDFKit
0x00000000024ba000 	/System/Library/Frameworks/Quartz.framework/Versions/A/Frameworks/QuartzFilters.framework/Versions/A/QuartzFilters
0x00000000024ba000 	/System/Library/Frameworks/Quartz.framework/Versions/A/Frameworks/ImageKit.framework/Versions/A/ImageKit
0x00000000024ba000 	/System/Library/Frameworks/Quartz.framework/Versions/A/Frameworks/QuickLookUI.framework/Versions/A/QuickLookUI
0x00000000024ba000 	/System/Library/Frameworks/JavaScriptCore.framework/Versions/A/JavaScriptCore
0x00000000024ba000 	/System/Library/PrivateFrameworks/CorePDF.framework/Versions/A/CorePDF
0x00000000024ba000 	/System/Library/PrivateFrameworks/URLFormatting.framework/Versions/A/URLFormatting
0x00000000024ba000 	/System/Library/Frameworks/QuickLook.framework/Versions/A/QuickLook
0x00000000024ba000 	/System/Library/PrivateFrameworks/DisplayServices.framework/Versions/A/DisplayServices
0x00000000024ba000 	/System/Library/PrivateFrameworks/QuickLookSupport.framework/Versions/A/QuickLookSupport
0x00000000024ba000 	/System/Library/Frameworks/QuickLookThumbnailing.framework/Versions/A/QuickLookThumbnailing
0x00000000024ba000 	/System/Library/Frameworks/AVFoundation.framework/Versions/A/Frameworks/AVFAudio.framework/Versions/A/AVFAudio
0x00000000024ba000 	/System/Library/Frameworks/CoreMediaIO.framework/Versions/A/CoreMediaIO
0x00000000024ba000 	/usr/lib/libAudioStatistics.dylib
0x00000000024ba000 	/System/Library/PrivateFrameworks/perfdata.framework/Versions/A/perfdata
0x00000000024ba000 	/usr/lib/libperfcheck.dylib
0x00000000024ba000 	/usr/lib/libSMC.dylib
0x00000000024ba000 	/System/Library/PrivateFrameworks/CoreBrightness.framework/Versions/A/CoreBrightness
0x00000000024ba000 	/System/Library/PrivateFrameworks/HID.framework/Versions/A/HID
0x00000000024ba000 	/System/Library/Frameworks/SafariServices.framework/Versions/A/SafariServices
0x00000000024ba000 	/System/Library/PrivateFrameworks/QuickLookNonBaseSystem.framework/Versions/A/QuickLookNonBaseSystem
0x00000000024ba000 	/System/Library/PrivateFrameworks/MarkupUI.framework/Versions/A/MarkupUI
0x00000000024ba000 	/System/Library/PrivateFrameworks/SidecarCore.framework/Versions/A/SidecarCore
0x00000000024ba000 	/System/Library/PrivateFrameworks/AnnotationKit.framework/Versions/A/AnnotationKit
0x00000000024ba000 	/System/Library/Frameworks/PencilKit.framework/Versions/A/PencilKit
0x00000000024ba000 	/System/Library/PrivateFrameworks/SidecarUI.framework/Versions/A/SidecarUI
0x00000000024ba000 	/System/Library/PrivateFrameworks/CoreHandwriting.framework/Versions/A/CoreHandwriting
0x00000000024ba000 	/System/Library/Frameworks/MetalKit.framework/Versions/A/MetalKit
0x00000000024ba000 	/System/Library/PrivateFrameworks/Montreal.framework/Versions/A/Montreal
0x00000000024ba000 	/System/Library/Frameworks/CoreML.framework/Versions/A/CoreML
0x00000000024ba000 	/System/Library/PrivateFrameworks/DuetActivityScheduler.framework/Versions/A/DuetActivityScheduler
0x00000000024ba000 	/System/Library/PrivateFrameworks/Espresso.framework/Versions/A/Espresso
0x00000000024ba000 	/System/Library/PrivateFrameworks/CoreDuet.framework/Versions/A/CoreDuet
0x00000000024ba000 	/System/Library/PrivateFrameworks/CoreDuetContext.framework/Versions/A/CoreDuetContext
0x00000000024ba000 	/System/Library/PrivateFrameworks/PowerLog.framework/Versions/A/PowerLog
0x00000000024ba000 	/System/Library/Frameworks/CoreTelephony.framework/Versions/A/CoreTelephony
0x00000000024ba000 	/System/Library/PrivateFrameworks/CoreDuetDebugLogging.framework/Versions/A/CoreDuetDebugLogging
0x00000000024ba000 	/System/Library/PrivateFrameworks/ApplePushService.framework/Versions/A/ApplePushService
0x00000000024ba000 	/System/Library/Frameworks/CloudKit.framework/Versions/A/CloudKit
0x00000000024ba000 	/System/Library/Frameworks/Intents.framework/Versions/A/Intents
0x00000000024ba000 	/System/Library/PrivateFrameworks/CoreDuetDaemonProtocol.framework/Versions/A/CoreDuetDaemonProtocol
0x00000000024ba000 	/System/Library/PrivateFrameworks/Rapport.framework/Versions/A/Rapport
0x00000000024ba000 	/usr/lib/libTelephonyUtilDynamic.dylib
0x00000000024ba000 	/System/Library/PrivateFrameworks/C2.framework/Versions/A/C2
0x00000000024ba000 	/System/Library/Frameworks/CoreLocation.framework/Versions/A/CoreLocation
0x00000000024ba000 	/System/Library/Frameworks/PushKit.framework/Versions/A/PushKit
0x00000000024ba000 	/System/Library/Frameworks/NetworkExtension.framework/Versions/A/NetworkExtension
0x00000000024ba000 	/usr/lib/libnetworkextension.dylib
0x00000000024ba000 	/System/Library/PrivateFrameworks/EAP8021X.framework/Versions/A/EAP8021X
0x00000000024ba000 	/System/Library/PrivateFrameworks/GeoServices.framework/Versions/A/GeoServices
0x00000000024ba000 	/System/Library/PrivateFrameworks/LocationSupport.framework/Versions/A/LocationSupport
0x00000000024ba000 	/System/Library/PrivateFrameworks/PlugInKit.framework/Versions/A/PlugInKit
0x00000000024ba000 	/System/Library/PrivateFrameworks/IntentsFoundation.framework/Versions/A/IntentsFoundation
0x00000000024ba000 	/System/Library/PrivateFrameworks/ContactsPersistence.framework/Versions/A/ContactsPersistence
0x00000000024ba000 	/System/Library/PrivateFrameworks/AddressBookCore.framework/Versions/A/AddressBookCore
0x00000000024ba000 	/System/Library/PrivateFrameworks/ContactsUICore.framework/Versions/A/ContactsUICore
0x00000000024ba000 	/System/Library/PrivateFrameworks/CalendarAgentLink.framework/Versions/A/CalendarAgentLink
0x00000000024ba000 	/System/Library/PrivateFrameworks/ContactsFoundation.framework/Versions/A/ContactsFoundation
0x00000000024ba000 	/System/Library/PrivateFrameworks/IntlPreferences.framework/Versions/A/IntlPreferences
0x00000000024ba000 	/System/Library/PrivateFrameworks/ToneKit.framework/Versions/A/ToneKit
0x00000000024ba000 	/System/Library/PrivateFrameworks/ToneLibrary.framework/Versions/A/ToneLibrary
0x00000000024ba000 	/System/Library/PrivateFrameworks/vCard.framework/Versions/A/vCard
0x00000000024ba000 	/System/Library/PrivateFrameworks/PhoneNumbers.framework/Versions/A/PhoneNumbers
0x00000000024ba000 	/System/Library/Frameworks/Contacts.framework/Versions/A/Contacts
0x00000000024ba000 	/System/Library/PrivateFrameworks/AppleLDAP.framework/Versions/A/AppleLDAP
0x00000000024ba000 	/System/Library/PrivateFrameworks/ClassKit.framework/Versions/A/ClassKit
0x00000000024ba000 	/System/Library/PrivateFrameworks/CoreSuggestions.framework/Versions/A/CoreSuggestions
0x00000000024ba000 	/System/Library/PrivateFrameworks/CloudDocs.framework/Versions/A/CloudDocs
0x00000000024ba000 	/System/Library/PrivateFrameworks/AppSupport.framework/Versions/A/AppSupport
0x00000000024ba000 	/System/Library/PrivateFrameworks/AppleAccount.framework/Versions/A/AppleAccount
0x00000000024ba000 	/System/Library/PrivateFrameworks/SpotlightIndex.framework/Versions/A/SpotlightIndex
0x00000000024ba000 	/System/Library/PrivateFrameworks/AppleIDSSOAuthentication.framework/Versions/A/AppleIDSSOAuthentication
0x00000000024ba000 	/System/Library/PrivateFrameworks/AccountsDaemon.framework/Versions/A/AccountsDaemon
0x00000000024ba000 	/System/Library/PrivateFrameworks/IDS.framework/Versions/A/IDS
0x00000000024ba000 	/System/Library/PrivateFrameworks/WirelessDiagnostics.framework/Versions/A/WirelessDiagnostics
0x00000000024ba000 	/System/Library/PrivateFrameworks/OAuth.framework/Versions/A/OAuth
0x00000000024ba000 	/System/Library/PrivateFrameworks/IMFoundation.framework/Versions/A/IMFoundation
0x00000000024ba000 	/System/Library/PrivateFrameworks/Marco.framework/Versions/A/Marco
0x00000000024ba000 	/System/Library/PrivateFrameworks/IDSFoundation.framework/Versions/A/IDSFoundation
0x00000000024ba000 	/System/Library/PrivateFrameworks/Engram.framework/Versions/A/Engram
0x00000000024ba000 	/usr/lib/libtidy.A.dylib
0x00000000024ba000 	/System/Library/PrivateFrameworks/WirelessDiagnostics.framework/Versions/A/Libraries/libAWDSupportFramework.dylib
0x00000000024ba000 	/System/Library/PrivateFrameworks/WirelessDiagnostics.framework/Versions/A/Libraries/libAWDSupport.dylib
0x00000000024ba000 	/System/Library/PrivateFrameworks/WirelessDiagnostics.framework/Versions/A/Libraries/libprotobuf-lite.dylib
0x00000000024ba000 	/System/Library/PrivateFrameworks/WirelessDiagnostics.framework/Versions/A/Libraries/libprotobuf.dylib
0x00000000024ba000 	/System/Library/Frameworks/CoreSpotlight.framework/Versions/A/CoreSpotlight
0x00000000024ba000 	/System/Library/PrivateFrameworks/ProactiveEventTracker.framework/Versions/A/ProactiveEventTracker
0x00000000024ba000 	/System/Library/PrivateFrameworks/ProactiveSupport.framework/Versions/A/ProactiveSupport
0x00000000024ba000 	/System/Library/PrivateFrameworks/DataDetectorsNaturalLanguage.framework/Versions/A/DataDetectorsNaturalLanguage
0x00000000024ba000 	/System/Library/PrivateFrameworks/InternationalTextSearch.framework/Versions/A/InternationalTextSearch
0x00000000024ba000 	/System/Library/Frameworks/EventKit.framework/Versions/A/EventKit
0x00000000024ba000 	/System/Library/PrivateFrameworks/ResponseKit.framework/Versions/A/ResponseKit
0x00000000024ba000 	/System/Library/PrivateFrameworks/CalDAV.framework/Versions/A/CalDAV
0x00000000024ba000 	/System/Library/PrivateFrameworks/CalendarFoundation.framework/Versions/A/CalendarFoundation
0x00000000024ba000 	/System/Library/PrivateFrameworks/CalendarPersistence.framework/Versions/A/CalendarPersistence
0x00000000024ba000 	/System/Library/PrivateFrameworks/ExchangeWebServices.framework/Versions/A/ExchangeWebServices
0x00000000024ba000 	/System/Library/PrivateFrameworks/iCalendar.framework/Versions/A/iCalendar
0x00000000024ba000 	/System/Library/PrivateFrameworks/CoreDAV.framework/Versions/A/CoreDAV
0x00000000024ba000 	/System/Library/PrivateFrameworks/PersonaKit.framework/Versions/A/PersonaKit
0x00000000024ba000 	/System/Library/PrivateFrameworks/ContactsAutocomplete.framework/Versions/A/ContactsAutocomplete
0x00000000024ba000 	/System/Library/PrivateFrameworks/CoreRecents.framework/Versions/A/CoreRecents
0x00000000024ba000 	/System/Library/PrivateFrameworks/KerberosHelper.framework/Versions/A/KerberosHelper
0x00000000024ba000 	/System/Library/PrivateFrameworks/NLP.framework/Versions/A/NLP
0x00000000024ba000 	/System/Library/PrivateFrameworks/FamilyCircle.framework/Versions/A/FamilyCircle
0x00000000024ba000 	/System/Library/PrivateFrameworks/CoreFollowUp.framework/Versions/A/CoreFollowUp
0x00000000024ba000 	/System/Library/Frameworks/WebKit.framework/Versions/A/WebKit
0x00000000024ba000 	/System/Library/Frameworks/WebKit.framework/Versions/A/Frameworks/WebKitLegacy.framework/Versions/A/WebKitLegacy
0x00000000024ba000 	/System/Library/Frameworks/WebKit.framework/Versions/A/Frameworks/WebCore.framework/Versions/A/WebCore
0x00000000024ba000 	/usr/lib/libAccessibility.dylib
0x00000000024ba000 	/System/Library/PrivateFrameworks/CorePrediction.framework/Versions/A/CorePrediction
0x00000000024ba000 	/System/Library/PrivateFrameworks/DeviceIdentity.framework/Versions/A/DeviceIdentity
0x00000000024ba000 	/System/Library/Frameworks/WebKit.framework/Versions/A/Frameworks/WebCore.framework/Versions/A/Frameworks/libwebrtc.dylib
0x00000000024ba000 	/System/Library/PrivateFrameworks/SafariSafeBrowsing.framework/Versions/A/SafariSafeBrowsing
0x00000000024ba000 	/System/Library/PrivateFrameworks/WebInspectorUI.framework/Versions/A/WebInspectorUI
0x00000000024ba000 	/System/Library/PrivateFrameworks/AXCoreUtilities.framework/Versions/A/AXCoreUtilities
0x00000000024ba000 	/System/Library/PrivateFrameworks/GraphicsServices.framework/Versions/A/GraphicsServices
0x00000000024ba000 	/System/Library/PrivateFrameworks/CoreOptimization.framework/Versions/A/CoreOptimization
0x00000000024ba000 	/System/Library/PrivateFrameworks/RemoteServiceDiscovery.framework/Versions/A/RemoteServiceDiscovery
0x00000000024ba000 	/System/Library/PrivateFrameworks/RemoteXPC.framework/Versions/A/RemoteXPC
0x00000000024ba000 	/usr/lib/libusrtcp.dylib
0x0000000171b5c000 	/System/Library/Frameworks/CoreMediaIO.framework/Resources/AppleCamera.plugin/Contents/MacOS/AppleCamera
0x0000000171b86000 	/System/Library/Frameworks/CoreMediaIO.framework/Resources/VDC.plugin/Contents/MacOS/VDC
0x000000017223e000 	/Applications/OpenSim 4.1/OpenSim 4.1.app/Contents/Resources/OpenSim/jre/lib/libmanagement.dylib
0x00000000024ba000 	/usr/lib/libboringssl.dylib
0x00000001275dd000 	/Applications/OpenSim 4.1/OpenSim 4.1.app/Contents/Resources/OpenSim/jre/lib/libdcpr.dylib
0x000000012755f000 	/private/var/folders/ly/8_3p4jyj2p73_xdsmx8kmktm0000gn/T/jffi6021303088173625502.tmp
0x00000000024ba000 	/System/Library/PrivateFrameworks/Shortcut.framework/Versions/A/Shortcut
0x00000000024ba000 	/System/Library/PrivateFrameworks/HelpData.framework/Versions/A/HelpData

VM Arguments:
jvm_args: -Djdk.home=/Applications/OpenSim 4.1/OpenSim 4.1.app/Contents/Resources/OpenSim/jre -Dnetbeans.dirs=/Applications/OpenSim 4.1/OpenSim 4.1.app/Contents/Resources/OpenSim/OpenSim:/Applications/OpenSim 4.1/OpenSim 4.1.app/Contents/Resources/OpenSim/ide: -Dnetbeans.home=/Applications/OpenSim 4.1/OpenSim 4.1.app/Contents/Resources/OpenSim/platform -Xms24m -Xmx1024m -Djava.library.path=/Applications/OpenSim 4.1/OpenSim 4.1.app/Contents/MacOS/../Resources/OpenSim/bin/../sdk/lib -Dopensim.buildnumber=4.1 -DaddExports:java.desktop/com.apple.eawt=ALL-UNNAMED -DaddExports:java.desktop/sun.awt=ALL-UNNAMED -DaddExports:java.base/jdk.internal.jrtfs=ALL-UNNAMED -DaddExports:java.desktop/apple.laf=ALL-UNNAMED -DaddExports:java.desktop/java.awt.peer=ALL-UNNAMED -DaddExports:java.desktop/com.sun.beans.editors=ALL-UNNAMED -DaddExports:java.desktop/sun.awt.im=ALL-UNNAMED -DaddExports:java.management/sun.management=ALL-UNNAMED -XX:+HeapDumpOnOutOfMemoryError -XX:HeapDumpPath=/Users/rosswilkinson/Library/Application Support/OpenSim/4.1/var/log/heapdump.hprof 
java_command: org.netbeans.Main --cachedir /Users/rosswilkinson/Library/Application Support/OpenSim/4.1/var/cache --userdir /Users/rosswilkinson/Library/Application Support/OpenSim/4.1 --branding opensim
java_class_path (initial): /Applications/OpenSim 4.1/OpenSim 4.1.app/Contents/Resources/OpenSim/platform/lib/boot.jar:/Applications/OpenSim 4.1/OpenSim 4.1.app/Contents/Resources/OpenSim/platform/lib/org-openide-modules.jar:/Applications/OpenSim 4.1/OpenSim 4.1.app/Contents/Resources/OpenSim/platform/lib/org-openide-util-lookup.jar:/Applications/OpenSim 4.1/OpenSim 4.1.app/Contents/Resources/OpenSim/platform/lib/org-openide-util-ui.jar:/Applications/OpenSim 4.1/OpenSim 4.1.app/Contents/Resources/OpenSim/platform/lib/org-openide-util.jar:/Applications/OpenSim 4.1/OpenSim 4.1.app/Contents/Resources/OpenSim/platform/lib/locale/boot_ja.jar:/Applications/OpenSim 4.1/OpenSim 4.1.app/Contents/Resources/OpenSim/platform/lib/locale/boot_pt_BR.jar:/Applications/OpenSim 4.1/OpenSim 4.1.app/Contents/Resources/OpenSim/platform/lib/locale/boot_ru.jar:/Applications/OpenSim 4.1/OpenSim 4.1.app/Contents/Resources/OpenSim/platform/lib/locale/boot_zh_CN.jar:/Applications/OpenSim 4.1/OpenSim 4.1.app/Contents/Resources/OpenSim/platform/lib/locale/org-openide-modules_ja.jar:/Applications/OpenSim 4.1/OpenSim 4.1.app/Contents/Resources/OpenSim/platform/lib/locale/org-openide-modules_pt_BR.jar:/Applications/OpenSim 4.1/OpenSim 4.1.app/Contents/Resources/OpenSim/platform/lib/locale/org-openide-modules_ru.jar:/Applications/OpenSim 4.1/OpenSim 4.1.app/Contents/Resources/OpenSim/platform/lib/locale/org-openide-modules_zh_CN.jar:/Applications/OpenSim 4.1/OpenSim 4.1.app/Contents/Resources/OpenSim/platform/lib/locale/org-openide-util-lookup_ja.jar:/Applications/OpenSim 4.1/OpenSim 4.1.app/Contents/Resources/OpenSim/platform/lib/locale/org-openide-util-lookup_pt_BR.jar:/Applications/OpenSim 4.1/OpenSim 4.1.app/Contents/Resources/OpenSim/platform/lib/locale/org-openide-util-lookup_ru.jar:/Applications/OpenSim 4.1/OpenSim 4.1.app/Contents/Resources/OpenSim/platform/lib/locale/org-openide-util-lookup_zh_CN.jar:/Applications/OpenSim 4.1/OpenSim 4.1.app/Contents/Resources/OpenSim/platform/lib/locale/
Launcher Type: SUN_STANDARD

Environment Variables:
PATH=/usr/bin:/bin:/usr/sbin:/sbin
LD_LIBRARY_PATH=/Applications/OpenSim 4.1/OpenSim 4.1.app/Contents/MacOS/../Resources/OpenSim/bin/../jre/jre/lib/amd64:/Applications/OpenSim 4.1/OpenSim 4.1.app/Contents/MacOS/../Resources/OpenSim/bin/../jre/jre/lib/i386:
SHELL=/bin/zsh
DISPLAY=/private/tmp/com.apple.launchd.buD5aOd0Dt/org.macosforge.xquartz:0

Signal Handlers:
SIGSEGV: [libjvm.dylib+0x5b11a5], sa_mask[0]=11111111011111110111111111111111, sa_flags=SA_ONSTACK|SA_RESTART|SA_SIGINFO
SIGBUS: [libjvm.dylib+0x5b11a5], sa_mask[0]=11111111011111110111111111111111, sa_flags=SA_RESTART|SA_SIGINFO
SIGFPE: [libjvm.dylib+0x487dc0], sa_mask[0]=11111111011111110111111111111111, sa_flags=SA_RESTART|SA_SIGINFO
SIGPIPE: [libjvm.dylib+0x487dc0], sa_mask[0]=11111111011111110111111111111111, sa_flags=SA_RESTART|SA_SIGINFO
SIGXFSZ: [libjvm.dylib+0x487dc0], sa_mask[0]=11111111011111110111111111111111, sa_flags=SA_RESTART|SA_SIGINFO
SIGILL: [libjvm.dylib+0x487dc0], sa_mask[0]=11111111011111110111111111111111, sa_flags=SA_RESTART|SA_SIGINFO
SIGUSR1: SIG_DFL, sa_mask[0]=00000000000000000000000000000000, sa_flags=none
SIGUSR2: [libjvm.dylib+0x4878de], sa_mask[0]=00000000000000000000000000000000, sa_flags=SA_RESTART|SA_SIGINFO
SIGHUP: [libjvm.dylib+0x485eb5], sa_mask[0]=11111111011111110111111111111111, sa_flags=SA_RESTART|SA_SIGINFO
SIGINT: SIG_IGN, sa_mask[0]=00000000000000000000000000000000, sa_flags=none
SIGTERM: [libjvm.dylib+0x485eb5], sa_mask[0]=11111111011111110111111111111111, sa_flags=SA_RESTART|SA_SIGINFO
SIGQUIT: [libjvm.dylib+0x485eb5], sa_mask[0]=11111111011111110111111111111111, sa_flags=SA_RESTART|SA_SIGINFO


---------------  S Y S T E M  ---------------

OS:Bsduname:Darwin 19.6.0 Darwin Kernel Version 19.6.0: Mon Aug 31 22:12:52 PDT 2020; root:xnu-6153.141.2~1/RELEASE_X86_64 x86_64
rlimit: STACK 8192k, CORE 0k, NPROC 2784, NOFILE 10240, AS infinity
load average:8.92 8.78 8.30

CPU:total 4 (2 cores per cpu, 2 threads per core) family 6 model 61 stepping 4, cmov, cx8, fxsr, mmx, sse, sse2, sse3, ssse3, sse4.1, sse4.2, popcnt, avx, avx2, aes, clmul, erms, 3dnowpref, lzcnt, ht, tsc, tscinvbit, bmi1, bmi2, adx

Memory: 4k page, physical 16777216k(627488k free)

/proc/meminfo:


vm_info: Java HotSpot(TM) 64-Bit Server VM (25.112-b16) for bsd-amd64 JRE (1.8.0_112-b16), built on Sep 30 2016 22:41:41 by "java_re" with gcc 4.2.1 (Based on Apple Inc. build 5658) (LLVM build 2336.11.00)

time: Sat Oct 24 12:16:42 2020
elapsed time: 46 seconds (0d 0h 0m 46s)

